Log file open, 06/20/18 16:56:26
LogWindows: Failed to load 'aqProf.dll' (GetLastError=126)
LogWindows: File 'aqProf.dll' does not exist
LogWindows: Failed to load 'VtuneApi.dll' (GetLastError=126)
LogWindows: File 'VtuneApi.dll' does not exist
LogWindows: Failed to load 'VtuneApi32e.dll' (GetLastError=126)
LogWindows: File 'VtuneApi32e.dll' does not exist
LogInit: Display: Running engine for game: Movment2D
LogPlatformFile: Not using cached read wrapper
LogInit: Display: RandInit(-214127471) SRandInit(-214127471).
LogInit: Read version file with build ID '3944462'
LogInit: Overriding engine version to CL 4033788, compatible CL 3944462
LogInit: Registered custom module enumerator with build ID '3944462'
LogTaskGraph: Started task graph with 5 named threads and 14 total threads with 3 sets of task threads.
LogStats: Stats thread started at 2.752554
LogD3D11RHI: Aftermath initialized
LogICUInternationalization: Display: ICU TimeZone Detection - Raw Offset: -3:00, Platform Override: ''
LogModuleManager: Display: Found up-to-date module file ../../../Engine/Plugins/2D/Paper2D/Binaries/Win64/UE4Editor-Paper2D.dll (API version 3944462).
LogModuleManager: Display: Found up-to-date module file ../../../Engine/Plugins/2D/Paper2D/Binaries/Win64/UE4Editor-Paper2DEditor.dll (API version 3944462).
LogModuleManager: Display: Found up-to-date module file ../../../Engine/Plugins/2D/Paper2D/Binaries/Win64/UE4Editor-PaperSpriteSheetImporter.dll (API version 3944462).
LogModuleManager: Display: Found up-to-date module file ../../../Engine/Plugins/2D/Paper2D/Binaries/Win64/UE4Editor-PaperTiledImporter.dll (API version 3944462).
LogModuleManager: Display: Found up-to-date module file ../../../Engine/Plugins/2D/Paper2D/Binaries/Win64/UE4Editor-SmartSnapping.dll (API version 3944462).
LogModuleManager: Display: Found up-to-date module file ../../../Engine/Plugins/Blendables/LightPropagationVolume/Binaries/Win64/UE4Editor-LightPropagationVolumeRuntime.dll (API version 3944462).
LogModuleManager: Display: Found up-to-date module file ../../../Engine/Plugins/Blendables/LightPropagationVolume/Binaries/Win64/UE4Editor-LightPropagationVolumeEditor.dll (API version 3944462).
LogModuleManager: Display: Found up-to-date module file ../../../Engine/Plugins/Developer/CLionSourceCodeAccess/Binaries/Win64/UE4Editor-CLionSourceCodeAccess.dll (API version 3944462).
LogModuleManager: Display: Found up-to-date module file ../../../Engine/Plugins/Developer/GitSourceControl/Binaries/Win64/UE4Editor-GitSourceControl.dll (API version 3944462).
LogModuleManager: Display: Found up-to-date module file ../../../Engine/Plugins/Developer/PerforceSourceControl/Binaries/Win64/UE4Editor-PerforceSourceControl.dll (API version 3944462).
LogModuleManager: Display: Found up-to-date module file ../../../Engine/Plugins/Developer/SubversionSourceControl/Binaries/Win64/UE4Editor-SubversionSourceControl.dll (API version 3944462).
LogModuleManager: Display: Found up-to-date module file ../../../Engine/Plugins/Developer/UObjectPlugin/Binaries/Win64/UE4Editor-UObjectPlugin.dll (API version 3944462).
LogModuleManager: Display: Found up-to-date module file ../../../Engine/Plugins/Developer/VisualStudioCodeSourceCodeAccess/Binaries/Win64/UE4Editor-VisualStudioCodeSourceCodeAccess.dll (API version 3944462).
LogModuleManager: Display: Found up-to-date module file ../../../Engine/Plugins/Developer/VisualStudioSourceCodeAccess/Binaries/Win64/UE4Editor-VisualStudioSourceCodeAccess.dll (API version 3944462).
LogModuleManager: Display: Found up-to-date module file ../../../Engine/Plugins/Editor/AssetManagerEditor/Binaries/Win64/UE4Editor-AssetManagerEditor.dll (API version 3944462).
LogModuleManager: Display: Found up-to-date module file ../../../Engine/Plugins/Editor/CryptoKeys/Binaries/Win64/UE4Editor-CryptoKeys.dll (API version 3944462).
LogModuleManager: Display: Found up-to-date module file ../../../Engine/Plugins/Editor/CryptoKeys/Binaries/Win64/UE4Editor-CryptoKeysOpenSSL.dll (API version 3944462).
LogModuleManager: Display: Found up-to-date module file ../../../Engine/Plugins/Editor/DataValidation/Binaries/Win64/UE4Editor-DataValidation.dll (API version 3944462).
LogModuleManager: Display: Found up-to-date module file ../../../Engine/Plugins/Editor/FacialAnimation/Binaries/Win64/UE4Editor-FacialAnimation.dll (API version 3944462).
LogModuleManager: Display: Found up-to-date module file ../../../Engine/Plugins/Editor/FacialAnimation/Binaries/Win64/UE4Editor-FacialAnimationEditor.dll (API version 3944462).
LogModuleManager: Display: Found up-to-date module file ../../../Engine/Plugins/Editor/GameplayTagsEditor/Binaries/Win64/UE4Editor-GameplayTagsEditor.dll (API version 3944462).
LogModuleManager: Display: Found up-to-date module file ../../../Engine/Plugins/Editor/MobileLauncherProfileWizard/Binaries/Win64/UE4Editor-MobileLauncherProfileWizard.dll (API version 3944462).
LogModuleManager: Display: Found up-to-date module file ../../../Engine/Plugins/Editor/PluginBrowser/Binaries/Win64/UE4Editor-PluginBrowser.dll (API version 3944462).
LogModuleManager: Display: Found up-to-date module file ../../../Engine/Plugins/Editor/SpeedTreeImporter/Binaries/Win64/UE4Editor-SpeedTreeImporter.dll (API version 3944462).
LogModuleManager: Display: Found up-to-date module file ../../../Engine/Plugins/Enterprise/DatasmithContent/Binaries/Win64/UE4Editor-DatasmithContent.dll (API version 3944462).
LogModuleManager: Display: Found up-to-date module file ../../../Engine/Plugins/Experimental/AlembicImporter/Binaries/Win64/UE4Editor-AlembicImporter.dll (API version 3944462).
LogModuleManager: Display: Found up-to-date module file ../../../Engine/Plugins/Experimental/AlembicImporter/Binaries/Win64/UE4Editor-AlembicLibrary.dll (API version 3944462).
LogModuleManager: Display: Found up-to-date module file ../../../Engine/Plugins/Experimental/CharacterAI/Binaries/Win64/UE4Editor-CharacterAI.dll (API version 3944462).
LogModuleManager: Display: Found up-to-date module file ../../../Engine/Plugins/Experimental/HTML5Networking/Binaries/Win64/UE4Editor-HTML5Networking.dll (API version 3944462).
LogModuleManager: Display: Found up-to-date module file ../../../Engine/Plugins/Media/AndroidMedia/Binaries/Win64/UE4Editor-AndroidMediaEditor.dll (API version 3944462).
LogModuleManager: Display: Found up-to-date module file ../../../Engine/Plugins/Media/AndroidMedia/Binaries/Win64/UE4Editor-AndroidMediaFactory.dll (API version 3944462).
LogModuleManager: Display: Found up-to-date module file ../../../Engine/Plugins/Media/AvfMedia/Binaries/Win64/UE4Editor-AvfMediaEditor.dll (API version 3944462).
LogModuleManager: Display: Found up-to-date module file ../../../Engine/Plugins/Media/AvfMedia/Binaries/Win64/UE4Editor-AvfMediaFactory.dll (API version 3944462).
LogModuleManager: Display: Found up-to-date module file ../../../Engine/Plugins/Media/AvfMedia/Binaries/Win64/UE4Editor-AvfMediaFactory.dll (API version 3944462).
LogModuleManager: Display: Found up-to-date module file ../../../Engine/Plugins/Media/ImgMedia/Binaries/Win64/UE4Editor-ImgMedia.dll (API version 3944462).
LogModuleManager: Display: Found up-to-date module file ../../../Engine/Plugins/Media/ImgMedia/Binaries/Win64/UE4Editor-ImgMediaEditor.dll (API version 3944462).
LogModuleManager: Display: Found up-to-date module file ../../../Engine/Plugins/Media/ImgMedia/Binaries/Win64/UE4Editor-ImgMediaFactory.dll (API version 3944462).
LogModuleManager: Display: Found up-to-date module file ../../../Engine/Plugins/Media/ImgMedia/Binaries/Win64/UE4Editor-ImgMediaFactory.dll (API version 3944462).
LogModuleManager: Display: Found up-to-date module file ../../../Engine/Plugins/Media/ImgMedia/Binaries/Win64/UE4Editor-OpenExrWrapper.dll (API version 3944462).
LogModuleManager: Display: Found up-to-date module file ../../../Engine/Plugins/Media/LinearTimecode/Binaries/Win64/UE4Editor-LinearTimecode.dll (API version 3944462).
LogModuleManager: Display: Found up-to-date module file ../../../Engine/Plugins/Media/MediaCompositing/Binaries/Win64/UE4Editor-MediaCompositing.dll (API version 3944462).
LogModuleManager: Display: Found up-to-date module file ../../../Engine/Plugins/Media/MediaCompositing/Binaries/Win64/UE4Editor-MediaCompositingEditor.dll (API version 3944462).
LogModuleManager: Display: Found up-to-date module file ../../../Engine/Plugins/Media/MediaPlayerEditor/Binaries/Win64/UE4Editor-MediaPlayerEditor.dll (API version 3944462).
LogModuleManager: Display: Found up-to-date module file ../../../Engine/Plugins/Media/WmfMedia/Binaries/Win64/UE4Editor-WmfMedia.dll (API version 3944462).
LogModuleManager: Display: Found up-to-date module file ../../../Engine/Plugins/Media/WmfMedia/Binaries/Win64/UE4Editor-WmfMediaEditor.dll (API version 3944462).
LogModuleManager: Display: Found up-to-date module file ../../../Engine/Plugins/Media/WmfMedia/Binaries/Win64/UE4Editor-WmfMediaFactory.dll (API version 3944462).
LogModuleManager: Display: Found up-to-date module file ../../../Engine/Plugins/Media/WmfMedia/Binaries/Win64/UE4Editor-WmfMediaFactory.dll (API version 3944462).
LogModuleManager: Display: Found up-to-date module file ../../../Engine/Plugins/Messaging/TcpMessaging/Binaries/Win64/UE4Editor-TcpMessaging.dll (API version 3944462).
LogModuleManager: Display: Found up-to-date module file ../../../Engine/Plugins/Messaging/UdpMessaging/Binaries/Win64/UE4Editor-UdpMessaging.dll (API version 3944462).
LogModuleManager: Display: Found up-to-date module file ../../../Engine/Plugins/MovieScene/ActorSequence/Binaries/Win64/UE4Editor-ActorSequence.dll (API version 3944462).
LogModuleManager: Display: Found up-to-date module file ../../../Engine/Plugins/MovieScene/LevelSequenceEditor/Binaries/Win64/UE4Editor-LevelSequenceEditor.dll (API version 3944462).
LogModuleManager: Display: Found up-to-date module file ../../../Engine/Plugins/MovieScene/MatineeToLevelSequence/Binaries/Win64/UE4Editor-MatineeToLevelSequence.dll (API version 3944462).
LogModuleManager: Display: Found up-to-date module file ../../../Engine/Plugins/NetcodeUnitTest/NetcodeUnitTest/Binaries/Win64/UE4Editor-NetcodeUnitTest.dll (API version 3944462).
LogModuleManager: Display: Found up-to-date module file ../../../Engine/Plugins/NetcodeUnitTest/NUTUnrealEngine4/Binaries/Win64/UE4Editor-NUTUnrealEngine4.dll (API version 3944462).
LogModuleManager: Display: Found up-to-date module file ../../../Engine/Plugins/Online/OnlineSubsystem/Binaries/Win64/UE4Editor-OnlineSubsystem.dll (API version 3944462).
LogModuleManager: Display: Found up-to-date module file ../../../Engine/Plugins/Runtime/AndroidPermission/Binaries/Win64/UE4Editor-AndroidPermission.dll (API version 3944462).
LogModuleManager: Display: Found up-to-date module file ../../../Engine/Plugins/Online/OnlineSubsystemNull/Binaries/Win64/UE4Editor-OnlineSubsystemNull.dll (API version 3944462).
LogModuleManager: Display: Found up-to-date module file ../../../Engine/Plugins/Online/OnlineSubsystemUtils/Binaries/Win64/UE4Editor-OnlineSubsystemUtils.dll (API version 3944462).
LogModuleManager: Display: Found up-to-date module file ../../../Engine/Plugins/Online/OnlineSubsystemUtils/Binaries/Win64/UE4Editor-OnlineBlueprintSupport.dll (API version 3944462).
LogModuleManager: Display: Found up-to-date module file ../../../Engine/Plugins/Runtime/AndroidDeviceProfileSelector/Binaries/Win64/UE4Editor-AndroidDeviceProfileSelector.dll (API version 3944462).
LogModuleManager: Display: Found up-to-date module file ../../../Engine/Plugins/Runtime/AppleARKit/Binaries/Win64/UE4Editor-AppleARKit.dll (API version 3944462).
LogModuleManager: Display: Found up-to-date module file ../../../Engine/Plugins/Runtime/ProceduralMeshComponent/Binaries/Win64/UE4Editor-ProceduralMeshComponent.dll (API version 3944462).
LogModuleManager: Display: Found up-to-date module file ../../../Engine/Plugins/Runtime/ProceduralMeshComponent/Binaries/Win64/UE4Editor-ProceduralMeshComponentEditor.dll (API version 3944462).
LogModuleManager: Display: Found up-to-date module file ../../../Engine/Plugins/Animation/LiveLink/Binaries/Win64/UE4Editor-LiveLink.dll (API version 3944462).
LogModuleManager: Display: Found up-to-date module file ../../../Engine/Plugins/Animation/LiveLink/Binaries/Win64/UE4Editor-LiveLinkEditor.dll (API version 3944462).
LogModuleManager: Display: Found up-to-date module file ../../../Engine/Plugins/Runtime/ArchVisCharacter/Binaries/Win64/UE4Editor-ArchVisCharacter.dll (API version 3944462).
LogModuleManager: Display: Found up-to-date module file ../../../Engine/Plugins/Runtime/AudioCapture/Binaries/Win64/UE4Editor-AudioCapture.dll (API version 3944462).
LogModuleManager: Display: Found up-to-date module file ../../../Engine/Plugins/Runtime/AudioCapture/Binaries/Win64/UE4Editor-AudioCaptureEditor.dll (API version 3944462).
LogModuleManager: Display: Found up-to-date module file ../../../Engine/Plugins/Runtime/CableComponent/Binaries/Win64/UE4Editor-CableComponent.dll (API version 3944462).
LogModuleManager: Display: Found up-to-date module file ../../../Engine/Plugins/Runtime/CustomMeshComponent/Binaries/Win64/UE4Editor-CustomMeshComponent.dll (API version 3944462).
LogModuleManager: Display: Found up-to-date module file ../../../Engine/Plugins/Runtime/ExampleDeviceProfileSelector/Binaries/Win64/UE4Editor-ExampleDeviceProfileSelector.dll (API version 3944462).
LogModuleManager: Display: Found up-to-date module file ../../../Engine/Plugins/Runtime/ImmediatePhysics/Binaries/Win64/UE4Editor-ImmediatePhysics.dll (API version 3944462).
LogModuleManager: Display: Found up-to-date module file ../../../Engine/Plugins/Runtime/ImmediatePhysics/Binaries/Win64/UE4Editor-ImmediatePhysicsEditor.dll (API version 3944462).
LogModuleManager: Display: Found up-to-date module file ../../../Engine/Plugins/Runtime/LocationServicesBPLibrary/Binaries/Win64/UE4Editor-LocationServicesBPLibrary.dll (API version 3944462).
LogModuleManager: Display: Found up-to-date module file ../../../Engine/Plugins/Runtime/MobilePatchingUtils/Binaries/Win64/UE4Editor-MobilePatchingUtils.dll (API version 3944462).
LogModuleManager: Display: Found up-to-date module file ../../../Engine/Plugins/Runtime/Oculus/OculusVR/Binaries/Win64/UE4Editor-OculusHMD.dll (API version 3944462).
LogModuleManager: Display: Found up-to-date module file ../../../Engine/Plugins/Runtime/Oculus/OculusVR/Binaries/Win64/UE4Editor-OculusInput.dll (API version 3944462).
LogModuleManager: Display: Found up-to-date module file ../../../Engine/Plugins/Runtime/Oculus/OculusVR/Binaries/Win64/UE4Editor-OculusEditor.dll (API version 3944462).
LogModuleManager: Display: Found up-to-date module file ../../../Engine/Plugins/Runtime/PhysXVehicles/Binaries/Win64/UE4Editor-PhysXVehicles.dll (API version 3944462).
LogModuleManager: Display: Found up-to-date module file ../../../Engine/Plugins/Runtime/PhysXVehicles/Binaries/Win64/UE4Editor-PhysXVehiclesEditor.dll (API version 3944462).
LogModuleManager: Display: Found up-to-date module file ../../../Engine/Plugins/Runtime/RuntimePhysXCooking/Binaries/Win64/UE4Editor-RuntimePhysXCooking.dll (API version 3944462).
LogModuleManager: Display: Found up-to-date module file ../../../Engine/Plugins/Runtime/Steam/SteamVR/Binaries/Win64/UE4Editor-SteamVR.dll (API version 3944462).
LogModuleManager: Display: Found up-to-date module file ../../../Engine/Plugins/Runtime/Steam/SteamVR/Binaries/Win64/UE4Editor-SteamVRController.dll (API version 3944462).
LogModuleManager: Display: Found up-to-date module file ../../../Engine/Plugins/Runtime/WindowsMoviePlayer/Binaries/Win64/UE4Editor-WindowsMoviePlayer.dll (API version 3944462).
LogPluginManager: Mounting plugin Paper2D
LogPluginManager: Mounting plugin LiveLink
LogPluginManager: Mounting plugin LightPropagationVolume
LogPluginManager: Mounting plugin CLionSourceCodeAccess
LogPluginManager: Mounting plugin CodeLiteSourceCodeAccess
LogPluginManager: Mounting plugin GitSourceControl
LogPluginManager: Mounting plugin KDevelopSourceCodeAccess
LogPluginManager: Mounting plugin NullSourceCodeAccess
LogPluginManager: Mounting plugin PerforceSourceControl
LogPluginManager: Mounting plugin SubversionSourceControl
LogPluginManager: Mounting plugin UObjectPlugin
LogPluginManager: Mounting plugin VisualStudioCodeSourceCodeAccess
LogPluginManager: Mounting plugin VisualStudioSourceCodeAccess
LogPluginManager: Mounting plugin XCodeSourceCodeAccess
LogPluginManager: Mounting plugin AssetManagerEditor
LogPluginManager: Mounting plugin CryptoKeys
LogPluginManager: Mounting plugin DataValidation
LogPluginManager: Mounting plugin FacialAnimation
LogPluginManager: Mounting plugin GameplayTagsEditor
LogPluginManager: Mounting plugin MobileLauncherProfileWizard
LogPluginManager: Mounting plugin PluginBrowser
LogPluginManager: Mounting plugin SpeedTreeImporter
LogPluginManager: Mounting plugin DatasmithContent
LogPluginManager: Mounting plugin AlembicImporter
LogPluginManager: Mounting plugin CharacterAI
LogPluginManager: Mounting plugin HTML5Networking
LogPluginManager: Mounting plugin AndroidMedia
LogPluginManager: Mounting plugin AvfMedia
LogPluginManager: Mounting plugin ImgMedia
LogPluginManager: Mounting plugin LinearTimecode
LogPluginManager: Mounting plugin MediaCompositing
LogPluginManager: Mounting plugin MediaPlayerEditor
LogPluginManager: Mounting plugin WmfMedia
LogPluginManager: Mounting plugin TcpMessaging
LogPluginManager: Mounting plugin UdpMessaging
LogPluginManager: Mounting plugin ActorSequence
LogPluginManager: Mounting plugin LevelSequenceEditor
LogPluginManager: Mounting plugin MatineeToLevelSequence
LogPluginManager: Mounting plugin NetcodeUnitTest
LogPluginManager: Mounting plugin NUTUnrealEngine4
LogPluginManager: Mounting plugin OnlineSubsystemGooglePlay
LogPluginManager: Mounting plugin OnlineSubsystemIOS
LogPluginManager: Mounting plugin OnlineSubsystem
LogPluginManager: Mounting plugin OnlineSubsystemNull
LogPluginManager: Mounting plugin OnlineSubsystemUtils
LogPluginManager: Mounting plugin AndroidDeviceProfileSelector
LogPluginManager: Mounting plugin AndroidMoviePlayer
LogPluginManager: Mounting plugin AndroidPermission
LogPluginManager: Mounting plugin AppleARKit
LogPluginManager: Mounting plugin AppleMoviePlayer
LogPluginManager: Mounting plugin ArchVisCharacter
LogPluginManager: Mounting plugin AudioCapture
LogPluginManager: Mounting plugin CableComponent
LogPluginManager: Mounting plugin CustomMeshComponent
LogPluginManager: Mounting plugin ExampleDeviceProfileSelector
LogPluginManager: Mounting plugin GoogleCloudMessaging
LogPluginManager: Mounting plugin ImmediatePhysics
LogPluginManager: Mounting plugin IOSDeviceProfileSelector
LogPluginManager: Mounting plugin LinuxDeviceProfileSelector
LogPluginManager: Mounting plugin LocationServicesBPLibrary
LogPluginManager: Mounting plugin MobilePatchingUtils
LogPluginManager: Mounting plugin OculusVR
LogPluginManager: Plugin shader directory ../../../Engine/Plugins/Runtime/Oculus/OculusVR/Shaders found
LogPluginManager: Mapping shader source directory ../../../Engine/Plugins/Runtime/Oculus/OculusVR/Shaders to virtual directory /Plugin/OculusVR
LogPluginManager: Mounting plugin PhysXVehicles
LogPluginManager: Mounting plugin ProceduralMeshComponent
LogPluginManager: Mounting plugin RuntimePhysXCooking
LogPluginManager: Mounting plugin SteamVR
LogPluginManager: Mounting plugin WindowsMoviePlayer
LogStreaming: Display: Took  2.242s to configure plugins.
LogInit: Using libcurl 7.47.1
LogInit:  - built for x86_64-pc-win32
LogInit:  - supports SSL with OpenSSL/1.0.2g
LogInit:  - supports HTTP deflate (compression) using libz 1.2.8
LogInit:  - other features:
LogInit:      CURL_VERSION_SSL
LogInit:      CURL_VERSION_LIBZ
LogInit:      CURL_VERSION_IPV6
LogInit:      CURL_VERSION_ASYNCHDNS
LogInit:      CURL_VERSION_LARGEFILE
LogInit:      CURL_VERSION_IDN
LogInit:  CurlRequestOptions (configurable via config and command line):
LogInit:  - bVerifyPeer = false  - Libcurl will NOT verify peer certificate
LogInit:  - bUseHttpProxy = false  - Libcurl will NOT use HTTP proxy
LogInit:  - bDontReuseConnections = false  - Libcurl will reuse connections
LogInit:  - CertBundlePath = nullptr  - Libcurl will use whatever was configured at build time.
LogInit:  - MaxHostConnections = 16  - Libcurl will limit the number of connections to a host
LogInit:  - LocalHostAddr = Default
LogInit: WinSock: version 1.1 (2.2), MaxSocks=32767, MaxUdp=65467
LogInit: WinSock: I am ERICK-HIGA-PC (192.168.0.100:0)
LogInit: Build: ++UE4+Release-4.19-CL-4033788
LogInit: Engine Version: 4.19.2-4033788+++UE4+Release-4.19
LogInit: Compatible Engine Version: 4.19.0-3944462+++UE4+Release-4.19
LogInit: Net CL: 3944462
LogDevObjectVersion: Number of dev versions registered: 18
LogDevObjectVersion:   Dev-Blueprints (B0D832E4-1F89-4F0D-ACCF-7EB736FD4AA2): 10
LogDevObjectVersion:   Dev-Build (E1C64328-A22C-4D53-A36C-8E866417BD8C): 0
LogDevObjectVersion:   Dev-Core (375EC13C-06E4-48FB-B500-84F0262A717E): 2
LogDevObjectVersion:   Dev-Editor (E4B068ED-F494-42E9-A231-DA0B2E46BB41): 23
LogDevObjectVersion:   Dev-Framework (CFFC743F-43B0-4480-9391-14DF171D2073): 33
LogDevObjectVersion:   Dev-Mobile (B02B49B5-BB20-44E9-A304-32B752E40360): 2
LogDevObjectVersion:   Dev-Networking (A4E4105C-59A1-49B5-A7C5-40C4547EDFEE): 0
LogDevObjectVersion:   Dev-Online (39C831C9-5AE6-47DC-9A44-9C173E1C8E7C): 0
LogDevObjectVersion:   Dev-Physics (78F01B33-EBEA-4F98-B9B4-84EACCB95AA2): 0
LogDevObjectVersion:   Dev-Platform (6631380F-2D4D-43E0-8009-CF276956A95A): 0
LogDevObjectVersion:   Dev-Rendering (12F88B9F-8875-4AFC-A67C-D90C383ABD29): 25
LogDevObjectVersion:   Dev-Sequencer (7B5AE74C-D270-4C10-A958-57980B212A5A): 6
LogDevObjectVersion:   Dev-VR (D7296918-1DD6-4BDD-9DE2-64A83CC13884): 1
LogDevObjectVersion:   Dev-LoadTimes (C2A15278-BFE7-4AFE-6C17-90FF531DF755): 1
LogDevObjectVersion:   Private-Geometry (6EACA3D4-40EC-4CC1-B786-8BED09428FC5): 2
LogDevObjectVersion:   Dev-AnimPhys (29E575DD-E0A3-4627-9D10-D276232CDCEA): 16
LogDevObjectVersion:   Dev-ReflectionCapture (6B266CEC-1EC7-4B8F-A30B-E4D90942FC07): 1
LogDevObjectVersion:   Dev-Automation (0DF73D61-A23F-47EA-B727-89E90C41499A): 1
LogInit: Compiled (64-bit): Apr 27 2018 02:06:57
LogInit: Compiled with Visual C++: 19.00.24215.01
LogInit: Build Configuration: Development
LogInit: Branch Name: ++UE4+Release-4.19
LogInit: Command Line:  
LogInit: Base Directory: G:/UE_4.19/Engine/Binaries/Win64/
LogInit: Installed Engine Build: 1
LogStreaming: Display: Took  0.001s to delete old logs.
LogInit: Presizing for max 8388607 objects, including 0 objects not considered by GC, pre-allocating 0 bytes for permanent pool.
LogInit: Object subsystem initialized
[2018.06.20-19.56.30:084][  0]LogInit: Selected Device Profile: [Windows]
[2018.06.20-19.56.30:084][  0]LogInit: Applying CVar settings loaded from the selected device profile: [Windows]
[2018.06.20-19.56.30:224][  0]LogInit: Computer: ERICK-HIGA-PC
[2018.06.20-19.56.30:224][  0]LogInit: User: user
[2018.06.20-19.56.30:224][  0]LogInit: CPU Page size=4096, Cores=4
[2018.06.20-19.56.30:224][  0]LogInit: High frequency timer resolution =3.117781 MHz
[2018.06.20-19.56.30:225][  0]LogMemory: Memory total: Physical=15.9GB (16GB approx)
[2018.06.20-19.56.30:225][  0]LogMemory: Platform Memory Stats for Windows
[2018.06.20-19.56.30:225][  0]LogMemory: Process Physical Memory: 273.14 MB used, 273.14 MB peak
[2018.06.20-19.56.30:225][  0]LogMemory: Process Virtual Memory: 261.91 MB used, 261.91 MB peak
[2018.06.20-19.56.30:225][  0]LogMemory: Physical Memory: 6257.50 MB used,  10031.99 MB free, 16289.49 MB total
[2018.06.20-19.56.30:225][  0]LogMemory: Virtual Memory: 632.13 MB used,  10031.99 MB free, 134217728.00 MB total
[2018.06.20-19.56.30:820][  0]LogInit: Overriding language with editor language configuration option (en).
[2018.06.20-19.56.30:820][  0]LogInit: Overriding locale with editor locale configuration option (en).
[2018.06.20-19.56.31:731][  0]LogStreaming: Display: Took  0.906s to EndInitTextLocalization.
[2018.06.20-19.56.31:749][  0]LogInit: Setting process to per monitor DPI aware
[2018.06.20-19.56.32:178][  0]LogSlate: New Slate User Created.  User Index 0, Is Virtual User: 0
[2018.06.20-19.56.32:178][  0]LogSlate: Slate User Registered.  User Index 0, Is Virtual User: 0
[2018.06.20-19.56.32:880][  0]LogD3D11RHI: D3D11 adapters:
[2018.06.20-19.56.32:924][  0]LogD3D11RHI:    0. 'AMD Radeon (TM) R9 380 Series' (Feature Level 11_0)
[2018.06.20-19.56.32:924][  0]LogD3D11RHI:       2023/0/8144 MB DedicatedVideo/DedicatedSystem/SharedSystem, Outputs:1, VendorId:0x1002
[2018.06.20-19.56.32:925][  0]LogD3D11RHI:    1. 'Microsoft Basic Render Driver' (Feature Level 11_0)
[2018.06.20-19.56.32:925][  0]LogD3D11RHI:       0/0/8144 MB DedicatedVideo/DedicatedSystem/SharedSystem, Outputs:0, VendorId:0x1414
[2018.06.20-19.56.32:925][  0]LogD3D11RHI: Chosen D3D11 Adapter: 0
[2018.06.20-19.56.32:934][  0]LogD3D11RHI: Creating new Direct3DDevice
[2018.06.20-19.56.32:934][  0]LogD3D11RHI:     GPU DeviceId: 0x6939 (for the marketing name, search the web for "GPU Device Id")
[2018.06.20-19.56.32:935][  0]LogWindows: EnumDisplayDevices:
[2018.06.20-19.56.32:935][  0]LogWindows:    0. 'AMD Radeon (TM) R9 380 Series' (P:1 D:1)
[2018.06.20-19.56.32:935][  0]LogWindows:    1. 'AMD Radeon (TM) R9 380 Series' (P:0 D:0)
[2018.06.20-19.56.32:935][  0]LogWindows:    2. 'AMD Radeon (TM) R9 380 Series' (P:0 D:0)
[2018.06.20-19.56.32:935][  0]LogWindows:    3. 'AMD Radeon (TM) R9 380 Series' (P:0 D:0)
[2018.06.20-19.56.32:936][  0]LogWindows:    4. 'AMD Radeon (TM) R9 380 Series' (P:0 D:0)
[2018.06.20-19.56.32:936][  0]LogWindows:    5. 'AMD Radeon (TM) R9 380 Series' (P:0 D:0)
[2018.06.20-19.56.32:936][  0]LogWindows: DebugString: FoundDriverCount:6 
[2018.06.20-19.56.32:936][  0]LogD3D11RHI:     Adapter Name: AMD Radeon (TM) R9 380 Series
[2018.06.20-19.56.32:936][  0]LogD3D11RHI:   Driver Version: Crimson ReLive 17.9.1 (internal:22.19.676.0, unified:22.19.676.0)
[2018.06.20-19.56.32:936][  0]LogD3D11RHI:      Driver Date: 9-5-2017
[2018.06.20-19.56.32:937][  0]LogRHI: Texture pool is 1416 MB (70% of 2023 MB)
[2018.06.20-19.56.32:993][  0]LogD3D11RHI: Async texture creation enabled
[2018.06.20-19.56.33:164][  0]LogD3D11RHI: GPU Timing Frequency: 27.000000 (Debug: 2 1)
[2018.06.20-19.56.33:205][  0]LogShaderCompilers: Guid format shader working directory is 17 characters bigger than the processId version (../../../../GitHub/Movment2D/Intermediate/Shaders/WorkingDirectory/1500/).
[2018.06.20-19.56.33:216][  0]LogShaderCompilers: Cleaned the shader compiler working directory 'C:/Users/user/AppData/Local/Temp/UnrealShaderWorkingDir/71F5419D4EC60B4816B04992A06D6F94/'.
[2018.06.20-19.56.34:213][  0]LogTemp: Display: Loaded TP AllDesktopTargetPlatform
[2018.06.20-19.56.34:256][  0]LogTemp: Display: Loaded TP MacClientTargetPlatform
[2018.06.20-19.56.34:279][  0]LogTemp: Display: Loaded TP MacNoEditorTargetPlatform
[2018.06.20-19.56.34:298][  0]LogTemp: Display: Loaded TP MacServerTargetPlatform
[2018.06.20-19.56.34:319][  0]LogTemp: Display: Loaded TP MacTargetPlatform
[2018.06.20-19.56.34:338][  0]LogTemp: Display: Loaded TP WindowsClientTargetPlatform
[2018.06.20-19.56.34:358][  0]LogTemp: Display: Loaded TP WindowsNoEditorTargetPlatform
[2018.06.20-19.56.34:373][  0]LogTemp: Display: Loaded TP WindowsServerTargetPlatform
[2018.06.20-19.56.34:382][  0]LogTemp: Display: Loaded TP WindowsTargetPlatform
[2018.06.20-19.56.34:400][  0]LogTemp: Display: Loaded TP Android_ASTCTargetPlatform
[2018.06.20-19.56.34:416][  0]LogTemp: Display: Loaded TP Android_ATCTargetPlatform
[2018.06.20-19.56.34:433][  0]LogTemp: Display: Loaded TP Android_DXTTargetPlatform
[2018.06.20-19.56.34:449][  0]LogTemp: Display: Loaded TP Android_ETC1aTargetPlatform
[2018.06.20-19.56.34:464][  0]LogTemp: Display: Loaded TP Android_ETC1TargetPlatform
[2018.06.20-19.56.34:480][  0]LogTemp: Display: Loaded TP Android_ETC2TargetPlatform
[2018.06.20-19.56.34:524][  0]LogTemp: Display: Loaded TP Android_MultiTargetPlatform
[2018.06.20-19.56.34:524][  0]LogTemp: Display: Loaded TP Android_PVRTCTargetPlatform
[2018.06.20-19.56.34:551][  0]LogTemp: Display: Loaded TP AndroidTargetPlatform
[2018.06.20-19.56.34:554][  0]LogTemp: Display: Loaded TP HTML5TargetPlatform
[2018.06.20-19.56.34:688][  0]LogTemp: Display: Loaded TP IOSTargetPlatform
[2018.06.20-19.56.34:709][  0]LogTemp: Display: Loaded TP TVOSTargetPlatform
[2018.06.20-19.56.34:725][  0]LogTemp: Display: Loaded TP LinuxClientTargetPlatform
[2018.06.20-19.56.34:741][  0]LogTemp: Display: Loaded TP LinuxNoEditorTargetPlatform
[2018.06.20-19.56.34:766][  0]LogTemp: Display: Loaded TP LinuxServerTargetPlatform
[2018.06.20-19.56.34:782][  0]LogTemp: Display: Loaded TP LinuxTargetPlatform
[2018.06.20-19.56.34:782][  0]LogTargetPlatformManager: Display: Building Assets For Windows
[2018.06.20-19.56.35:581][  0]LogXGEController: Cleaning working directory: C:/Users/user/AppData/Local/Temp/UnrealXGEWorkingDir/
[2018.06.20-19.56.35:581][  0]LogXGEController: Cannot use XGE Controller as Incredibuild is not installed on this machine.
[2018.06.20-19.56.35:593][  0]LogShaderCompilers: Cannot use XGE Shader Compiler as Incredibuild is not installed on this machine.
[2018.06.20-19.56.35:594][  0]LogShaderCompilers: Display: Using Local Shader Compiler.
[2018.06.20-19.56.38:531][  0]LogDerivedDataCache: Display: Max Cache Size: 512 MB
[2018.06.20-19.56.38:867][  0]LogDerivedDataCache: Loaded boot cache 0.34s 74MB C:/Users/user/AppData/Local/UnrealEngine/4.19/DerivedDataCache/Boot.ddc.
[2018.06.20-19.56.38:867][  0]LogDerivedDataCache: Display: Loaded Boot cache: C:/Users/user/AppData/Local/UnrealEngine/4.19/DerivedDataCache/Boot.ddc
[2018.06.20-19.56.38:868][  0]LogDerivedDataCache: FDerivedDataBackendGraph:  Pak pak cache file ../../../../GitHub/Movment2D/DerivedDataCache/DDC.ddp not found, will not use a pak cache.
[2018.06.20-19.56.38:868][  0]LogDerivedDataCache: Unable to find inner node Pak for hierarchical cache Hierarchy.
[2018.06.20-19.56.38:868][  0]LogDerivedDataCache: FDerivedDataBackendGraph:  CompressedPak pak cache file ../../../../GitHub/Movment2D/DerivedDataCache/Compressed.ddp not found, will not use a pak cache.
[2018.06.20-19.56.38:868][  0]LogDerivedDataCache: Unable to find inner node CompressedPak for hierarchical cache Hierarchy.
[2018.06.20-19.56.38:981][  0]LogDerivedDataCache: Display: Pak cache opened for reading ../../../Engine/DerivedDataCache/Compressed.ddp.
[2018.06.20-19.56.38:996][  0]LogDerivedDataCache: Using Local data cache path C:/Users/user/AppData/Local/UnrealEngine/Common/DerivedDataCache: Writable
[2018.06.20-19.56.38:996][  0]LogDerivedDataCache: Shared data cache path not found in *engine.ini, will not use an Shared cache.
[2018.06.20-19.56.38:996][  0]LogDerivedDataCache: Unable to find inner node Shared for hierarchical cache Hierarchy.
[2018.06.20-19.56.39:045][  0]LogMaterial: Verifying Global Shaders for PCD3D_SM5
[2018.06.20-19.56.39:080][  0]LogSlate: Using Freetype 2.6.0
[2018.06.20-19.56.39:135][  0]LogSlate: SlateFontCache - WITH_FREETYPE: 1, WITH_HARFBUZZ: 1
[2018.06.20-19.56.39:136][  0]LogSlate: SlateFontCache - WITH_FREETYPE: 1, WITH_HARFBUZZ: 1
[2018.06.20-19.56.41:783][  0]LogAssetRegistry: FAssetRegistry took 0.0405 seconds to start up
[2018.06.20-19.56.46:081][  0]LogInit: Selected Device Profile: [Windows]
[2018.06.20-19.56.48:562][  0]LogSimplygon: Simplygon DLL not present - disabling.
[2018.06.20-19.56.48:655][  0]LogMeshReduction: Using SimplygonSwarm for distributed automatic mesh merging
[2018.06.20-19.56.48:656][  0]LogMeshReduction: Using QuadricMeshReduction for automatic static mesh reduction
[2018.06.20-19.56.48:674][  0]LogMeshReduction: No automatic skeletal mesh reduction module available
[2018.06.20-19.56.48:674][  0]LogMeshReduction: No automatic mesh merging module available
[2018.06.20-19.56.48:674][  0]LogMeshMerging: No automatic mesh merging module available
[2018.06.20-19.56.49:322][  0]LogNetVersion: Movment2D , NetCL: 3944462, EngineNetVer: 2, GameNetVer: 0 (Checksum: 3326228246)
[2018.06.20-19.56.53:979][  0]LogPackageLocalizationCache: Processed 9 localized package path(s) for 1 prioritized culture(s) in 0.118099 seconds
[2018.06.20-19.56.54:005][  0]LogUObjectArray: 36728 objects as part of root set at end of initial load.
[2018.06.20-19.56.54:005][  0]LogUObjectAllocator: 7314304 out of 0 bytes used by permanent object pool.
[2018.06.20-19.56.54:005][  0]LogUObjectArray: CloseDisregardForGC: 0/0 objects in disregard for GC pool
[2018.06.20-19.57.18:468][  0]LogTcpMessaging: Initializing TcpMessaging bridge
[2018.06.20-19.57.18:525][  0]LogUdpMessaging: Initializing bridge on interface 0.0.0.0:0 to multicast group 230.0.0.1:6666.
[2018.06.20-19.57.19:432][  0]SourceControl: Source control is disabled
[2018.06.20-19.57.19:432][  0]SourceControl: Source control is disabled
[2018.06.20-19.57.19:528][  0]SourceControl: Source control is disabled
[2018.06.20-19.57.19:583][  0]SourceControl: Source control is disabled
[2018.06.20-19.57.20:942][  0]LogAndroidPermission: UAndroidPermissionCallbackProxy::GetInstance
[2018.06.20-19.57.21:186][  0]LogOcInput: OculusInput pre-init called
[2018.06.20-19.57.21:604][  0]LogEngine: Initializing Engine...
[2018.06.20-19.57.21:632][  0]LogHMD: Failed to initialize OpenVR with code 110
[2018.06.20-19.57.21:637][  0]LogStats: UGameplayTagsManager::ConstructGameplayTagTree: Construct from data asset -  0.000 s
[2018.06.20-19.57.21:637][  0]LogStats: UGameplayTagsManager::ConstructGameplayTagTree: GameplayTagTreeChangedEvent.Broadcast -  0.000 s
[2018.06.20-19.57.22:136][  0]LogAIModule: Creating AISystem for world Untitled
[2018.06.20-19.57.22:234][  0]LogInit: XAudio2 using '4 - M2380D (AMD High Definition Audio Device)' : 2 channels at 48 kHz using 16 bits per sample (channel mask 0x3)
[2018.06.20-19.57.22:259][  0]LogInit: FAudioDevice initialized.
[2018.06.20-19.57.22:341][  0]LogDerivedDataCache: Saved boot cache 0.08s 74MB C:/Users/user/AppData/Local/UnrealEngine/4.19/DerivedDataCache/Boot.ddc.
[2018.06.20-19.57.22:355][  0]LogInit: Texture streaming: Enabled
[2018.06.20-19.57.22:445][  0]LogEngineSessionManager: EngineSessionManager initialized
[2018.06.20-19.57.22:598][  0]LogInit: Transaction tracking system initialized
[2018.06.20-19.57.22:901][  0]BlueprintLog: New page: Editor Load
[2018.06.20-19.57.23:813][  0]LocalizationService: Localization service is disabled
[2018.06.20-19.57.24:322][  0]LogConsoleResponse: Display: 
[2018.06.20-19.57.25:688][  0]LogFileCache: Scanning file cache for directory 'G:/GitHub/Movment2D/Content/' took 0.02s
[2018.06.20-19.57.25:688][  0]LogCook: Display: Max memory allowance for cook 16384mb min free memory 0mb
[2018.06.20-19.57.25:688][  0]LogCook: Display: Mobile HDR setting 1
[2018.06.20-19.57.25:688][  0]LogGameplayTags: Display: UGameplayTagsManager::DoneAddingNativeTags. DelegateIsBound: 0
[2018.06.20-19.57.25:688][  0]LogStats: UGameplayTagsManager::ConstructGameplayTagTree: Construct from data asset -  0.000 s
[2018.06.20-19.57.25:689][  0]LogStats: UGameplayTagsManager::ConstructGameplayTagTree: GameplayTagTreeChangedEvent.Broadcast -  0.000 s
[2018.06.20-19.57.29:016][  0]SourceControl: Source control is disabled
[2018.06.20-19.57.29:056][  0]Cmd: MAP LOAD FILE="../../../../GitHub/Movment2D/Content/StarterContent/Maps/Minimal_Default.umap" TEMPLATE=0 SHOWPROGRESS=1 FEATURELEVEL=3
[2018.06.20-19.57.29:075][  0]LightingResults: New page: Lighting Build
[2018.06.20-19.57.29:164][  0]MapCheck: New page: Map Check
[2018.06.20-19.57.29:165][  0]LightingResults: New page: Lighting Build
[2018.06.20-19.57.29:487][  0]LogUObjectGlobals: Created PersistentFrame Addr=0x0000022731a9e500, Size=240, Default__Cube_C Function /Game/StarterContent/Blueprints/Cube.Cube_C:ExecuteUbergraph_Cube
[2018.06.20-19.57.29:520][  0]LogUObjectGlobals: Destroyed PersistentFrame Addr=0x0000022731a9e500, Size=240
[2018.06.20-19.57.29:520][  0]LogUObjectGlobals: Created PersistentFrame Addr=0x0000022731a9e500, Size=240, Default__Cube_C Function /Engine/Transient.REINST_Cube_C_3:ExecuteUbergraph_Cube
[2018.06.20-19.57.29:540][  0]LogUObjectGlobals: Created PersistentFrame Addr=0x000002271bff9c00, Size=240, Default__Cube_C Function /Game/StarterContent/Blueprints/Cube.Cube_C:ExecuteUbergraph_Cube
[2018.06.20-19.57.29:759][  0]LogUObjectGlobals: Created PersistentFrame Addr=0x000002271bf789a0, Size=72, Default__Minimal_Default_C Function /Game/StarterContent/Maps/Minimal_Default.Minimal_Default_C:ExecuteUbergraph_Minimal_Default
[2018.06.20-19.57.29:761][  0]LogUObjectGlobals: Destroyed PersistentFrame Addr=0x000002271bf789a0, Size=72
[2018.06.20-19.57.29:761][  0]LogUObjectGlobals: Created PersistentFrame Addr=0x00000227260f4400, Size=72, Default__Minimal_Default_C Function /Engine/Transient.REINST_Minimal_Default_C_7:ExecuteUbergraph_Minimal_Default
[2018.06.20-19.57.29:763][  0]LogUObjectGlobals: Created PersistentFrame Addr=0x0000022726833ba0, Size=72, Default__Minimal_Default_C Function /Game/StarterContent/Maps/Minimal_Default.Minimal_Default_C:ExecuteUbergraph_Minimal_Default
[2018.06.20-19.57.30:154][  0]LogAIModule: Creating AISystem for world Minimal_Default
[2018.06.20-19.57.30:443][  0]LogEditorServer: Finished looking for orphan Actors (0.000 secs)
[2018.06.20-19.57.30:493][  0]LogUObjectGlobals: Destroyed PersistentFrame Addr=0x0000022731a9e500, Size=240
[2018.06.20-19.57.30:493][  0]LogUObjectGlobals: Destroyed PersistentFrame Addr=0x00000227260f4400, Size=72
[2018.06.20-19.57.30:508][  0]Cmd: MAP CHECKDEP NOCLEARLOG
[2018.06.20-19.57.30:558][  0]MapCheck: Map check complete: 0 Error(s), 0 Warning(s), took 50.11ms to complete.
[2018.06.20-19.57.30:558][  0]LogFileHelpers: Loading map 'Minimal_Default' took 1.515
[2018.06.20-19.57.31:080][  0]LogWindowsTextInputMethodSystem: Display: IME system now deactivated.
[2018.06.20-19.57.31:616][  0]LogCollectionManager: Loaded 0 collections in 0.005068 seconds
[2018.06.20-19.57.31:763][  0]LogFileCache: Scanning file cache for directory 'G:/GitHub/Movment2D/Saved/Collections/' took 0.01s
[2018.06.20-19.57.31:763][  0]LogFileCache: Scanning file cache for directory 'G:/GitHub/Movment2D/Content/Developers/user/Collections/' took 0.01s
[2018.06.20-19.57.31:763][  0]LogFileCache: Scanning file cache for directory 'G:/GitHub/Movment2D/Content/Collections/' took 0.01s
[2018.06.20-19.57.31:763][  0]LogCollectionManager: Rebuilt the GUID cache for 0 collections in 0.000001 seconds
[2018.06.20-19.57.31:787][  0]LogContentBrowser: Native class hierarchy populated in 0.0213 seconds. Added 2452 classes and 558 folders.
[2018.06.20-19.57.31:877][  0]LogContentBrowser: Native class hierarchy updated for 'WidgetCarousel' in 0.0005 seconds. Added 0 classes and 0 folders.
[2018.06.20-19.57.32:739][  0]LogContentBrowser: Native class hierarchy updated for 'AddContentDialog' in 0.0004 seconds. Added 0 classes and 0 folders.
[2018.06.20-19.57.32:789][  0]LogContentBrowser: Native class hierarchy updated for 'SceneOutliner' in 0.0003 seconds. Added 1 classes and 2 folders.
[2018.06.20-19.57.33:089][  0]LogSlate: Took 0.017982 seconds to synchronously load lazily loaded font '../../../Engine/Content/Slate/Fonts/Roboto-Regular.ttf' (155K)
[2018.06.20-19.57.33:122][  0]LogSlate: Took 0.027128 seconds to synchronously load lazily loaded font '../../../Engine/Content/Slate/Fonts/Roboto-Bold.ttf' (160K)
[2018.06.20-19.57.33:177][  0]LogSlate: Took 0.012347 seconds to synchronously load lazily loaded font '../../../Engine/Content/Editor/Slate/Fonts/FontAwesome.ttf' (139K)
[2018.06.20-19.57.33:501][  0]LogRenderer: Reallocating scene render targets to support 1208x576 Format 10 NumSamples 1 (Frame:1).
[2018.06.20-19.57.33:940][  0]LogContentBrowser: Native class hierarchy updated for 'HierarchicalLODOutliner' in 0.0005 seconds. Added 0 classes and 0 folders.
[2018.06.20-19.57.33:940][  0]LogLoad: (Engine Initialization) Total time: 76.89 seconds
[2018.06.20-19.57.33:940][  0]LogLoad: (Engine Initialization) Total Blueprint compile time: 0.00 seconds
[2018.06.20-19.57.34:020][  0]LogContentStreaming: Texture pool size now 1000 MB
[2018.06.20-19.57.34:184][  0]LogSlate: Took 0.016340 seconds to synchronously load lazily loaded font '../../../Engine/Content/Slate/Fonts/Roboto-Light.ttf' (167K)
[2018.06.20-19.57.34:262][  1]LogAssetRegistry: Asset discovery search completed in 52.5004 seconds
[2018.06.20-19.57.34:264][  1]LogCollectionManager: Rebuilt the object cache for 0 collections in 0.000000 seconds (found 0 objects)
[2018.06.20-19.57.34:264][  1]LogCollectionManager: Fixed up redirectors for 0 collections in 0.000059 seconds (updated 0 objects)
[2018.06.20-19.57.37:503][351]LogSlate: FSceneViewport::OnFocusLost() reason 0
[2018.06.20-19.57.37:583][361]LogTemp: Repeating last play command: Selected Viewport
[2018.06.20-19.57.37:612][361]LogBlueprintUserMessages: Early PlayInEditor Detection: Level '/Game/StarterContent/Maps/Minimal_Default.Minimal_Default:PersistentLevel' has LevelScriptBlueprint '/Game/StarterContent/Maps/Minimal_Default.Minimal_Default:PersistentLevel.Minimal_Default' with GeneratedClass '/Game/StarterContent/Maps/Minimal_Default.Minimal_Default_C' with ClassGeneratedBy '/Game/StarterContent/Maps/Minimal_Default.Minimal_Default:PersistentLevel.Minimal_Default'
[2018.06.20-19.57.37:613][361]LogPlayLevel: PlayLevel: No blueprints needed recompiling
[2018.06.20-19.57.37:621][361]PIE: New page: PIE session: Minimal_Default (Jun 20, 2018, 1:57:37 PM)
[2018.06.20-19.57.37:621][361]LogPlayLevel: Creating play world package: /Game/StarterContent/Maps/UEDPIE_0_Minimal_Default
[2018.06.20-19.57.37:640][361]LogPlayLevel: PIE: StaticDuplicateObject took: (0.018928s)
[2018.06.20-19.57.37:641][361]LogAIModule: Creating AISystem for world Minimal_Default
[2018.06.20-19.57.37:641][361]LogPlayLevel: PIE: World Init took: (0.000720s)
[2018.06.20-19.57.37:641][361]LogPlayLevel: PIE: Created PIE world by copying editor world from /Game/StarterContent/Maps/Minimal_Default.Minimal_Default to /Game/StarterContent/Maps/UEDPIE_0_Minimal_Default.Minimal_Default (0.019825s)
[2018.06.20-19.57.37:668][361]LogInit: XAudio2 using '4 - M2380D (AMD High Definition Audio Device)' : 2 channels at 48 kHz using 16 bits per sample (channel mask 0x3)
[2018.06.20-19.57.37:678][361]LogInit: FAudioDevice initialized.
[2018.06.20-19.57.37:764][361]LogLoad: Game class is 'FunctionalTestGameMode'
[2018.06.20-19.57.37:799][361]LogWorld: Bringing World /Game/StarterContent/Maps/UEDPIE_0_Minimal_Default.Minimal_Default up for play (max tick rate 0) at 2018.06.20-16.57.37
[2018.06.20-19.57.37:809][361]LogWorld: Bringing up level for play took: 0.022525
[2018.06.20-19.57.37:841][361]LogContentBrowser: Native class hierarchy updated for 'MovieSceneCapture' in 0.0011 seconds. Added 11 classes and 0 folders.
[2018.06.20-19.57.37:846][361]PIE: Play in editor start time for /Game/StarterContent/Maps/UEDPIE_0_Minimal_Default 0.645
[2018.06.20-19.57.37:847][361]LogBlueprintUserMessages: Late PlayInEditor Detection: Level '/Game/StarterContent/Maps/Minimal_Default.Minimal_Default:PersistentLevel' has LevelScriptBlueprint '/Game/StarterContent/Maps/Minimal_Default.Minimal_Default:PersistentLevel.Minimal_Default' with GeneratedClass '/Game/StarterContent/Maps/Minimal_Default.Minimal_Default_C' with ClassGeneratedBy '/Game/StarterContent/Maps/Minimal_Default.Minimal_Default:PersistentLevel.Minimal_Default'
[2018.06.20-19.58.18:749][246]LogBlueprintUserMessages: Early EndPlayMap Detection: Level '/Game/StarterContent/Maps/Minimal_Default.Minimal_Default:PersistentLevel' has LevelScriptBlueprint '/Game/StarterContent/Maps/Minimal_Default.Minimal_Default:PersistentLevel.Minimal_Default' with GeneratedClass '/Game/StarterContent/Maps/Minimal_Default.Minimal_Default_C' with ClassGeneratedBy '/Game/StarterContent/Maps/Minimal_Default.Minimal_Default:PersistentLevel.Minimal_Default'
[2018.06.20-19.58.18:821][246]LogBlueprintUserMessages: Late EndPlayMap Detection: Level '/Game/StarterContent/Maps/Minimal_Default.Minimal_Default:PersistentLevel' has LevelScriptBlueprint '/Game/StarterContent/Maps/Minimal_Default.Minimal_Default:PersistentLevel.Minimal_Default' with GeneratedClass '/Game/StarterContent/Maps/Minimal_Default.Minimal_Default_C' with ClassGeneratedBy '/Game/StarterContent/Maps/Minimal_Default.Minimal_Default:PersistentLevel.Minimal_Default'
[2018.06.20-19.58.21:304][520]LogSlate: FSceneViewport::OnFocusLost() reason 0
[2018.06.20-19.58.21:660][547]LogSlate: Took 0.000239 seconds to synchronously load lazily loaded font '../../../Engine/Content/Slate/Fonts/Roboto-Light.ttf' (167K)
[2018.06.20-19.58.22:185][547]LogContentBrowser: Native class hierarchy updated for 'BlueprintGraph' in 0.0006 seconds. Added 116 classes and 0 folders.
[2018.06.20-19.58.22:640][547]LogUObjectGlobals: Created PersistentFrame Addr=0x000002276eac2590, Size=4, Default__SKEL_PROTO_BP_AnimBlueprint_0_C Function /Engine/Transient.SKEL_PROTO_BP_AnimBlueprint_0_C:ExecuteUbergraph_PROTO_BP_AnimBlueprint_0
[2018.06.20-19.58.22:641][547]LogUObjectGlobals: Created PersistentFrame Addr=0x000002276eac2588, Size=4, Default__PROTO_BP_AnimBlueprint_0_C Function /Engine/Transient.PROTO_BP_AnimBlueprint_0_C:ExecuteUbergraph_PROTO_BP_AnimBlueprint_0
[2018.06.20-19.58.23:374][547]LogSlate: Took 0.009387 seconds to synchronously load lazily loaded font '../../../Engine/Content/Slate/Fonts/Roboto-BoldCondensed.ttf' (158K)
[2018.06.20-19.58.23:895][548]LogSlate: Took 0.018922 seconds to synchronously load lazily loaded font '../../../Engine/Content/Slate/Fonts/Roboto-Italic.ttf' (157K)
[2018.06.20-20.08.15:833][700]LogFileHelpers: Editor autosave (incl. sublevels) for '/Game/StarterContent/Maps/Minimal_Default' took 0.035
[2018.06.20-20.08.16:042][700]OBJ SavePackage: Generating thumbnails for [1] asset(s) in package [/Game/StarterContent/Blueprints/Cube] ([1] browsable assets)...
[2018.06.20-20.08.16:076][700]OBJ SavePackage:     Rendered thumbnail for [Blueprint /Game/StarterContent/Blueprints/Cube.Cube]
[2018.06.20-20.08.16:076][700]OBJ SavePackage: Finished generating thumbnails for package [/Game/StarterContent/Blueprints/Cube]
[2018.06.20-20.08.16:076][700]Cmd: OBJ SAVEPACKAGE PACKAGE="/Game/StarterContent/Blueprints/Cube" FILE="../../../../GitHub/Movment2D/Saved/Autosaves/Game/StarterContent/Blueprints/Cube_Auto1.uasset" SILENT=false AUTOSAVING=true
[2018.06.20-20.08.16:266][700]LogSavePackage: Save=184.47ms
[2018.06.20-20.08.16:266][700]LogSavePackage: Moving '../../../../GitHub/Movment2D/Saved/Cube_Auto1C2CB00964ED62E210EC5928ED71A61E4.tmp' to '../../../../GitHub/Movment2D/Saved/Autosaves/Game/StarterContent/Blueprints/Cube_Auto1.uasset'
[2018.06.20-20.08.16:280][700]LogSavePackage: Display: Finished SavePackage ../../../../GitHub/Movment2D/Saved/Autosaves/Game/StarterContent/Blueprints/Cube_Auto1.uasset
[2018.06.20-20.08.16:280][700]LogFileHelpers: Auto-saving content packages took 0.447
[2018.06.20-20.22.50:863][267]LogHttp: Warning: 0000022755887880: request failed, libcurl error: 6 (Couldn't resolve host name)
[2018.06.20-20.22.50:863][267]LogHttp: Warning: 0000022755887880: libcurl info message cache 0 (Connection 3 seems to be dead!)
[2018.06.20-20.22.50:863][267]LogHttp: Warning: 0000022755887880: libcurl info message cache 1 (Closing connection 3)
[2018.06.20-20.22.50:863][267]LogHttp: Warning: 0000022755887880: libcurl info message cache 2 (TLSv1.2 (OUT), TLS alert, Client hello (1):)
[2018.06.20-20.22.50:864][267]LogHttp: Warning: 0000022755887880: libcurl info message cache 3 (Could not resolve host: datarouter.ol.epicgames.com)
[2018.06.20-20.22.50:864][267]LogHttp: Warning: 0000022755887880: libcurl info message cache 4 (Closing connection 4)
[2018.06.21-00.50.13:482][509]LogSlate: Window 'Cube*' being destroyed
[2018.06.21-00.50.13:490][509]LogSlate: Window 'Cube*' being destroyed
[2018.06.21-00.50.14:863][655]LogTemp: Repeating last play command: Selected Viewport
[2018.06.21-00.50.14:890][655]LogBlueprintUserMessages: Early PlayInEditor Detection: Level '/Game/StarterContent/Maps/Minimal_Default.Minimal_Default:PersistentLevel' has LevelScriptBlueprint '/Game/StarterContent/Maps/Minimal_Default.Minimal_Default:PersistentLevel.Minimal_Default' with GeneratedClass '/Game/StarterContent/Maps/Minimal_Default.Minimal_Default_C' with ClassGeneratedBy '/Game/StarterContent/Maps/Minimal_Default.Minimal_Default:PersistentLevel.Minimal_Default'
[2018.06.21-00.50.14:891][655]LogPlayLevel: PlayLevel: No blueprints needed recompiling
[2018.06.21-00.50.14:892][655]PIE: New page: PIE session: Minimal_Default (Jun 20, 2018, 6:50:14 PM)
[2018.06.21-00.50.14:892][655]LogPlayLevel: Creating play world package: /Game/StarterContent/Maps/UEDPIE_0_Minimal_Default
[2018.06.21-00.50.14:912][655]LogPlayLevel: PIE: StaticDuplicateObject took: (0.019675s)
[2018.06.21-00.50.14:918][655]LogAIModule: Creating AISystem for world Minimal_Default
[2018.06.21-00.50.14:921][655]LogPlayLevel: PIE: World Init took: (0.008856s)
[2018.06.21-00.50.14:921][655]LogPlayLevel: PIE: Created PIE world by copying editor world from /Game/StarterContent/Maps/Minimal_Default.Minimal_Default to /Game/StarterContent/Maps/UEDPIE_0_Minimal_Default.Minimal_Default (0.028849s)
[2018.06.21-00.50.15:010][655]LogInit: XAudio2 using '4 - M2380D (AMD High Definition Audio Device)' : 2 channels at 48 kHz using 16 bits per sample (channel mask 0x3)
[2018.06.21-00.50.15:019][655]LogInit: FAudioDevice initialized.
[2018.06.21-00.50.15:054][655]LogLoad: Game class is 'FunctionalTestGameMode'
[2018.06.21-00.50.15:058][655]LogWorld: Bringing World /Game/StarterContent/Maps/UEDPIE_0_Minimal_Default.Minimal_Default up for play (max tick rate 0) at 2018.06.20-21.50.15
[2018.06.21-00.50.15:059][655]LogWorld: Bringing up level for play took: 0.003008
[2018.06.21-00.50.15:064][655]PIE: Play in editor start time for /Game/StarterContent/Maps/UEDPIE_0_Minimal_Default 0.308
[2018.06.21-00.50.15:065][655]LogBlueprintUserMessages: Late PlayInEditor Detection: Level '/Game/StarterContent/Maps/Minimal_Default.Minimal_Default:PersistentLevel' has LevelScriptBlueprint '/Game/StarterContent/Maps/Minimal_Default.Minimal_Default:PersistentLevel.Minimal_Default' with GeneratedClass '/Game/StarterContent/Maps/Minimal_Default.Minimal_Default_C' with ClassGeneratedBy '/Game/StarterContent/Maps/Minimal_Default.Minimal_Default:PersistentLevel.Minimal_Default'
[2018.06.21-00.50.37:207][301]LogBlueprintUserMessages: Early EndPlayMap Detection: Level '/Game/StarterContent/Maps/Minimal_Default.Minimal_Default:PersistentLevel' has LevelScriptBlueprint '/Game/StarterContent/Maps/Minimal_Default.Minimal_Default:PersistentLevel.Minimal_Default' with GeneratedClass '/Game/StarterContent/Maps/Minimal_Default.Minimal_Default_C' with ClassGeneratedBy '/Game/StarterContent/Maps/Minimal_Default.Minimal_Default:PersistentLevel.Minimal_Default'
[2018.06.21-00.50.37:237][301]LogBlueprintUserMessages: Late EndPlayMap Detection: Level '/Game/StarterContent/Maps/Minimal_Default.Minimal_Default:PersistentLevel' has LevelScriptBlueprint '/Game/StarterContent/Maps/Minimal_Default.Minimal_Default:PersistentLevel.Minimal_Default' with GeneratedClass '/Game/StarterContent/Maps/Minimal_Default.Minimal_Default_C' with ClassGeneratedBy '/Game/StarterContent/Maps/Minimal_Default.Minimal_Default:PersistentLevel.Minimal_Default'
[2018.06.21-00.50.38:260][416]LogSlate: FSceneViewport::OnFocusLost() reason 0
[2018.06.21-00.50.40:637][427]LogSlate: Window 'Save Content' being destroyed
[2018.06.21-00.50.40:658][427]Cmd: OBJ SAVEPACKAGE PACKAGE="/Game/StarterContent/Blueprints/Cube" FILE="../../../../GitHub/Movment2D/Content/StarterContent/Blueprints/Cube.uasset" SILENT=true
[2018.06.21-00.50.40:712][427]LogSavePackage: Save=50.96ms
[2018.06.21-00.50.40:712][427]LogSavePackage: Moving '../../../../GitHub/Movment2D/Saved/CubeF3F2662744E0106F9F5BE9A36ED4E2B8.tmp' to '../../../../GitHub/Movment2D/Content/StarterContent/Blueprints/Cube.uasset'
[2018.06.21-00.50.40:715][427]LogSavePackage: Display: Finished SavePackage ../../../../GitHub/Movment2D/Content/StarterContent/Blueprints/Cube.uasset
[2018.06.21-00.50.40:795][427]LogSlate: Window 'Movment2D - Unreal Editor' being destroyed
[2018.06.21-00.50.40:796][427]LogWindowsTextInputMethodSystem: Display: IME system now deactivated.
[2018.06.21-00.50.41:006][428]Cmd: QUIT_EDITOR
[2018.06.21-00.50.42:004][428]LogSlate: Slate User Destroyed.  User Index 0, Is Virtual User: 0
[2018.06.21-00.50.42:013][428]LogExit: Preparing to exit.
[2018.06.21-00.50.43:019][428]LogDirectoryWatcher: A directory notification for 'G:/GitHub/Movment2D/Content/' was aborted.
[2018.06.21-00.50.43:072][428]LogExit: Editor shut down
[2018.06.21-00.50.43:080][428]LogExit: Transaction tracking system shut down
[2018.06.21-00.50.43:082][428]LogUObjectGlobals: Destroyed PersistentFrame Addr=0x000002271bff9c00, Size=240
[2018.06.21-00.50.43:083][428]LogUObjectGlobals: Destroyed PersistentFrame Addr=0x0000022726833ba0, Size=72
[2018.06.21-00.50.43:085][428]LogUObjectGlobals: Destroyed PersistentFrame Addr=0x000002276eac2590, Size=4
[2018.06.21-00.50.43:085][428]LogUObjectGlobals: Destroyed PersistentFrame Addr=0x000002276eac2588, Size=4
[2018.06.21-00.50.43:164][428]LogDirectoryWatcher: A directory notification for '../../../Engine/Content/' was aborted.
[2018.06.21-00.50.43:164][428]LogDirectoryWatcher: A directory notification for '../../../../GitHub/Movment2D/Content/' was aborted.
[2018.06.21-00.50.43:164][428]LogDirectoryWatcher: A directory notification for '../../Plugins/2D/Paper2D/Content/' was aborted.
[2018.06.21-00.50.43:165][428]LogDirectoryWatcher: A directory notification for '../../Plugins/Enterprise/DatasmithContent/Content/' was aborted.
[2018.06.21-00.50.43:165][428]LogDirectoryWatcher: A directory notification for '../../Plugins/Media/MediaCompositing/Content/' was aborted.
[2018.06.21-00.50.43:165][428]LogDirectoryWatcher: A directory notification for '../../Plugins/Runtime/AppleARKit/Content/' was aborted.
[2018.06.21-00.50.43:165][428]LogDirectoryWatcher: A directory notification for '../../Plugins/Runtime/Oculus/OculusVR/Content/' was aborted.
[2018.06.21-00.50.43:165][428]LogDirectoryWatcher: A directory notification for '../../Plugins/Runtime/Steam/SteamVR/Content/' was aborted.
[2018.06.21-00.50.43:600][428]LogExit: Object subsystem successfully closed.
[2018.06.21-00.50.43:664][428]LogShaderCompilers: Display: Shaders left to compile 0
[2018.06.21-00.50.43:668][428]LogD3D11RHI: Shutdown
[2018.06.21-00.50.43:668][428]LogD3D11RHI: CleanupD3DDevice
[2018.06.21-00.50.43:673][428]LogD3D11RHI: ~FD3D11DynamicRHI
[2018.06.21-00.50.43:874][428]LogModuleManager: Shutting down and abandoning module BlueprintGraph (578)
[2018.06.21-00.50.43:874][428]LogModuleManager: Shutting down and abandoning module MovieSceneCapture (576)
[2018.06.21-00.50.43:874][428]LogModuleManager: Shutting down and abandoning module HierarchicalLODOutliner (574)
[2018.06.21-00.50.43:874][428]LogModuleManager: Shutting down and abandoning module SceneOutliner (572)
[2018.06.21-00.50.43:874][428]LogModuleManager: Shutting down and abandoning module AddContentDialog (570)
[2018.06.21-00.50.43:874][428]LogDirectoryWatcher: A directory notification for 'G:/UE_4.19/FeaturePacks/' was aborted.
[2018.06.21-00.50.43:879][428]LogModuleManager: Shutting down and abandoning module WidgetCarousel (569)
[2018.06.21-00.50.43:879][428]LogModuleManager: Shutting down and abandoning module EditorWidgets (566)
[2018.06.21-00.50.43:879][428]LogModuleManager: Shutting down and abandoning module CollectionManager (564)
[2018.06.21-00.50.43:879][428]LogDirectoryWatcher: A directory notification for 'G:/GitHub/Movment2D/Content/Collections/' was aborted.
[2018.06.21-00.50.43:879][428]LogDirectoryWatcher: A directory notification for 'G:/GitHub/Movment2D/Content/Developers/user/Collections/' was aborted.
[2018.06.21-00.50.43:879][428]LogDirectoryWatcher: A directory notification for 'G:/GitHub/Movment2D/Saved/Collections/' was aborted.
[2018.06.21-00.50.43:879][428]LogModuleManager: Shutting down and abandoning module StatsViewer (562)
[2018.06.21-00.50.43:879][428]LogModuleManager: Shutting down and abandoning module FoliageEdit (560)
[2018.06.21-00.50.43:879][428]LogModuleManager: Shutting down and abandoning module LandscapeEditor (558)
[2018.06.21-00.50.43:886][428]LogModuleManager: Shutting down and abandoning module MeshPaintMode (556)
[2018.06.21-00.50.43:886][428]LogModuleManager: Shutting down and abandoning module SceneDepthPickerMode (554)
[2018.06.21-00.50.43:886][428]LogModuleManager: Shutting down and abandoning module ActorPickerMode (552)
[2018.06.21-00.50.43:886][428]LogModuleManager: Shutting down and abandoning module GeometryMode (550)
[2018.06.21-00.50.43:886][428]LogModuleManager: Shutting down and abandoning module TextureAlignMode (548)
[2018.06.21-00.50.43:886][428]LogModuleManager: Shutting down and abandoning module BspMode (546)
[2018.06.21-00.50.43:886][428]LogModuleManager: Shutting down and abandoning module PIEPreviewDeviceProfileSelector (544)
[2018.06.21-00.50.43:886][428]LogModuleManager: Shutting down and abandoning module HardwareSurvey (542)
[2018.06.21-00.50.43:886][428]LogModuleManager: Shutting down and abandoning module SequenceRecorderSections (540)
[2018.06.21-00.50.43:886][428]LogModuleManager: Shutting down and abandoning module AutomationWorker (538)
[2018.06.21-00.50.43:886][428]LogModuleManager: Shutting down and abandoning module AudioCaptureEditor (536)
[2018.06.21-00.50.43:886][428]LogModuleManager: Shutting down and abandoning module SequenceRecorder (535)
[2018.06.21-00.50.43:886][428]LogModuleManager: Shutting down and abandoning module MatineeToLevelSequence (532)
[2018.06.21-00.50.43:886][428]LogModuleManager: Shutting down and abandoning module LevelSequenceEditor (530)
[2018.06.21-00.50.43:900][428]LogModuleManager: Shutting down and abandoning module PlacementMode (529)
[2018.06.21-00.50.43:900][428]LogModuleManager: Shutting down and abandoning module MaterialEditor (528)
[2018.06.21-00.50.43:912][428]LogModuleManager: Shutting down and abandoning module WmfMediaFactory (524)
[2018.06.21-00.50.43:912][428]LogModuleManager: Shutting down and abandoning module WmfMediaEditor (522)
[2018.06.21-00.50.43:912][428]LogModuleManager: Shutting down and abandoning module MediaPlayerEditor (520)
[2018.06.21-00.50.43:921][428]LogModuleManager: Shutting down and abandoning module OpenExrWrapper (518)
[2018.06.21-00.50.43:921][428]LogModuleManager: Shutting down and abandoning module ImgMediaFactory (516)
[2018.06.21-00.50.43:921][428]LogModuleManager: Shutting down and abandoning module ImgMediaEditor (514)
[2018.06.21-00.50.43:921][428]LogModuleManager: Shutting down and abandoning module AvfMediaFactory (512)
[2018.06.21-00.50.43:921][428]LogModuleManager: Shutting down and abandoning module AvfMediaEditor (510)
[2018.06.21-00.50.43:921][428]LogModuleManager: Shutting down and abandoning module AndroidMediaFactory (508)
[2018.06.21-00.50.43:921][428]LogModuleManager: Shutting down and abandoning module AndroidMediaEditor (506)
[2018.06.21-00.50.43:921][428]LogModuleManager: Shutting down and abandoning module CharacterAI (504)
[2018.06.21-00.50.43:921][428]LogModuleManager: Shutting down and abandoning module SmartSnapping (502)
[2018.06.21-00.50.43:921][428]LogModuleManager: Shutting down and abandoning module SessionServices (500)
[2018.06.21-00.50.43:921][428]LogModuleManager: Shutting down and abandoning module ViewportSnapping (498)
[2018.06.21-00.50.43:921][428]LogModuleManager: Shutting down and abandoning module ViewportInteraction (496)
[2018.06.21-00.50.43:921][428]LogModuleManager: Shutting down and abandoning module ClothPainter (494)
[2018.06.21-00.50.43:921][428]LogModuleManager: Shutting down and abandoning module SkeletalMeshEditor (493)
[2018.06.21-00.50.43:933][428]LogModuleManager: Shutting down and abandoning module LogVisualizer (490)
[2018.06.21-00.50.43:933][428]LogModuleManager: Shutting down and abandoning module IntroTutorials (488)
[2018.06.21-00.50.43:934][428]LogModuleManager: Shutting down and abandoning module GameProjectGeneration (487)
[2018.06.21-00.50.43:934][428]LogModuleManager: Shutting down and abandoning module IOSPlatformEditor (484)
[2018.06.21-00.50.43:934][428]LogModuleManager: Shutting down and abandoning module HTML5PlatformEditor (482)
[2018.06.21-00.50.43:934][428]LogModuleManager: Shutting down and abandoning module AndroidPlatformEditor (480)
[2018.06.21-00.50.43:934][428]LogModuleManager: Shutting down and abandoning module AndroidDeviceDetection (479)
[2018.06.21-00.50.43:971][428]LogModuleManager: Shutting down and abandoning module WindowsPlatformEditor (476)
[2018.06.21-00.50.43:971][428]LogModuleManager: Shutting down and abandoning module IOSRuntimeSettings (474)
[2018.06.21-00.50.43:971][428]LogModuleManager: Shutting down and abandoning module AndroidRuntimeSettings (472)
[2018.06.21-00.50.43:971][428]LogModuleManager: Shutting down and abandoning module InputBindingEditor (470)
[2018.06.21-00.50.43:971][428]LogModuleManager: Shutting down and abandoning module MergeActors (468)
[2018.06.21-00.50.44:017][428]LogModuleManager: Shutting down and abandoning module LocalizationDashboard (466)
[2018.06.21-00.50.44:019][428]LogModuleManager: Shutting down and abandoning module LocalizationService (465)
[2018.06.21-00.50.44:019][428]LogModuleManager: Shutting down and abandoning module HardwareTargeting (462)
[2018.06.21-00.50.44:019][428]LogModuleManager: Shutting down and abandoning module DeviceProfileEditor (460)
[2018.06.21-00.50.44:019][428]LogModuleManager: Shutting down and abandoning module UndoHistory (458)
[2018.06.21-00.50.44:019][428]LogModuleManager: Shutting down and abandoning module XmlParser (456)
[2018.06.21-00.50.44:019][428]LogModuleManager: Shutting down and abandoning module Blutility (454)
[2018.06.21-00.50.44:019][428]LogModuleManager: Shutting down and abandoning module ProjectSettingsViewer (452)
[2018.06.21-00.50.44:019][428]LogModuleManager: Shutting down and abandoning module ProjectTargetPlatformEditor (451)
[2018.06.21-00.50.44:019][428]LogModuleManager: Shutting down and abandoning module EditorSettingsViewer (448)
[2018.06.21-00.50.44:019][428]LogModuleManager: Shutting down and abandoning module SettingsEditor (446)
[2018.06.21-00.50.44:027][428]LogModuleManager: Shutting down and abandoning module ProjectLauncher (444)
[2018.06.21-00.50.44:035][428]LogModuleManager: Shutting down and abandoning module SessionFrontend (442)
[2018.06.21-00.50.44:035][428]LogModuleManager: Shutting down and abandoning module ProfilerClient (440)
[2018.06.21-00.50.44:036][428]LogModuleManager: Shutting down and abandoning module DeviceManager (438)
[2018.06.21-00.50.44:036][428]LogModuleManager: Shutting down and abandoning module TargetDeviceServices (437)
[2018.06.21-00.50.44:088][428]LogModuleManager: Shutting down and abandoning module AutomationController (434)
[2018.06.21-00.50.44:088][428]LogModuleManager: Shutting down and abandoning module AutomationWindow (432)
[2018.06.21-00.50.44:124][428]LogModuleManager: Shutting down and abandoning module Layers (430)
[2018.06.21-00.50.44:126][428]LogModuleManager: Shutting down and abandoning module ComponentVisualizers (428)
[2018.06.21-00.50.44:126][428]LogModuleManager: Shutting down and abandoning module DetailCustomizations (426)
[2018.06.21-00.50.44:126][428]LogModuleManager: Shutting down and abandoning module PackagesDialog (424)
[2018.06.21-00.50.44:126][428]LogModuleManager: Shutting down and abandoning module Persona (422)
[2018.06.21-00.50.44:133][428]LogModuleManager: Shutting down and abandoning module AdvancedPreviewScene (421)
[2018.06.21-00.50.44:133][428]LogModuleManager: Shutting down and abandoning module AnimGraph (419)
[2018.06.21-00.50.44:133][428]LogModuleManager: Shutting down and abandoning module Kismet (416)
[2018.06.21-00.50.44:138][428]LogModuleManager: Shutting down and abandoning module GraphEditor (414)
[2018.06.21-00.50.44:138][428]LogModuleManager: Shutting down and abandoning module ClassViewer (412)
[2018.06.21-00.50.44:138][428]LogModuleManager: Shutting down and abandoning module Toolbox (410)
[2018.06.21-00.50.44:138][428]LogModuleManager: Shutting down and abandoning module ModuleUI (408)
[2018.06.21-00.50.44:146][428]LogModuleManager: Shutting down and abandoning module MovieSceneTools (406)
[2018.06.21-00.50.44:146][428]LogModuleManager: Shutting down and abandoning module OutputLog (404)
[2018.06.21-00.50.44:147][428]LogModuleManager: Shutting down and abandoning module GammaUI (402)
[2018.06.21-00.50.44:153][428]LogModuleManager: Shutting down and abandoning module Documentation (400)
[2018.06.21-00.50.44:153][428]LogModuleManager: Shutting down and abandoning module MovieSceneTracks (398)
[2018.06.21-00.50.44:156][428]LogModuleManager: Shutting down and abandoning module MovieScene (396)
[2018.06.21-00.50.44:163][428]LogModuleManager: Shutting down and abandoning module StreamingPauseRendering (394)
[2018.06.21-00.50.44:163][428]LogModuleManager: Shutting down and abandoning module LauncherPlatform (392)
[2018.06.21-00.50.44:163][428]LogModuleManager: Shutting down and abandoning module AnalyticsET (390)
[2018.06.21-00.50.44:163][428]LogModuleManager: Shutting down and abandoning module PortalServices (388)
[2018.06.21-00.50.44:163][428]LogModuleManager: Shutting down and abandoning module PortalRpc (386)
[2018.06.21-00.50.44:163][428]LogModuleManager: Shutting down and abandoning module MessagingRpc (384)
[2018.06.21-00.50.44:163][428]LogModuleManager: Shutting down and abandoning module AIModule (382)
[2018.06.21-00.50.44:163][428]LogModuleManager: Shutting down and abandoning module GameplayDebugger (381)
[2018.06.21-00.50.44:163][428]LogModuleManager: Shutting down and abandoning module AITestSuite (379)
[2018.06.21-00.50.44:163][428]LogModuleManager: Shutting down and abandoning module DesktopPlatform (376)
[2018.06.21-00.50.44:163][428]LogModuleManager: Shutting down and abandoning module ProfilerService (374)
[2018.06.21-00.50.44:406][428]LogModuleManager: Shutting down and abandoning module TaskGraph (372)
[2018.06.21-00.50.44:406][428]LogModuleManager: Shutting down and abandoning module SteamVRController (370)
[2018.06.21-00.50.44:406][428]LogModuleManager: Shutting down and abandoning module ProceduralMeshComponentEditor (368)
[2018.06.21-00.50.44:406][428]LogModuleManager: Shutting down and abandoning module ProceduralMeshComponent (366)
[2018.06.21-00.50.44:406][428]LogModuleManager: Shutting down and abandoning module OculusInput (364)
[2018.06.21-00.50.44:406][428]LogModuleManager: Shutting down and abandoning module MobilePatchingUtils (362)
[2018.06.21-00.50.44:406][428]LogModuleManager: Shutting down and abandoning module CustomMeshComponent (360)
[2018.06.21-00.50.44:406][428]LogModuleManager: Shutting down and abandoning module CableComponent (358)
[2018.06.21-00.50.44:406][428]LogModuleManager: Shutting down and abandoning module AudioCapture (356)
[2018.06.21-00.50.44:406][428]LogModuleManager: Shutting down and abandoning module ArchVisCharacter (354)
[2018.06.21-00.50.44:407][428]LogModuleManager: Shutting down and abandoning module AndroidPermission (352)
[2018.06.21-00.50.44:407][428]LogModuleManager: Shutting down and abandoning module NUTUnrealEngine4 (348)
[2018.06.21-00.50.44:407][428]LogModuleManager: Shutting down and abandoning module NetcodeUnitTest (346)
[2018.06.21-00.50.44:418][428]LogModuleManager: Shutting down and abandoning module MediaCompositingEditor (344)
[2018.06.21-00.50.44:418][428]LogModuleManager: Shutting down and abandoning module MediaCompositing (342)
[2018.06.21-00.50.44:418][428]LogModuleManager: Shutting down and abandoning module LinearTimecode (340)
[2018.06.21-00.50.44:418][428]LogModuleManager: Shutting down and abandoning module ImgMedia (338)
[2018.06.21-00.50.44:426][428]LogModuleManager: Shutting down and abandoning module HTML5Networking (336)
[2018.06.21-00.50.44:426][428]LogModuleManager: Shutting down and abandoning module AlembicImporter (334)
[2018.06.21-00.50.44:438][428]LogModuleManager: Shutting down and abandoning module AlembicLibrary (333)
[2018.06.21-00.50.44:438][428]LogModuleManager: Shutting down and abandoning module GeometryCache (332)
[2018.06.21-00.50.44:438][428]LogModuleManager: Shutting down and abandoning module GeometryCacheEd (331)
[2018.06.21-00.50.44:438][428]LogModuleManager: Shutting down and abandoning module DatasmithContent (326)
[2018.06.21-00.50.44:438][428]LogModuleManager: Shutting down and abandoning module SpeedTreeImporter (324)
[2018.06.21-00.50.44:438][428]LogModuleManager: Shutting down and abandoning module PluginBrowser (322)
[2018.06.21-00.50.44:479][428]LogModuleManager: Shutting down and abandoning module MobileLauncherProfileWizard (320)
[2018.06.21-00.50.44:484][428]LogModuleManager: Shutting down and abandoning module CryptoKeysOpenSSL (318)
[2018.06.21-00.50.44:484][428]LogModuleManager: Shutting down and abandoning module CryptoKeys (316)
[2018.06.21-00.50.44:484][428]LogModuleManager: Shutting down and abandoning module VisualStudioSourceCodeAccess (314)
[2018.06.21-00.50.44:484][428]LogModuleManager: Shutting down and abandoning module VisualStudioCodeSourceCodeAccess (312)
[2018.06.21-00.50.44:484][428]LogModuleManager: Shutting down and abandoning module UObjectPlugin (310)
[2018.06.21-00.50.44:484][428]LogModuleManager: Shutting down and abandoning module SubversionSourceControl (308)
[2018.06.21-00.50.44:484][428]LogModuleManager: Shutting down and abandoning module PerforceSourceControl (306)
[2018.06.21-00.50.44:484][428]LogModuleManager: Shutting down and abandoning module GitSourceControl (304)
[2018.06.21-00.50.44:484][428]LogModuleManager: Shutting down and abandoning module SourceControl (303)
[2018.06.21-00.50.44:485][428]LogModuleManager: Shutting down and abandoning module CLionSourceCodeAccess (300)
[2018.06.21-00.50.44:485][428]LogModuleManager: Shutting down and abandoning module LightPropagationVolumeEditor (298)
[2018.06.21-00.50.44:485][428]LogModuleManager: Shutting down and abandoning module PaperTiledImporter (296)
[2018.06.21-00.50.44:485][428]LogModuleManager: Shutting down and abandoning module PaperSpriteSheetImporter (294)
[2018.06.21-00.50.44:485][428]LogModuleManager: Shutting down and abandoning module Paper2DEditor (292)
[2018.06.21-00.50.44:493][428]LogModuleManager: Shutting down and abandoning module MeshPaint (291)
[2018.06.21-00.50.44:493][428]LogModuleManager: Shutting down and abandoning module RuntimePhysXCooking (288)
[2018.06.21-00.50.44:493][428]LogModuleManager: Shutting down and abandoning module PhysXVehiclesEditor (286)
[2018.06.21-00.50.44:493][428]LogModuleManager: Shutting down and abandoning module PhysXVehicles (284)
[2018.06.21-00.50.44:493][428]LogModuleManager: Shutting down and abandoning module OculusEditor (282)
[2018.06.21-00.50.44:493][428]LogModuleManager: Shutting down and abandoning module LocationServicesBPLibrary (280)
[2018.06.21-00.50.44:493][428]LogModuleManager: Shutting down and abandoning module ImmediatePhysicsEditor (278)
[2018.06.21-00.50.44:493][428]LogModuleManager: Shutting down and abandoning module ImmediatePhysics (276)
[2018.06.21-00.50.44:493][428]LogModuleManager: Shutting down and abandoning module ActorSequence (274)
[2018.06.21-00.50.44:493][428]LogModuleManager: Shutting down and abandoning module UdpMessaging (272)
[2018.06.21-00.50.44:594][428]LogModuleManager: Shutting down and abandoning module TcpMessaging (270)
[2018.06.21-00.50.44:695][428]LogModuleManager: Shutting down and abandoning module GameplayTagsEditor (268)
[2018.06.21-00.50.44:728][428]LogModuleManager: Shutting down and abandoning module FacialAnimationEditor (266)
[2018.06.21-00.50.44:728][428]LogModuleManager: Shutting down and abandoning module FacialAnimation (264)
[2018.06.21-00.50.44:728][428]LogModuleManager: Shutting down and abandoning module DataValidation (262)
[2018.06.21-00.50.44:728][428]LogModuleManager: Shutting down and abandoning module AssetManagerEditor (260)
[2018.06.21-00.50.44:736][428]LogModuleManager: Shutting down and abandoning module LevelEditor (259)
[2018.06.21-00.50.44:738][428]LogModuleManager: Shutting down and abandoning module PixelInspectorModule (258)
[2018.06.21-00.50.44:738][428]LogModuleManager: Shutting down and abandoning module CommonMenuExtensions (256)
[2018.06.21-00.50.44:739][428]LogModuleManager: Shutting down and abandoning module MainFrame (254)
[2018.06.21-00.50.44:739][428]LogModuleManager: Shutting down and abandoning module HotReload (253)
[2018.06.21-00.50.44:739][428]LogModuleManager: Shutting down and abandoning module ContentBrowser (249)
[2018.06.21-00.50.44:743][428]LogModuleManager: Shutting down and abandoning module TreeMap (247)
[2018.06.21-00.50.44:743][428]LogModuleManager: Shutting down and abandoning module LightPropagationVolumeRuntime (244)
[2018.06.21-00.50.44:743][428]LogModuleManager: Shutting down and abandoning module LiveLinkEditor (242)
[2018.06.21-00.50.44:743][428]LogModuleManager: Shutting down and abandoning module LiveLink (240)
[2018.06.21-00.50.45:156][428]LogModuleManager: Shutting down and abandoning module Paper2D (238)
[2018.06.21-00.50.45:156][428]LogModuleManager: Shutting down and abandoning module WindowsMoviePlayer (236)
[2018.06.21-00.50.45:156][428]LogModuleManager: Shutting down and abandoning module WmfMedia (234)
[2018.06.21-00.50.45:214][428]LogModuleManager: Shutting down and abandoning module Media (233)
[2018.06.21-00.50.45:222][428]LogModuleManager: Shutting down and abandoning module PacketHandler (230)
[2018.06.21-00.50.45:222][428]LogModuleManager: Shutting down and abandoning module ClothingSystemEditor (228)
[2018.06.21-00.50.45:222][428]LogModuleManager: Shutting down and abandoning module ClothingSystemRuntime (226)
[2018.06.21-00.50.45:222][428]LogModuleManager: Shutting down and abandoning module MediaAssets (224)
[2018.06.21-00.50.45:222][428]LogModuleManager: Shutting down and abandoning module Overlay (222)
[2018.06.21-00.50.45:222][428]LogModuleManager: Shutting down and abandoning module OverlayEditor (221)
[2018.06.21-00.50.45:222][428]LogModuleManager: Shutting down and abandoning module VREditor (218)
[2018.06.21-00.50.45:230][428]LogModuleManager: Shutting down and abandoning module StringTableEditor (216)
[2018.06.21-00.50.45:230][428]LogModuleManager: Shutting down and abandoning module GameplayTasksEditor (214)
[2018.06.21-00.50.45:230][428]LogModuleManager: Shutting down and abandoning module BehaviorTreeEditor (212)
[2018.06.21-00.50.45:244][428]LogModuleManager: Shutting down and abandoning module FunctionalTesting (210)
[2018.06.21-00.50.45:244][428]LogModuleManager: Shutting down and abandoning module CollisionAnalyzer (208)
[2018.06.21-00.50.45:244][428]LogModuleManager: Shutting down and abandoning module WorkspaceMenuStructure (207)
[2018.06.21-00.50.45:244][428]LogModuleManager: Shutting down and abandoning module UMG (204)
[2018.06.21-00.50.45:255][428]LogModuleManager: Shutting down and abandoning module UMGEditor (203)
[2018.06.21-00.50.45:272][428]LogModuleManager: Shutting down and abandoning module Sequencer (202)
[2018.06.21-00.50.45:285][428]LogModuleManager: Shutting down and abandoning module MessageLog (199)
[2018.06.21-00.50.45:285][428]LogModuleManager: Shutting down and abandoning module SlateReflector (194)
[2018.06.21-00.50.45:308][428]LogModuleManager: Shutting down and abandoning module Slate (192)
[2018.06.21-00.50.45:308][428]LogModuleManager: Shutting down and abandoning module EditorStyle (190)
[2018.06.21-00.50.45:315][428]LogModuleManager: Shutting down and abandoning module MRMesh (188)
[2018.06.21-00.50.45:315][428]LogModuleManager: Shutting down and abandoning module SourceCodeAccess (186)
[2018.06.21-00.50.45:315][428]LogModuleManager: Shutting down and abandoning module HeadMountedDisplay (184)
[2018.06.21-00.50.45:315][428]LogModuleManager: Shutting down and abandoning module XAudio2 (182)
[2018.06.21-00.50.45:315][428]LogModuleManager: Shutting down and abandoning module Networking (180)
[2018.06.21-00.50.45:315][428]LogModuleManager: Shutting down and abandoning module Core (178)
[2018.06.21-00.50.45:315][428]LogModuleManager: Shutting down and abandoning module LevelSequence (176)
[2018.06.21-00.50.45:315][428]LogModuleManager: Shutting down and abandoning module KismetCompiler (174)
[2018.06.21-00.50.45:315][428]LogModuleManager: Shutting down and abandoning module MeshUtilities (172)
[2018.06.21-00.50.45:318][428]LogModuleManager: Shutting down and abandoning module MeshMergeUtilities (171)
[2018.06.21-00.50.45:318][428]LogModuleManager: Shutting down and abandoning module MeshReductionInterface (170)
[2018.06.21-00.50.45:318][428]LogModuleManager: Shutting down and abandoning module SimplygonSwarm (169)
[2018.06.21-00.50.45:318][428]LogModuleManager: Shutting down and abandoning module SimplygonMeshReduction (167)
[2018.06.21-00.50.45:318][428]LogModuleManager: Shutting down and abandoning module QuadricMeshReduction (165)
[2018.06.21-00.50.45:318][428]LogModuleManager: Shutting down and abandoning module MaterialBaking (161)
[2018.06.21-00.50.45:318][428]LogModuleManager: Shutting down and abandoning module DirectoryWatcher (157)
[2018.06.21-00.50.45:333][428]LogModuleManager: Shutting down and abandoning module DerivedDataCache (154)
[2018.06.21-00.50.45:407][428]LogDerivedDataCache: Shutdown
[2018.06.21-00.50.45:407][428]LogModuleManager: Shutting down and abandoning module XGEController (152)
[2018.06.21-00.50.45:407][428]LogXGEController: Cleaning working directory: C:/Users/user/AppData/Local/Temp/UnrealXGEWorkingDir/
[2018.06.21-00.50.45:407][428]LogModuleManager: Shutting down and abandoning module TargetPlatform (150)
[2018.06.21-00.50.45:408][428]LogModuleManager: Shutting down and abandoning module VulkanShaderFormat (149)
[2018.06.21-00.50.45:408][428]LogModuleManager: Shutting down and abandoning module ShaderFormatVectorVM (147)
[2018.06.21-00.50.45:414][428]LogModuleManager: Shutting down and abandoning module ShaderFormatOpenGL (145)
[2018.06.21-00.50.45:425][428]LogModuleManager: Shutting down and abandoning module ShaderFormatD3D (143)
[2018.06.21-00.50.45:425][428]LogModuleManager: Shutting down and abandoning module MetalShaderFormat (141)
[2018.06.21-00.50.45:439][428]LogModuleManager: Shutting down and abandoning module TextureFormatUncompressed (139)
[2018.06.21-00.50.45:440][428]LogModuleManager: Shutting down and abandoning module TextureFormatPVR (137)
[2018.06.21-00.50.45:440][428]LogModuleManager: Shutting down and abandoning module TextureFormatDXT (135)
[2018.06.21-00.50.45:440][428]LogModuleManager: Shutting down and abandoning module TextureFormatIntelISPCTexComp (133)
[2018.06.21-00.50.45:440][428]LogModuleManager: Shutting down and abandoning module TextureFormatASTC (131)
[2018.06.21-00.50.45:440][428]LogModuleManager: Shutting down and abandoning module ImageWrapper (130)
[2018.06.21-00.50.45:440][428]LogModuleManager: Shutting down and abandoning module TextureFormatAndroid (127)
[2018.06.21-00.50.45:440][428]LogModuleManager: Shutting down and abandoning module AudioFormatOpus (125)
[2018.06.21-00.50.45:440][428]LogModuleManager: Shutting down and abandoning module AudioFormatOgg (123)
[2018.06.21-00.50.45:440][428]LogModuleManager: Shutting down and abandoning module AudioFormatADPCM (121)
[2018.06.21-00.50.45:440][428]LogModuleManager: Shutting down and abandoning module LinuxTargetPlatform (119)
[2018.06.21-00.50.45:440][428]LogModuleManager: Shutting down and abandoning module LinuxServerTargetPlatform (117)
[2018.06.21-00.50.45:441][428]LogModuleManager: Shutting down and abandoning module LinuxNoEditorTargetPlatform (115)
[2018.06.21-00.50.45:441][428]LogModuleManager: Shutting down and abandoning module LinuxClientTargetPlatform (113)
[2018.06.21-00.50.45:441][428]LogModuleManager: Shutting down and abandoning module TVOSTargetPlatform (111)
[2018.06.21-00.50.45:441][428]LogModuleManager: Shutting down and abandoning module Messaging (109)
[2018.06.21-00.50.45:441][428]LogModuleManager: Shutting down and abandoning module IOSTargetPlatform (107)
[2018.06.21-00.50.45:441][428]LogModuleManager: Shutting down and abandoning module HTML5TargetPlatform (105)
[2018.06.21-00.50.45:441][428]LogModuleManager: Shutting down and abandoning module AndroidTargetPlatform (103)
[2018.06.21-00.50.45:441][428]LogModuleManager: Shutting down and abandoning module Android_PVRTCTargetPlatform (101)
[2018.06.21-00.50.45:441][428]LogModuleManager: Shutting down and abandoning module Android_MultiTargetPlatform (99)
[2018.06.21-00.50.45:441][428]LogModuleManager: Shutting down and abandoning module Android_ETC2TargetPlatform (97)
[2018.06.21-00.50.45:441][428]LogModuleManager: Shutting down and abandoning module Android_ETC1TargetPlatform (95)
[2018.06.21-00.50.45:441][428]LogModuleManager: Shutting down and abandoning module Android_ETC1aTargetPlatform (93)
[2018.06.21-00.50.45:441][428]LogModuleManager: Shutting down and abandoning module Android_DXTTargetPlatform (91)
[2018.06.21-00.50.45:441][428]LogModuleManager: Shutting down and abandoning module Android_ATCTargetPlatform (89)
[2018.06.21-00.50.45:441][428]LogModuleManager: Shutting down and abandoning module Android_ASTCTargetPlatform (87)
[2018.06.21-00.50.45:441][428]LogModuleManager: Shutting down and abandoning module WindowsTargetPlatform (85)
[2018.06.21-00.50.45:441][428]LogModuleManager: Shutting down and abandoning module WindowsServerTargetPlatform (83)
[2018.06.21-00.50.45:441][428]LogModuleManager: Shutting down and abandoning module WindowsNoEditorTargetPlatform (81)
[2018.06.21-00.50.45:441][428]LogModuleManager: Shutting down and abandoning module WindowsClientTargetPlatform (79)
[2018.06.21-00.50.45:441][428]LogModuleManager: Shutting down and abandoning module MacTargetPlatform (77)
[2018.06.21-00.50.45:442][428]LogModuleManager: Shutting down and abandoning module MacServerTargetPlatform (75)
[2018.06.21-00.50.45:442][428]LogModuleManager: Shutting down and abandoning module MacNoEditorTargetPlatform (73)
[2018.06.21-00.50.45:442][428]LogModuleManager: Shutting down and abandoning module MacClientTargetPlatform (71)
[2018.06.21-00.50.45:442][428]LogModuleManager: Shutting down and abandoning module AllDesktopTargetPlatform (69)
[2018.06.21-00.50.45:442][428]LogModuleManager: Shutting down and abandoning module InputCore (66)
[2018.06.21-00.50.45:442][428]LogModuleManager: Shutting down and abandoning module Settings (64)
[2018.06.21-00.50.45:442][428]LogModuleManager: Shutting down and abandoning module PhysXCooking (62)
[2018.06.21-00.50.45:442][428]LogModuleManager: Shutting down and abandoning module SteamVR (60)
[2018.06.21-00.50.45:442][428]LogModuleManager: Shutting down and abandoning module OculusHMD (58)
[2018.06.21-00.50.45:442][428]LogModuleManager: Shutting down and abandoning module ExampleDeviceProfileSelector (56)
[2018.06.21-00.50.45:442][428]LogModuleManager: Shutting down and abandoning module AppleARKit (54)
[2018.06.21-00.50.45:442][428]LogModuleManager: Shutting down and abandoning module AugmentedReality (51)
[2018.06.21-00.50.45:442][428]LogModuleManager: Shutting down and abandoning module OnlineBlueprintSupport (48)
[2018.06.21-00.50.45:442][428]LogModuleManager: Shutting down and abandoning module OnlineSubsystem (44)
[2018.06.21-00.50.45:454][428]LogModuleManager: Shutting down and abandoning module XMPP (43)
[2018.06.21-00.50.45:460][428]LogModuleManager: Shutting down and abandoning module HTTP (41)
[2018.06.21-00.50.45:460][428]LogHttp: Display: Http module shutting down, but needs to wait on 1 outstanding Http requests:
[2018.06.21-00.50.45:460][428]LogHttp: Display: 	verb=[POST] url=[https://datarouter.ol.epicgames.com/datarouter/api/v1/public/data?SessionID=%7BC5898BD9-4B5B-BDAA-E3B4-C39A447ECBA9%7D&AppID=UEEditor.Rocket.Release&AppVersion=4.19.2-4033788%2B%2B%2BUE4%2BRelease-4.19&UserID=61061ab5432028f6bd2e998ea357e549%7C9cc6cc93b89545b0a9322d4a7bbba1ae%7C0b68d45a-1a13-4a1e-ba25-05ac133cd6a0&AppEnvironment=datacollector-binary&UploadType=eteventstream] status=Processing
[2018.06.21-00.50.45:474][428]LogModuleManager: Shutting down and abandoning module SSL (40)
[2018.06.21-00.50.45:477][428]LogModuleManager: Shutting down and abandoning module AnimationModifiers (36)
[2018.06.21-00.50.45:477][428]LogModuleManager: Shutting down and abandoning module PropertyEditor (35)
[2018.06.21-00.50.45:483][428]LogModuleManager: Shutting down and abandoning module AudioEditor (32)
[2018.06.21-00.50.45:490][428]LogModuleManager: Shutting down and abandoning module TextureCompressor (30)
[2018.06.21-00.50.45:496][428]LogModuleManager: Shutting down and abandoning module ShaderCore (28)
[2018.06.21-00.50.45:496][428]LogModuleManager: Shutting down and abandoning module Landscape (26)
[2018.06.21-00.50.45:496][428]LogModuleManager: Shutting down and abandoning module SlateRHIRenderer (24)
[2018.06.21-00.50.45:504][428]LogModuleManager: Shutting down and abandoning module OpenGLDrv (22)
[2018.06.21-00.50.45:507][428]LogModuleManager: Shutting down and abandoning module D3D11RHI (20)
[2018.06.21-00.50.45:507][428]LogModuleManager: Shutting down and abandoning module AnimGraphRuntime (18)
[2018.06.21-00.50.45:507][428]LogModuleManager: Shutting down and abandoning module Renderer (16)
[2018.06.21-00.50.45:507][428]LogModuleManager: Shutting down and abandoning module Engine (14)
[2018.06.21-00.50.45:507][428]LogModuleManager: Shutting down and abandoning module CoreUObject (12)
[2018.06.21-00.50.45:507][428]LogModuleManager: Shutting down and abandoning module NetworkFile (10)
[2018.06.21-00.50.45:507][428]LogModuleManager: Shutting down and abandoning module CookedIterativeFile (8)
[2018.06.21-00.50.45:507][428]LogModuleManager: Shutting down and abandoning module StreamingFile (6)
[2018.06.21-00.50.45:507][428]LogModuleManager: Shutting down and abandoning module SandboxFile (4)
[2018.06.21-00.50.45:507][428]LogModuleManager: Shutting down and abandoning module PakFile (2)
[2018.06.21-00.50.45:518][428]LogExit: Exiting.
[2018.06.21-00.50.45:542][428]Log file closed, 06/20/18 21:50:45
