Log file open, 06/27/18 15:00:44
LogWindows: Failed to load 'aqProf.dll' (GetLastError=126)
LogWindows: File 'aqProf.dll' does not exist
LogWindows: Failed to load 'VtuneApi.dll' (GetLastError=126)
LogWindows: File 'VtuneApi.dll' does not exist
LogWindows: Failed to load 'VtuneApi32e.dll' (GetLastError=126)
LogWindows: File 'VtuneApi32e.dll' does not exist
LogInit: Display: Running engine for game: Movment2D
LogPlatformFile: Not using cached read wrapper
LogInit: Display: RandInit(2041245182) SRandInit(2041245182).
LogInit: Read version file with build ID '3944462'
LogInit: Overriding engine version to CL 4033788, compatible CL 3944462
LogInit: Registered custom module enumerator with build ID '3944462'
LogTaskGraph: Started task graph with 5 named threads and 23 total threads with 3 sets of task threads.
LogStats: Stats thread started at 2.293988
LogD3D11RHI: Aftermath initialized
LogICUInternationalization: Display: ICU TimeZone Detection - Raw Offset: -3:00, Platform Override: ''
LogModuleManager: Display: Found up-to-date module file ../../../Engine/Plugins/2D/Paper2D/Binaries/Win64/UE4Editor-Paper2D.dll (API version 3944462).
LogModuleManager: Display: Found up-to-date module file ../../../Engine/Plugins/2D/Paper2D/Binaries/Win64/UE4Editor-Paper2DEditor.dll (API version 3944462).
LogModuleManager: Display: Found up-to-date module file ../../../Engine/Plugins/2D/Paper2D/Binaries/Win64/UE4Editor-PaperSpriteSheetImporter.dll (API version 3944462).
LogModuleManager: Display: Found up-to-date module file ../../../Engine/Plugins/2D/Paper2D/Binaries/Win64/UE4Editor-PaperTiledImporter.dll (API version 3944462).
LogModuleManager: Display: Found up-to-date module file ../../../Engine/Plugins/2D/Paper2D/Binaries/Win64/UE4Editor-SmartSnapping.dll (API version 3944462).
LogModuleManager: Display: Found up-to-date module file ../../../Engine/Plugins/Blendables/LightPropagationVolume/Binaries/Win64/UE4Editor-LightPropagationVolumeRuntime.dll (API version 3944462).
LogModuleManager: Display: Found up-to-date module file ../../../Engine/Plugins/Blendables/LightPropagationVolume/Binaries/Win64/UE4Editor-LightPropagationVolumeEditor.dll (API version 3944462).
LogModuleManager: Display: Found up-to-date module file ../../../Engine/Plugins/Developer/CLionSourceCodeAccess/Binaries/Win64/UE4Editor-CLionSourceCodeAccess.dll (API version 3944462).
LogModuleManager: Display: Found up-to-date module file ../../../Engine/Plugins/Developer/GitSourceControl/Binaries/Win64/UE4Editor-GitSourceControl.dll (API version 3944462).
LogModuleManager: Display: Found up-to-date module file ../../../Engine/Plugins/Developer/PerforceSourceControl/Binaries/Win64/UE4Editor-PerforceSourceControl.dll (API version 3944462).
LogModuleManager: Display: Found up-to-date module file ../../../Engine/Plugins/Developer/SubversionSourceControl/Binaries/Win64/UE4Editor-SubversionSourceControl.dll (API version 3944462).
LogModuleManager: Display: Found up-to-date module file ../../../Engine/Plugins/Developer/UObjectPlugin/Binaries/Win64/UE4Editor-UObjectPlugin.dll (API version 3944462).
LogModuleManager: Display: Found up-to-date module file ../../../Engine/Plugins/Developer/VisualStudioCodeSourceCodeAccess/Binaries/Win64/UE4Editor-VisualStudioCodeSourceCodeAccess.dll (API version 3944462).
LogModuleManager: Display: Found up-to-date module file ../../../Engine/Plugins/Developer/VisualStudioSourceCodeAccess/Binaries/Win64/UE4Editor-VisualStudioSourceCodeAccess.dll (API version 3944462).
LogModuleManager: Display: Found up-to-date module file ../../../Engine/Plugins/Editor/AssetManagerEditor/Binaries/Win64/UE4Editor-AssetManagerEditor.dll (API version 3944462).
LogModuleManager: Display: Found up-to-date module file ../../../Engine/Plugins/Editor/CryptoKeys/Binaries/Win64/UE4Editor-CryptoKeys.dll (API version 3944462).
LogModuleManager: Display: Found up-to-date module file ../../../Engine/Plugins/Editor/CryptoKeys/Binaries/Win64/UE4Editor-CryptoKeysOpenSSL.dll (API version 3944462).
LogModuleManager: Display: Found up-to-date module file ../../../Engine/Plugins/Editor/DataValidation/Binaries/Win64/UE4Editor-DataValidation.dll (API version 3944462).
LogModuleManager: Display: Found up-to-date module file ../../../Engine/Plugins/Editor/FacialAnimation/Binaries/Win64/UE4Editor-FacialAnimation.dll (API version 3944462).
LogModuleManager: Display: Found up-to-date module file ../../../Engine/Plugins/Editor/FacialAnimation/Binaries/Win64/UE4Editor-FacialAnimationEditor.dll (API version 3944462).
LogModuleManager: Display: Found up-to-date module file ../../../Engine/Plugins/Editor/GameplayTagsEditor/Binaries/Win64/UE4Editor-GameplayTagsEditor.dll (API version 3944462).
LogModuleManager: Display: Found up-to-date module file ../../../Engine/Plugins/Editor/MobileLauncherProfileWizard/Binaries/Win64/UE4Editor-MobileLauncherProfileWizard.dll (API version 3944462).
LogModuleManager: Display: Found up-to-date module file ../../../Engine/Plugins/Editor/PluginBrowser/Binaries/Win64/UE4Editor-PluginBrowser.dll (API version 3944462).
LogModuleManager: Display: Found up-to-date module file ../../../Engine/Plugins/Editor/SpeedTreeImporter/Binaries/Win64/UE4Editor-SpeedTreeImporter.dll (API version 3944462).
LogModuleManager: Display: Found up-to-date module file ../../../Engine/Plugins/Enterprise/DatasmithContent/Binaries/Win64/UE4Editor-DatasmithContent.dll (API version 3944462).
LogModuleManager: Display: Found up-to-date module file ../../../Engine/Plugins/Experimental/AlembicImporter/Binaries/Win64/UE4Editor-AlembicImporter.dll (API version 3944462).
LogModuleManager: Display: Found up-to-date module file ../../../Engine/Plugins/Experimental/AlembicImporter/Binaries/Win64/UE4Editor-AlembicLibrary.dll (API version 3944462).
LogModuleManager: Display: Found up-to-date module file ../../../Engine/Plugins/Experimental/CharacterAI/Binaries/Win64/UE4Editor-CharacterAI.dll (API version 3944462).
LogModuleManager: Display: Found up-to-date module file ../../../Engine/Plugins/Experimental/HTML5Networking/Binaries/Win64/UE4Editor-HTML5Networking.dll (API version 3944462).
LogModuleManager: Display: Found up-to-date module file ../../../Engine/Plugins/Media/AndroidMedia/Binaries/Win64/UE4Editor-AndroidMediaEditor.dll (API version 3944462).
LogModuleManager: Display: Found up-to-date module file ../../../Engine/Plugins/Media/AndroidMedia/Binaries/Win64/UE4Editor-AndroidMediaFactory.dll (API version 3944462).
LogModuleManager: Display: Found up-to-date module file ../../../Engine/Plugins/Media/AvfMedia/Binaries/Win64/UE4Editor-AvfMediaEditor.dll (API version 3944462).
LogModuleManager: Display: Found up-to-date module file ../../../Engine/Plugins/Media/AvfMedia/Binaries/Win64/UE4Editor-AvfMediaFactory.dll (API version 3944462).
LogModuleManager: Display: Found up-to-date module file ../../../Engine/Plugins/Media/AvfMedia/Binaries/Win64/UE4Editor-AvfMediaFactory.dll (API version 3944462).
LogModuleManager: Display: Found up-to-date module file ../../../Engine/Plugins/Media/ImgMedia/Binaries/Win64/UE4Editor-ImgMedia.dll (API version 3944462).
LogModuleManager: Display: Found up-to-date module file ../../../Engine/Plugins/Media/ImgMedia/Binaries/Win64/UE4Editor-ImgMediaEditor.dll (API version 3944462).
LogModuleManager: Display: Found up-to-date module file ../../../Engine/Plugins/Media/ImgMedia/Binaries/Win64/UE4Editor-ImgMediaFactory.dll (API version 3944462).
LogModuleManager: Display: Found up-to-date module file ../../../Engine/Plugins/Media/ImgMedia/Binaries/Win64/UE4Editor-ImgMediaFactory.dll (API version 3944462).
LogModuleManager: Display: Found up-to-date module file ../../../Engine/Plugins/Media/ImgMedia/Binaries/Win64/UE4Editor-OpenExrWrapper.dll (API version 3944462).
LogModuleManager: Display: Found up-to-date module file ../../../Engine/Plugins/Media/LinearTimecode/Binaries/Win64/UE4Editor-LinearTimecode.dll (API version 3944462).
LogModuleManager: Display: Found up-to-date module file ../../../Engine/Plugins/Media/MediaCompositing/Binaries/Win64/UE4Editor-MediaCompositing.dll (API version 3944462).
LogModuleManager: Display: Found up-to-date module file ../../../Engine/Plugins/Media/MediaCompositing/Binaries/Win64/UE4Editor-MediaCompositingEditor.dll (API version 3944462).
LogModuleManager: Display: Found up-to-date module file ../../../Engine/Plugins/Media/MediaPlayerEditor/Binaries/Win64/UE4Editor-MediaPlayerEditor.dll (API version 3944462).
LogModuleManager: Display: Found up-to-date module file ../../../Engine/Plugins/Media/WmfMedia/Binaries/Win64/UE4Editor-WmfMedia.dll (API version 3944462).
LogModuleManager: Display: Found up-to-date module file ../../../Engine/Plugins/Media/WmfMedia/Binaries/Win64/UE4Editor-WmfMediaEditor.dll (API version 3944462).
LogModuleManager: Display: Found up-to-date module file ../../../Engine/Plugins/Media/WmfMedia/Binaries/Win64/UE4Editor-WmfMediaFactory.dll (API version 3944462).
LogModuleManager: Display: Found up-to-date module file ../../../Engine/Plugins/Media/WmfMedia/Binaries/Win64/UE4Editor-WmfMediaFactory.dll (API version 3944462).
LogModuleManager: Display: Found up-to-date module file ../../../Engine/Plugins/Messaging/TcpMessaging/Binaries/Win64/UE4Editor-TcpMessaging.dll (API version 3944462).
LogModuleManager: Display: Found up-to-date module file ../../../Engine/Plugins/Messaging/UdpMessaging/Binaries/Win64/UE4Editor-UdpMessaging.dll (API version 3944462).
LogModuleManager: Display: Found up-to-date module file ../../../Engine/Plugins/MovieScene/ActorSequence/Binaries/Win64/UE4Editor-ActorSequence.dll (API version 3944462).
LogModuleManager: Display: Found up-to-date module file ../../../Engine/Plugins/MovieScene/LevelSequenceEditor/Binaries/Win64/UE4Editor-LevelSequenceEditor.dll (API version 3944462).
LogModuleManager: Display: Found up-to-date module file ../../../Engine/Plugins/MovieScene/MatineeToLevelSequence/Binaries/Win64/UE4Editor-MatineeToLevelSequence.dll (API version 3944462).
LogModuleManager: Display: Found up-to-date module file ../../../Engine/Plugins/NetcodeUnitTest/NetcodeUnitTest/Binaries/Win64/UE4Editor-NetcodeUnitTest.dll (API version 3944462).
LogModuleManager: Display: Found up-to-date module file ../../../Engine/Plugins/NetcodeUnitTest/NUTUnrealEngine4/Binaries/Win64/UE4Editor-NUTUnrealEngine4.dll (API version 3944462).
LogModuleManager: Display: Found up-to-date module file ../../../Engine/Plugins/Online/OnlineSubsystem/Binaries/Win64/UE4Editor-OnlineSubsystem.dll (API version 3944462).
LogModuleManager: Display: Found up-to-date module file ../../../Engine/Plugins/Runtime/AndroidPermission/Binaries/Win64/UE4Editor-AndroidPermission.dll (API version 3944462).
LogModuleManager: Display: Found up-to-date module file ../../../Engine/Plugins/Online/OnlineSubsystemNull/Binaries/Win64/UE4Editor-OnlineSubsystemNull.dll (API version 3944462).
LogModuleManager: Display: Found up-to-date module file ../../../Engine/Plugins/Online/OnlineSubsystemUtils/Binaries/Win64/UE4Editor-OnlineSubsystemUtils.dll (API version 3944462).
LogModuleManager: Display: Found up-to-date module file ../../../Engine/Plugins/Online/OnlineSubsystemUtils/Binaries/Win64/UE4Editor-OnlineBlueprintSupport.dll (API version 3944462).
LogModuleManager: Display: Found up-to-date module file ../../../Engine/Plugins/Runtime/AndroidDeviceProfileSelector/Binaries/Win64/UE4Editor-AndroidDeviceProfileSelector.dll (API version 3944462).
LogModuleManager: Display: Found up-to-date module file ../../../Engine/Plugins/Runtime/AppleARKit/Binaries/Win64/UE4Editor-AppleARKit.dll (API version 3944462).
LogModuleManager: Display: Found up-to-date module file ../../../Engine/Plugins/Runtime/ProceduralMeshComponent/Binaries/Win64/UE4Editor-ProceduralMeshComponent.dll (API version 3944462).
LogModuleManager: Display: Found up-to-date module file ../../../Engine/Plugins/Runtime/ProceduralMeshComponent/Binaries/Win64/UE4Editor-ProceduralMeshComponentEditor.dll (API version 3944462).
LogModuleManager: Display: Found up-to-date module file ../../../Engine/Plugins/Animation/LiveLink/Binaries/Win64/UE4Editor-LiveLink.dll (API version 3944462).
LogModuleManager: Display: Found up-to-date module file ../../../Engine/Plugins/Animation/LiveLink/Binaries/Win64/UE4Editor-LiveLinkEditor.dll (API version 3944462).
LogModuleManager: Display: Found up-to-date module file ../../../Engine/Plugins/Runtime/ArchVisCharacter/Binaries/Win64/UE4Editor-ArchVisCharacter.dll (API version 3944462).
LogModuleManager: Display: Found up-to-date module file ../../../Engine/Plugins/Runtime/AudioCapture/Binaries/Win64/UE4Editor-AudioCapture.dll (API version 3944462).
LogModuleManager: Display: Found up-to-date module file ../../../Engine/Plugins/Runtime/AudioCapture/Binaries/Win64/UE4Editor-AudioCaptureEditor.dll (API version 3944462).
LogModuleManager: Display: Found up-to-date module file ../../../Engine/Plugins/Runtime/CableComponent/Binaries/Win64/UE4Editor-CableComponent.dll (API version 3944462).
LogModuleManager: Display: Found up-to-date module file ../../../Engine/Plugins/Runtime/CustomMeshComponent/Binaries/Win64/UE4Editor-CustomMeshComponent.dll (API version 3944462).
LogModuleManager: Display: Found up-to-date module file ../../../Engine/Plugins/Runtime/ExampleDeviceProfileSelector/Binaries/Win64/UE4Editor-ExampleDeviceProfileSelector.dll (API version 3944462).
LogModuleManager: Display: Found up-to-date module file ../../../Engine/Plugins/Runtime/ImmediatePhysics/Binaries/Win64/UE4Editor-ImmediatePhysics.dll (API version 3944462).
LogModuleManager: Display: Found up-to-date module file ../../../Engine/Plugins/Runtime/ImmediatePhysics/Binaries/Win64/UE4Editor-ImmediatePhysicsEditor.dll (API version 3944462).
LogModuleManager: Display: Found up-to-date module file ../../../Engine/Plugins/Runtime/LocationServicesBPLibrary/Binaries/Win64/UE4Editor-LocationServicesBPLibrary.dll (API version 3944462).
LogModuleManager: Display: Found up-to-date module file ../../../Engine/Plugins/Runtime/MobilePatchingUtils/Binaries/Win64/UE4Editor-MobilePatchingUtils.dll (API version 3944462).
LogModuleManager: Display: Found up-to-date module file ../../../Engine/Plugins/Runtime/Oculus/OculusVR/Binaries/Win64/UE4Editor-OculusHMD.dll (API version 3944462).
LogModuleManager: Display: Found up-to-date module file ../../../Engine/Plugins/Runtime/Oculus/OculusVR/Binaries/Win64/UE4Editor-OculusInput.dll (API version 3944462).
LogModuleManager: Display: Found up-to-date module file ../../../Engine/Plugins/Runtime/Oculus/OculusVR/Binaries/Win64/UE4Editor-OculusEditor.dll (API version 3944462).
LogModuleManager: Display: Found up-to-date module file ../../../Engine/Plugins/Runtime/PhysXVehicles/Binaries/Win64/UE4Editor-PhysXVehicles.dll (API version 3944462).
LogModuleManager: Display: Found up-to-date module file ../../../Engine/Plugins/Runtime/PhysXVehicles/Binaries/Win64/UE4Editor-PhysXVehiclesEditor.dll (API version 3944462).
LogModuleManager: Display: Found up-to-date module file ../../../Engine/Plugins/Runtime/RuntimePhysXCooking/Binaries/Win64/UE4Editor-RuntimePhysXCooking.dll (API version 3944462).
LogModuleManager: Display: Found up-to-date module file ../../../Engine/Plugins/Runtime/Steam/SteamVR/Binaries/Win64/UE4Editor-SteamVR.dll (API version 3944462).
LogModuleManager: Display: Found up-to-date module file ../../../Engine/Plugins/Runtime/Steam/SteamVR/Binaries/Win64/UE4Editor-SteamVRController.dll (API version 3944462).
LogModuleManager: Display: Found up-to-date module file ../../../Engine/Plugins/Runtime/WindowsMoviePlayer/Binaries/Win64/UE4Editor-WindowsMoviePlayer.dll (API version 3944462).
LogPluginManager: Mounting plugin Paper2D
LogPluginManager: Mounting plugin LiveLink
LogPluginManager: Mounting plugin LightPropagationVolume
LogPluginManager: Mounting plugin CLionSourceCodeAccess
LogPluginManager: Mounting plugin CodeLiteSourceCodeAccess
LogPluginManager: Mounting plugin GitSourceControl
LogPluginManager: Mounting plugin KDevelopSourceCodeAccess
LogPluginManager: Mounting plugin NullSourceCodeAccess
LogPluginManager: Mounting plugin PerforceSourceControl
LogPluginManager: Mounting plugin SubversionSourceControl
LogPluginManager: Mounting plugin UObjectPlugin
LogPluginManager: Mounting plugin VisualStudioCodeSourceCodeAccess
LogPluginManager: Mounting plugin VisualStudioSourceCodeAccess
LogPluginManager: Mounting plugin XCodeSourceCodeAccess
LogPluginManager: Mounting plugin AssetManagerEditor
LogPluginManager: Mounting plugin CryptoKeys
LogPluginManager: Mounting plugin DataValidation
LogPluginManager: Mounting plugin FacialAnimation
LogPluginManager: Mounting plugin GameplayTagsEditor
LogPluginManager: Mounting plugin MobileLauncherProfileWizard
LogPluginManager: Mounting plugin PluginBrowser
LogPluginManager: Mounting plugin SpeedTreeImporter
LogPluginManager: Mounting plugin DatasmithContent
LogPluginManager: Mounting plugin AlembicImporter
LogPluginManager: Mounting plugin CharacterAI
LogPluginManager: Mounting plugin HTML5Networking
LogPluginManager: Mounting plugin AndroidMedia
LogPluginManager: Mounting plugin AvfMedia
LogPluginManager: Mounting plugin ImgMedia
LogPluginManager: Mounting plugin LinearTimecode
LogPluginManager: Mounting plugin MediaCompositing
LogPluginManager: Mounting plugin MediaPlayerEditor
LogPluginManager: Mounting plugin WmfMedia
LogPluginManager: Mounting plugin TcpMessaging
LogPluginManager: Mounting plugin UdpMessaging
LogPluginManager: Mounting plugin ActorSequence
LogPluginManager: Mounting plugin LevelSequenceEditor
LogPluginManager: Mounting plugin MatineeToLevelSequence
LogPluginManager: Mounting plugin NetcodeUnitTest
LogPluginManager: Mounting plugin NUTUnrealEngine4
LogPluginManager: Mounting plugin OnlineSubsystemGooglePlay
LogPluginManager: Mounting plugin OnlineSubsystemIOS
LogPluginManager: Mounting plugin OnlineSubsystem
LogPluginManager: Mounting plugin OnlineSubsystemNull
LogPluginManager: Mounting plugin OnlineSubsystemUtils
LogPluginManager: Mounting plugin AndroidDeviceProfileSelector
LogPluginManager: Mounting plugin AndroidMoviePlayer
LogPluginManager: Mounting plugin AndroidPermission
LogPluginManager: Mounting plugin AppleARKit
LogPluginManager: Mounting plugin AppleMoviePlayer
LogPluginManager: Mounting plugin ArchVisCharacter
LogPluginManager: Mounting plugin AudioCapture
LogPluginManager: Mounting plugin CableComponent
LogPluginManager: Mounting plugin CustomMeshComponent
LogPluginManager: Mounting plugin ExampleDeviceProfileSelector
LogPluginManager: Mounting plugin GoogleCloudMessaging
LogPluginManager: Mounting plugin ImmediatePhysics
LogPluginManager: Mounting plugin IOSDeviceProfileSelector
LogPluginManager: Mounting plugin LinuxDeviceProfileSelector
LogPluginManager: Mounting plugin LocationServicesBPLibrary
LogPluginManager: Mounting plugin MobilePatchingUtils
LogPluginManager: Mounting plugin OculusVR
LogPluginManager: Plugin shader directory ../../../Engine/Plugins/Runtime/Oculus/OculusVR/Shaders found
LogPluginManager: Mapping shader source directory ../../../Engine/Plugins/Runtime/Oculus/OculusVR/Shaders to virtual directory /Plugin/OculusVR
LogPluginManager: Mounting plugin PhysXVehicles
LogPluginManager: Mounting plugin ProceduralMeshComponent
LogPluginManager: Mounting plugin RuntimePhysXCooking
LogPluginManager: Mounting plugin SteamVR
LogPluginManager: Mounting plugin WindowsMoviePlayer
LogStreaming: Display: Took  4.052s to configure plugins.
LogInit: Using libcurl 7.47.1
LogInit:  - built for x86_64-pc-win32
LogInit:  - supports SSL with OpenSSL/1.0.2g
LogInit:  - supports HTTP deflate (compression) using libz 1.2.8
LogInit:  - other features:
LogInit:      CURL_VERSION_SSL
LogInit:      CURL_VERSION_LIBZ
LogInit:      CURL_VERSION_IPV6
LogInit:      CURL_VERSION_ASYNCHDNS
LogInit:      CURL_VERSION_LARGEFILE
LogInit:      CURL_VERSION_IDN
LogInit:  CurlRequestOptions (configurable via config and command line):
LogInit:  - bVerifyPeer = false  - Libcurl will NOT verify peer certificate
LogInit:  - bUseHttpProxy = false  - Libcurl will NOT use HTTP proxy
LogInit:  - bDontReuseConnections = false  - Libcurl will reuse connections
LogInit:  - CertBundlePath = nullptr  - Libcurl will use whatever was configured at build time.
LogInit:  - MaxHostConnections = 16  - Libcurl will limit the number of connections to a host
LogInit:  - LocalHostAddr = Default
LogInit: WinSock: version 1.1 (2.2), MaxSocks=32767, MaxUdp=65467
LogInit: WinSock: I am DESKTOP-DF47ANL (192.168.104.45:0)
LogHMD: Failed initializing OVRPlugin 1.21.0
LogInit: Build: ++UE4+Release-4.19-CL-4033788
LogInit: Engine Version: 4.19.2-4033788+++UE4+Release-4.19
LogInit: Compatible Engine Version: 4.19.0-3944462+++UE4+Release-4.19
LogInit: Net CL: 3944462
LogDevObjectVersion: Number of dev versions registered: 18
LogDevObjectVersion:   Dev-Blueprints (B0D832E4-1F89-4F0D-ACCF-7EB736FD4AA2): 10
LogDevObjectVersion:   Dev-Build (E1C64328-A22C-4D53-A36C-8E866417BD8C): 0
LogDevObjectVersion:   Dev-Core (375EC13C-06E4-48FB-B500-84F0262A717E): 2
LogDevObjectVersion:   Dev-Editor (E4B068ED-F494-42E9-A231-DA0B2E46BB41): 23
LogDevObjectVersion:   Dev-Framework (CFFC743F-43B0-4480-9391-14DF171D2073): 33
LogDevObjectVersion:   Dev-Mobile (B02B49B5-BB20-44E9-A304-32B752E40360): 2
LogDevObjectVersion:   Dev-Networking (A4E4105C-59A1-49B5-A7C5-40C4547EDFEE): 0
LogDevObjectVersion:   Dev-Online (39C831C9-5AE6-47DC-9A44-9C173E1C8E7C): 0
LogDevObjectVersion:   Dev-Physics (78F01B33-EBEA-4F98-B9B4-84EACCB95AA2): 0
LogDevObjectVersion:   Dev-Platform (6631380F-2D4D-43E0-8009-CF276956A95A): 0
LogDevObjectVersion:   Dev-Rendering (12F88B9F-8875-4AFC-A67C-D90C383ABD29): 25
LogDevObjectVersion:   Dev-Sequencer (7B5AE74C-D270-4C10-A958-57980B212A5A): 6
LogDevObjectVersion:   Dev-VR (D7296918-1DD6-4BDD-9DE2-64A83CC13884): 1
LogDevObjectVersion:   Dev-LoadTimes (C2A15278-BFE7-4AFE-6C17-90FF531DF755): 1
LogDevObjectVersion:   Private-Geometry (6EACA3D4-40EC-4CC1-B786-8BED09428FC5): 2
LogDevObjectVersion:   Dev-AnimPhys (29E575DD-E0A3-4627-9D10-D276232CDCEA): 16
LogDevObjectVersion:   Dev-ReflectionCapture (6B266CEC-1EC7-4B8F-A30B-E4D90942FC07): 1
LogDevObjectVersion:   Dev-Automation (0DF73D61-A23F-47EA-B727-89E90C41499A): 1
LogInit: Compiled (64-bit): Apr 27 2018 02:06:57
LogInit: Compiled with Visual C++: 19.00.24215.01
LogInit: Build Configuration: Development
LogInit: Branch Name: ++UE4+Release-4.19
LogInit: Command Line:  
LogInit: Base Directory: E:/Program Files/UnrealEngine/UE_4.19/Engine/Binaries/Win64/
LogInit: Installed Engine Build: 1
LogStreaming: Display: Took  0.013s to delete old logs.
LogInit: Presizing for max 8388607 objects, including 0 objects not considered by GC, pre-allocating 0 bytes for permanent pool.
LogInit: Object subsystem initialized
[2018.06.27-18.00.51:208][  0]LogInit: Selected Device Profile: [Windows]
[2018.06.27-18.00.51:208][  0]LogInit: Applying CVar settings loaded from the selected device profile: [Windows]
[2018.06.27-18.00.51:301][  0]LogInit: Computer: DESKTOP-DF47ANL
[2018.06.27-18.00.51:302][  0]LogInit: User: ErickHiga
[2018.06.27-18.00.51:302][  0]LogInit: CPU Page size=4096, Cores=4
[2018.06.27-18.00.51:302][  0]LogInit: High frequency timer resolution =2.742187 MHz
[2018.06.27-18.00.51:303][  0]LogMemory: Memory total: Physical=15.9GB (16GB approx)
[2018.06.27-18.00.51:304][  0]LogMemory: Platform Memory Stats for Windows
[2018.06.27-18.00.51:304][  0]LogMemory: Process Physical Memory: 277.82 MB used, 277.82 MB peak
[2018.06.27-18.00.51:304][  0]LogMemory: Process Virtual Memory: 269.13 MB used, 269.13 MB peak
[2018.06.27-18.00.51:304][  0]LogMemory: Physical Memory: 8468.32 MB used,  7798.91 MB free, 16267.23 MB total
[2018.06.27-18.00.51:304][  0]LogMemory: Virtual Memory: 4839.32 MB used,  7798.91 MB free, 134217728.00 MB total
[2018.06.27-18.00.51:980][  0]LogInit: Overriding language with editor language configuration option (en).
[2018.06.27-18.00.51:980][  0]LogInit: Overriding locale with editor locale configuration option (en).
[2018.06.27-18.00.53:110][  0]LogStreaming: Display: Took  1.063s to EndInitTextLocalization.
[2018.06.27-18.00.53:132][  0]LogInit: Setting process to per monitor DPI aware
[2018.06.27-18.00.53:524][  0]LogSlate: New Slate User Created.  User Index 0, Is Virtual User: 0
[2018.06.27-18.00.53:524][  0]LogSlate: Slate User Registered.  User Index 0, Is Virtual User: 0
[2018.06.27-18.00.56:654][  0]LogD3D11RHI: D3D11 adapters:
[2018.06.27-18.00.56:756][  0]LogD3D11RHI:    0. 'NVIDIA GeForce GTX 1070 with Max-Q Design' (Feature Level 11_0)
[2018.06.27-18.00.56:756][  0]LogD3D11RHI:       8081/0/8133 MB DedicatedVideo/DedicatedSystem/SharedSystem, Outputs:1, VendorId:0x10de
[2018.06.27-18.00.56:769][  0]LogD3D11RHI:    1. 'Intel(R) HD Graphics 630' (Feature Level 11_0)
[2018.06.27-18.00.56:770][  0]LogD3D11RHI:       128/0/8133 MB DedicatedVideo/DedicatedSystem/SharedSystem, Outputs:0, VendorId:0x8086
[2018.06.27-18.00.56:772][  0]LogD3D11RHI:    2. 'Microsoft Basic Render Driver' (Feature Level 11_0)
[2018.06.27-18.00.56:772][  0]LogD3D11RHI:       0/0/8133 MB DedicatedVideo/DedicatedSystem/SharedSystem, Outputs:0, VendorId:0x1414
[2018.06.27-18.00.56:772][  0]LogD3D11RHI: Chosen D3D11 Adapter: 0
[2018.06.27-18.00.56:799][  0]LogD3D11RHI: Creating new Direct3DDevice
[2018.06.27-18.00.56:800][  0]LogD3D11RHI:     GPU DeviceId: 0x1ba1 (for the marketing name, search the web for "GPU Device Id")
[2018.06.27-18.00.56:800][  0]LogWindows: EnumDisplayDevices:
[2018.06.27-18.00.56:801][  0]LogWindows:    0. 'Intel(R) HD Graphics 630' (P:1 D:1)
[2018.06.27-18.00.56:801][  0]LogWindows:    1. 'Intel(R) HD Graphics 630' (P:0 D:0)
[2018.06.27-18.00.56:801][  0]LogWindows:    2. 'Intel(R) HD Graphics 630' (P:0 D:0)
[2018.06.27-18.00.56:801][  0]LogWindows:    3. 'NVIDIA GeForce GTX 1070 with Max-Q Design' (P:0 D:0)
[2018.06.27-18.00.56:802][  0]LogWindows:    4. 'NVIDIA GeForce GTX 1070 with Max-Q Design' (P:0 D:0)
[2018.06.27-18.00.56:802][  0]LogWindows:    5. 'NVIDIA GeForce GTX 1070 with Max-Q Design' (P:0 D:0)
[2018.06.27-18.00.56:802][  0]LogWindows:    6. 'NVIDIA GeForce GTX 1070 with Max-Q Design' (P:0 D:0)
[2018.06.27-18.00.56:802][  0]LogWindows: DebugString: GetVideoDriverDetailsInvalid PrimaryIsNotTheChoosenAdapter GetVideoDriverDetailsInvalid PrimaryIsNotTheChoosenAdapter GetVideoDriverDetailsInvalid PrimaryIsNotTheChoosenAdapter GetVideoDriverDetailsInvalid PrimaryIsNotTheChoosenAdapter GetVideoDriverDetailsInvalid PrimaryIsNotTheChoosenAdapter GetVideoDriverDetailsInvalid PrimaryIsNotTheChoosenAdapter GetVideoDriverDetailsInvalid PrimaryIsNotTheChoosenAdapter FoundDriverCount:0 
[2018.06.27-18.00.56:802][  0]LogD3D11RHI:     Adapter Name: NVIDIA GeForce GTX 1070 with Max-Q Design
[2018.06.27-18.00.56:802][  0]LogD3D11RHI:   Driver Version: Unknown (internal:Unknown, unified:Unknown)
[2018.06.27-18.00.56:802][  0]LogD3D11RHI:      Driver Date: Unknown
[2018.06.27-18.00.56:803][  0]LogRHI: Texture pool is 5656 MB (70% of 8081 MB)
[2018.06.27-18.00.56:873][  0]LogD3D11RHI: [Aftermath] Aftermath enabled and primed
[2018.06.27-18.00.56:873][  0]LogD3D11RHI: [Aftermath] Aftermath enabled and primed
[2018.06.27-18.00.56:873][  0]LogD3D11RHI: Async texture creation enabled
[2018.06.27-18.00.57:082][  0]LogD3D11RHI: GPU Timing Frequency: 1000.000000 (Debug: 2 2)
[2018.06.27-18.00.57:177][  0]LogShaderCompilers: Guid format shader working directory is 7 characters bigger than the processId version (../../../../../../UnrealProjects/Movment2D/Intermediate/Shaders/WorkingDirectory/22344/).
[2018.06.27-18.00.57:182][  0]LogShaderCompilers: Cleaned the shader compiler working directory 'C:/Users/ErickHiga/AppData/Local/Temp/UnrealShaderWorkingDir/C949057E4EE7C2441CAD0CA29680924E/'.
[2018.06.27-18.00.58:397][  0]LogTemp: Display: Loaded TP AllDesktopTargetPlatform
[2018.06.27-18.00.58:416][  0]LogTemp: Display: Loaded TP MacClientTargetPlatform
[2018.06.27-18.00.58:440][  0]LogTemp: Display: Loaded TP MacNoEditorTargetPlatform
[2018.06.27-18.00.58:464][  0]LogTemp: Display: Loaded TP MacServerTargetPlatform
[2018.06.27-18.00.58:492][  0]LogTemp: Display: Loaded TP MacTargetPlatform
[2018.06.27-18.00.58:508][  0]LogTemp: Display: Loaded TP WindowsClientTargetPlatform
[2018.06.27-18.00.58:524][  0]LogTemp: Display: Loaded TP WindowsNoEditorTargetPlatform
[2018.06.27-18.00.58:539][  0]LogTemp: Display: Loaded TP WindowsServerTargetPlatform
[2018.06.27-18.00.58:546][  0]LogTemp: Display: Loaded TP WindowsTargetPlatform
[2018.06.27-18.00.58:561][  0]LogTemp: Display: Loaded TP Android_ASTCTargetPlatform
[2018.06.27-18.00.58:575][  0]LogTemp: Display: Loaded TP Android_ATCTargetPlatform
[2018.06.27-18.00.58:591][  0]LogTemp: Display: Loaded TP Android_DXTTargetPlatform
[2018.06.27-18.00.58:605][  0]LogTemp: Display: Loaded TP Android_ETC1aTargetPlatform
[2018.06.27-18.00.58:620][  0]LogTemp: Display: Loaded TP Android_ETC1TargetPlatform
[2018.06.27-18.00.58:634][  0]LogTemp: Display: Loaded TP Android_ETC2TargetPlatform
[2018.06.27-18.00.58:662][  0]LogTemp: Display: Loaded TP Android_MultiTargetPlatform
[2018.06.27-18.00.58:662][  0]LogTemp: Display: Loaded TP Android_PVRTCTargetPlatform
[2018.06.27-18.00.58:706][  0]LogTemp: Display: Loaded TP AndroidTargetPlatform
[2018.06.27-18.00.58:707][  0]LogTemp: Display: Loaded TP HTML5TargetPlatform
[2018.06.27-18.00.58:784][  0]LogTemp: Display: Loaded TP IOSTargetPlatform
[2018.06.27-18.00.58:797][  0]LogTemp: Display: Loaded TP TVOSTargetPlatform
[2018.06.27-18.00.58:813][  0]LogTemp: Display: Loaded TP LinuxClientTargetPlatform
[2018.06.27-18.00.58:832][  0]LogTemp: Display: Loaded TP LinuxNoEditorTargetPlatform
[2018.06.27-18.00.58:849][  0]LogTemp: Display: Loaded TP LinuxServerTargetPlatform
[2018.06.27-18.00.58:875][  0]LogTemp: Display: Loaded TP LinuxTargetPlatform
[2018.06.27-18.00.58:875][  0]LogTargetPlatformManager: Display: Building Assets For Windows
[2018.06.27-18.00.59:676][  0]LogXGEController: Cleaning working directory: C:/Users/ErickHiga/AppData/Local/Temp/UnrealXGEWorkingDir/
[2018.06.27-18.00.59:678][  0]LogXGEController: Cannot use XGE Controller as Incredibuild is not installed on this machine.
[2018.06.27-18.00.59:686][  0]LogShaderCompilers: Cannot use XGE Shader Compiler as Incredibuild is not installed on this machine.
[2018.06.27-18.00.59:686][  0]LogShaderCompilers: Display: Using Local Shader Compiler.
[2018.06.27-18.01.03:385][  0]LogDerivedDataCache: Display: Max Cache Size: 512 MB
[2018.06.27-18.01.03:836][  0]LogDerivedDataCache: Loaded boot cache 0.45s 74MB C:/Users/ErickHiga/AppData/Local/UnrealEngine/4.19/DerivedDataCache/Boot.ddc.
[2018.06.27-18.01.03:836][  0]LogDerivedDataCache: Display: Loaded Boot cache: C:/Users/ErickHiga/AppData/Local/UnrealEngine/4.19/DerivedDataCache/Boot.ddc
[2018.06.27-18.01.03:836][  0]LogDerivedDataCache: FDerivedDataBackendGraph:  Pak pak cache file ../../../../../../UnrealProjects/Movment2D/DerivedDataCache/DDC.ddp not found, will not use a pak cache.
[2018.06.27-18.01.03:836][  0]LogDerivedDataCache: Unable to find inner node Pak for hierarchical cache Hierarchy.
[2018.06.27-18.01.03:836][  0]LogDerivedDataCache: FDerivedDataBackendGraph:  CompressedPak pak cache file ../../../../../../UnrealProjects/Movment2D/DerivedDataCache/Compressed.ddp not found, will not use a pak cache.
[2018.06.27-18.01.03:836][  0]LogDerivedDataCache: Unable to find inner node CompressedPak for hierarchical cache Hierarchy.
[2018.06.27-18.01.03:930][  0]LogDerivedDataCache: Display: Pak cache opened for reading ../../../Engine/DerivedDataCache/Compressed.ddp.
[2018.06.27-18.01.03:948][  0]LogDerivedDataCache: Using Local data cache path C:/Users/ErickHiga/AppData/Local/UnrealEngine/Common/DerivedDataCache: Writable
[2018.06.27-18.01.03:948][  0]LogDerivedDataCache: Shared data cache path not found in *engine.ini, will not use an Shared cache.
[2018.06.27-18.01.03:948][  0]LogDerivedDataCache: Unable to find inner node Shared for hierarchical cache Hierarchy.
[2018.06.27-18.01.03:993][  0]LogMaterial: Verifying Global Shaders for PCD3D_SM5
[2018.06.27-18.01.04:041][  0]LogSlate: Using Freetype 2.6.0
[2018.06.27-18.01.04:112][  0]LogSlate: SlateFontCache - WITH_FREETYPE: 1, WITH_HARFBUZZ: 1
[2018.06.27-18.01.04:112][  0]LogSlate: SlateFontCache - WITH_FREETYPE: 1, WITH_HARFBUZZ: 1
[2018.06.27-18.01.10:418][  0]LogAssetRegistry: FAssetRegistry took 0.0344 seconds to start up
[2018.06.27-18.01.13:233][  0]LogInit: Selected Device Profile: [Windows]
[2018.06.27-18.01.14:644][  0]LogSimplygon: Simplygon DLL not present - disabling.
[2018.06.27-18.01.14:718][  0]LogMeshReduction: Using SimplygonSwarm for distributed automatic mesh merging
[2018.06.27-18.01.14:745][  0]LogMeshReduction: Using QuadricMeshReduction for automatic static mesh reduction
[2018.06.27-18.01.14:754][  0]LogMeshReduction: No automatic skeletal mesh reduction module available
[2018.06.27-18.01.14:754][  0]LogMeshReduction: No automatic mesh merging module available
[2018.06.27-18.01.14:754][  0]LogMeshMerging: No automatic mesh merging module available
[2018.06.27-18.01.15:269][  0]LogNetVersion: Movment2D , NetCL: 3944462, EngineNetVer: 2, GameNetVer: 0 (Checksum: 3326228246)
[2018.06.27-18.01.18:501][  0]LogPackageLocalizationCache: Processed 9 localized package path(s) for 1 prioritized culture(s) in 0.101885 seconds
[2018.06.27-18.01.18:536][  0]LogUObjectArray: 36728 objects as part of root set at end of initial load.
[2018.06.27-18.01.18:536][  0]LogUObjectAllocator: 7314304 out of 0 bytes used by permanent object pool.
[2018.06.27-18.01.18:536][  0]LogUObjectArray: CloseDisregardForGC: 0/0 objects in disregard for GC pool
[2018.06.27-18.01.32:293][  0]LogTcpMessaging: Initializing TcpMessaging bridge
[2018.06.27-18.01.32:341][  0]LogUdpMessaging: Initializing bridge on interface 0.0.0.0:0 to multicast group 230.0.0.1:6666.
[2018.06.27-18.01.33:520][  0]SourceControl: Source control is disabled
[2018.06.27-18.01.33:522][  0]SourceControl: Source control is disabled
[2018.06.27-18.01.33:714][  0]SourceControl: Source control is disabled
[2018.06.27-18.01.33:747][  0]SourceControl: Source control is disabled
[2018.06.27-18.01.35:656][  0]LogAndroidPermission: UAndroidPermissionCallbackProxy::GetInstance
[2018.06.27-18.01.35:977][  0]LogOcInput: OculusInput pre-init called
[2018.06.27-18.01.36:693][  0]LogEngine: Initializing Engine...
[2018.06.27-18.01.37:544][  0]LogHMD: SteamVR initialized.  Driver: lighthouse  Display: LHR-C76635AA
[2018.06.27-18.01.37:581][  0]LogStats: UGameplayTagsManager::ConstructGameplayTagTree: Construct from data asset -  0.000 s
[2018.06.27-18.01.37:584][  0]LogStats: UGameplayTagsManager::ConstructGameplayTagTree: GameplayTagTreeChangedEvent.Broadcast -  0.000 s
[2018.06.27-18.01.38:436][  0]LogAIModule: Creating AISystem for world Untitled
[2018.06.27-18.01.38:536][  0]LogInit: XAudio2 using 'Alto-falantes (Realtek High Definition Audio)' : 2 channels at 48 kHz using 32 bits per sample (channel mask 0x3)
[2018.06.27-18.01.38:584][  0]LogInit: FAudioDevice initialized.
[2018.06.27-18.01.38:718][  0]LogDerivedDataCache: Saved boot cache 0.10s 74MB C:/Users/ErickHiga/AppData/Local/UnrealEngine/4.19/DerivedDataCache/Boot.ddc.
[2018.06.27-18.01.38:740][  0]LogInit: Texture streaming: Enabled
[2018.06.27-18.01.38:866][  0]LogEngineSessionManager: EngineSessionManager initialized
[2018.06.27-18.01.39:158][  0]LogInit: Transaction tracking system initialized
[2018.06.27-18.01.39:462][  0]BlueprintLog: New page: Editor Load
[2018.06.27-18.01.40:254][  0]LocalizationService: Localization service is disabled
[2018.06.27-18.01.40:797][  0]LogConsoleResponse: Display: 
[2018.06.27-18.01.41:634][  0]LogFileCache: Scanning file cache for directory 'E:/UnrealProjects/Movment2D/Content/' took 0.04s
[2018.06.27-18.01.41:634][  0]LogCook: Display: Max memory allowance for cook 16384mb min free memory 0mb
[2018.06.27-18.01.41:635][  0]LogCook: Display: Mobile HDR setting 1
[2018.06.27-18.01.41:635][  0]LogGameplayTags: Display: UGameplayTagsManager::DoneAddingNativeTags. DelegateIsBound: 0
[2018.06.27-18.01.41:635][  0]LogStats: UGameplayTagsManager::ConstructGameplayTagTree: Construct from data asset -  0.000 s
[2018.06.27-18.01.41:635][  0]LogStats: UGameplayTagsManager::ConstructGameplayTagTree: GameplayTagTreeChangedEvent.Broadcast -  0.000 s
[2018.06.27-18.01.43:535][  0]SourceControl: Source control is disabled
[2018.06.27-18.01.43:957][  0]LogSlate: Took 0.077164 seconds to synchronously load lazily loaded font '../../../Engine/Content/Slate/Fonts/Roboto-Regular.ttf' (155K)
[2018.06.27-18.01.48:939][  0]LogSlate: Window 'Restore Packages' being destroyed
[2018.06.27-18.01.48:940][  0]LogWindowsTextInputMethodSystem: Display: IME system now deactivated.
[2018.06.27-18.01.48:991][  0]LogWindowsTextInputMethodSystem: Display: IME system now deactivated.
[2018.06.27-18.01.49:008][  0]Cmd: MAP LOAD FILE="../../../../../../UnrealProjects/Movment2D/Content/StarterContent/Maps/Minimal_Default.umap" TEMPLATE=0 SHOWPROGRESS=1 FEATURELEVEL=3
[2018.06.27-18.01.49:016][  0]LightingResults: New page: Lighting Build
[2018.06.27-18.01.49:133][  0]MapCheck: New page: Map Check
[2018.06.27-18.01.49:134][  0]LightingResults: New page: Lighting Build
[2018.06.27-18.01.49:656][  0]LogUObjectGlobals: Created PersistentFrame Addr=0x000001e364549600, Size=240, Default__Cube_C Function /Game/StarterContent/Blueprints/Cube.Cube_C:ExecuteUbergraph_Cube
[2018.06.27-18.01.49:704][  0]LogUObjectGlobals: Destroyed PersistentFrame Addr=0x000001e364549600, Size=240
[2018.06.27-18.01.49:705][  0]LogUObjectGlobals: Created PersistentFrame Addr=0x000001e364549600, Size=240, Default__Cube_C Function /Engine/Transient.REINST_Cube_C_3:ExecuteUbergraph_Cube
[2018.06.27-18.01.49:741][  0]LogUObjectGlobals: Created PersistentFrame Addr=0x000001e3643fe100, Size=240, Default__Cube_C Function /Game/StarterContent/Blueprints/Cube.Cube_C:ExecuteUbergraph_Cube
[2018.06.27-18.01.50:007][  0]LogUObjectGlobals: Created PersistentFrame Addr=0x000001e31090c090, Size=72, Default__Minimal_Default_C Function /Game/StarterContent/Maps/Minimal_Default.Minimal_Default_C:ExecuteUbergraph_Minimal_Default
[2018.06.27-18.01.50:010][  0]LogUObjectGlobals: Destroyed PersistentFrame Addr=0x000001e31090c090, Size=72
[2018.06.27-18.01.50:010][  0]LogUObjectGlobals: Created PersistentFrame Addr=0x000001e310813920, Size=72, Default__Minimal_Default_C Function /Engine/Transient.REINST_Minimal_Default_C_7:ExecuteUbergraph_Minimal_Default
[2018.06.27-18.01.50:012][  0]LogUObjectGlobals: Created PersistentFrame Addr=0x000001e310812e80, Size=72, Default__Minimal_Default_C Function /Game/StarterContent/Maps/Minimal_Default.Minimal_Default_C:ExecuteUbergraph_Minimal_Default
[2018.06.27-18.01.50:540][  0]LogAIModule: Creating AISystem for world Minimal_Default
[2018.06.27-18.01.50:905][  0]LogEditorServer: Finished looking for orphan Actors (0.000 secs)
[2018.06.27-18.01.51:001][  0]LogUObjectGlobals: Destroyed PersistentFrame Addr=0x000001e364549600, Size=240
[2018.06.27-18.01.51:002][  0]LogUObjectGlobals: Destroyed PersistentFrame Addr=0x000001e310813920, Size=72
[2018.06.27-18.01.51:015][  0]Cmd: MAP CHECKDEP NOCLEARLOG
[2018.06.27-18.01.51:096][  0]MapCheck: Map check complete: 0 Error(s), 0 Warning(s), took 78.992ms to complete.
[2018.06.27-18.01.51:096][  0]LogFileHelpers: Loading map 'Minimal_Default' took 2.090
[2018.06.27-18.01.52:319][  0]LogStats: Warning: MetaData mismatch. Did you assign a stat to two groups? New //STATGROUP_Threads//SplashScreenThread///Thread_255c_0///####STATCAT_Advanced#### old //STATGROUP_Threads//SplashScreenThread///Thread_44e0_0///####STATCAT_Advanced####
[2018.06.27-18.01.52:319][  0]LogCollectionManager: Loaded 0 collections in 0.000965 seconds
[2018.06.27-18.01.52:453][  0]LogFileCache: Scanning file cache for directory 'E:/UnrealProjects/Movment2D/Saved/Collections/' took 0.01s
[2018.06.27-18.01.52:453][  0]LogFileCache: Scanning file cache for directory 'E:/UnrealProjects/Movment2D/Content/Developers/ErickHiga/Collections/' took 0.01s
[2018.06.27-18.01.52:453][  0]LogFileCache: Scanning file cache for directory 'E:/UnrealProjects/Movment2D/Content/Collections/' took 0.01s
[2018.06.27-18.01.52:453][  0]LogCollectionManager: Rebuilt the GUID cache for 0 collections in 0.000000 seconds
[2018.06.27-18.01.52:476][  0]LogContentBrowser: Native class hierarchy populated in 0.0174 seconds. Added 2452 classes and 558 folders.
[2018.06.27-18.01.52:592][  0]LogContentBrowser: Native class hierarchy updated for 'WidgetCarousel' in 0.0004 seconds. Added 0 classes and 0 folders.
[2018.06.27-18.01.53:553][  0]LogContentBrowser: Native class hierarchy updated for 'AddContentDialog' in 0.0003 seconds. Added 0 classes and 0 folders.
[2018.06.27-18.01.53:621][  0]LogContentBrowser: Native class hierarchy updated for 'SceneOutliner' in 0.0003 seconds. Added 1 classes and 2 folders.
[2018.06.27-18.01.54:012][  0]LogSlate: Took 0.022160 seconds to synchronously load lazily loaded font '../../../Engine/Content/Slate/Fonts/Roboto-Bold.ttf' (160K)
[2018.06.27-18.01.54:100][  0]LogSlate: Took 0.027996 seconds to synchronously load lazily loaded font '../../../Engine/Content/Editor/Slate/Fonts/FontAwesome.ttf' (139K)
[2018.06.27-18.01.54:478][  0]LogRenderer: Reallocating scene render targets to support 940x428 Format 10 NumSamples 1 (Frame:1).
[2018.06.27-18.01.55:016][  0]LogContentBrowser: Native class hierarchy updated for 'HierarchicalLODOutliner' in 0.0002 seconds. Added 0 classes and 0 folders.
[2018.06.27-18.01.55:016][  0]LogLoad: (Engine Initialization) Total time: 78.52 seconds
[2018.06.27-18.01.55:016][  0]LogLoad: (Engine Initialization) Total Blueprint compile time: 0.00 seconds
[2018.06.27-18.01.55:544][  0]LogContentStreaming: Texture pool size now 1000 MB
[2018.06.27-18.01.55:616][  0]LogSlate: Took 0.015297 seconds to synchronously load lazily loaded font '../../../Engine/Content/Slate/Fonts/Roboto-Light.ttf' (167K)
[2018.06.27-18.01.56:057][  2]LogAssetRegistry: Asset discovery search completed in 45.6656 seconds
[2018.06.27-18.01.56:081][  2]LogCollectionManager: Rebuilt the object cache for 0 collections in 0.000000 seconds (found 0 objects)
[2018.06.27-18.01.56:081][  2]LogCollectionManager: Fixed up redirectors for 0 collections in 0.000069 seconds (updated 0 objects)
[2018.06.27-18.01.56:398][  3]LogSlate: Took 0.000296 seconds to synchronously load lazily loaded font '../../../Engine/Content/Slate/Fonts/Roboto-Light.ttf' (167K)
[2018.06.27-18.02.03:071][ 23]LogSlate: FSceneViewport::OnFocusLost() reason 0
[2018.06.27-18.02.07:062][146]LogTemp: Repeating last play command: Selected Viewport
[2018.06.27-18.02.07:098][146]LogBlueprintUserMessages: Early PlayInEditor Detection: Level '/Game/StarterContent/Maps/Minimal_Default.Minimal_Default:PersistentLevel' has LevelScriptBlueprint '/Game/StarterContent/Maps/Minimal_Default.Minimal_Default:PersistentLevel.Minimal_Default' with GeneratedClass '/Game/StarterContent/Maps/Minimal_Default.Minimal_Default_C' with ClassGeneratedBy '/Game/StarterContent/Maps/Minimal_Default.Minimal_Default:PersistentLevel.Minimal_Default'
[2018.06.27-18.02.07:137][146]LogPlayLevel: PlayLevel: No blueprints needed recompiling
[2018.06.27-18.02.07:188][146]PIE: New page: PIE session: Minimal_Default (Jun 27, 2018, 12:02:07 PM)
[2018.06.27-18.02.07:189][146]LogPlayLevel: Creating play world package: /Game/StarterContent/Maps/UEDPIE_0_Minimal_Default
[2018.06.27-18.02.07:228][146]LogPlayLevel: PIE: StaticDuplicateObject took: (0.039303s)
[2018.06.27-18.02.07:229][146]LogAIModule: Creating AISystem for world Minimal_Default
[2018.06.27-18.02.07:231][146]LogPlayLevel: PIE: World Init took: (0.002675s)
[2018.06.27-18.02.07:231][146]LogPlayLevel: PIE: Created PIE world by copying editor world from /Game/StarterContent/Maps/Minimal_Default.Minimal_Default to /Game/StarterContent/Maps/UEDPIE_0_Minimal_Default.Minimal_Default (0.042353s)
[2018.06.27-18.02.07:255][146]LogInit: XAudio2 using 'Alto-falantes (Realtek High Definition Audio)' : 2 channels at 48 kHz using 32 bits per sample (channel mask 0x3)
[2018.06.27-18.02.07:284][146]LogInit: FAudioDevice initialized.
[2018.06.27-18.02.07:354][146]LogLoad: Game class is 'FunctionalTestGameMode'
[2018.06.27-18.02.07:510][146]LogWorld: Bringing World /Game/StarterContent/Maps/UEDPIE_0_Minimal_Default.Minimal_Default up for play (max tick rate 60) at 2018.06.27-15.02.07
[2018.06.27-18.02.07:541][146]LogWorld: Bringing up level for play took: 0.042771
[2018.06.27-18.02.07:625][146]LogContentBrowser: Native class hierarchy updated for 'MovieSceneCapture' in 0.0003 seconds. Added 11 classes and 0 folders.
[2018.06.27-18.02.07:632][146]PIE: Play in editor start time for /Game/StarterContent/Maps/UEDPIE_0_Minimal_Default 0.049
[2018.06.27-18.02.07:632][146]LogBlueprintUserMessages: Late PlayInEditor Detection: Level '/Game/StarterContent/Maps/Minimal_Default.Minimal_Default:PersistentLevel' has LevelScriptBlueprint '/Game/StarterContent/Maps/Minimal_Default.Minimal_Default:PersistentLevel.Minimal_Default' with GeneratedClass '/Game/StarterContent/Maps/Minimal_Default.Minimal_Default_C' with ClassGeneratedBy '/Game/StarterContent/Maps/Minimal_Default.Minimal_Default:PersistentLevel.Minimal_Default'
[2018.06.27-18.02.34:732][756]LogBlueprintUserMessages: Early EndPlayMap Detection: Level '/Game/StarterContent/Maps/Minimal_Default.Minimal_Default:PersistentLevel' has LevelScriptBlueprint '/Game/StarterContent/Maps/Minimal_Default.Minimal_Default:PersistentLevel.Minimal_Default' with GeneratedClass '/Game/StarterContent/Maps/Minimal_Default.Minimal_Default_C' with ClassGeneratedBy '/Game/StarterContent/Maps/Minimal_Default.Minimal_Default:PersistentLevel.Minimal_Default'
[2018.06.27-18.02.34:808][756]LogBlueprintUserMessages: Late EndPlayMap Detection: Level '/Game/StarterContent/Maps/Minimal_Default.Minimal_Default:PersistentLevel' has LevelScriptBlueprint '/Game/StarterContent/Maps/Minimal_Default.Minimal_Default:PersistentLevel.Minimal_Default' with GeneratedClass '/Game/StarterContent/Maps/Minimal_Default.Minimal_Default_C' with ClassGeneratedBy '/Game/StarterContent/Maps/Minimal_Default.Minimal_Default:PersistentLevel.Minimal_Default'
[2018.06.27-18.02.36:114][825]LogSlate: FSceneViewport::OnFocusLost() reason 0
[2018.06.27-18.02.36:828][835]LogContentBrowser: Native class hierarchy updated for 'BlueprintGraph' in 0.0007 seconds. Added 116 classes and 0 folders.
[2018.06.27-18.02.37:240][835]LogUObjectGlobals: Created PersistentFrame Addr=0x000001e337506568, Size=4, Default__SKEL_PROTO_BP_AnimBlueprint_0_C Function /Engine/Transient.SKEL_PROTO_BP_AnimBlueprint_0_C:ExecuteUbergraph_PROTO_BP_AnimBlueprint_0
[2018.06.27-18.02.37:242][835]LogUObjectGlobals: Created PersistentFrame Addr=0x000001e337506560, Size=4, Default__PROTO_BP_AnimBlueprint_0_C Function /Engine/Transient.PROTO_BP_AnimBlueprint_0_C:ExecuteUbergraph_PROTO_BP_AnimBlueprint_0
[2018.06.27-18.02.38:063][835]LogSlate: Took 0.005938 seconds to synchronously load lazily loaded font '../../../Engine/Content/Slate/Fonts/Roboto-BoldCondensed.ttf' (158K)
[2018.06.27-18.02.38:443][836]LogSlate: Took 0.012701 seconds to synchronously load lazily loaded font '../../../Engine/Content/Slate/Fonts/Roboto-Italic.ttf' (157K)
[2018.06.27-18.03.01:870][820]LogRenderer: Reallocating scene render targets to support 940x540 Format 10 NumSamples 1 (Frame:1).
[2018.06.27-18.03.04:648][916]LogMaterial: Missing cached shader map for material BasicShapeMaterial, compiling. 
[2018.06.27-18.03.05:378][916]LogMaterial: Missing cached shader map for material BasicShapeMaterial, compiling. 
[2018.06.27-18.03.05:398][916]LogShaderCompilers: Display: Shaders left to compile 18
[2018.06.27-18.03.05:399][916]LogShaderCompilers: Display: Shaders left to compile 17
[2018.06.27-18.03.05:399][916]LogShaderCompilers: Display: Shaders left to compile 16
[2018.06.27-18.03.05:399][916]LogShaderCompilers: Display: Shaders left to compile 15
[2018.06.27-18.03.05:428][916]LogMaterial: Missing cached shader map for material FMatExpressionPreview MaterialExpressionVectorParameter_0, compiling. 
[2018.06.27-18.03.07:892][982]LogShaderCompilers: Display: Shaders left to compile 16
[2018.06.27-18.03.07:999][985]LogShaderCompilers: Display: Shaders left to compile 15
[2018.06.27-18.03.08:039][986]LogShaderCompilers: Display: Shaders left to compile 14
[2018.06.27-18.03.08:114][988]LogShaderCompilers: Display: Shaders left to compile 13
[2018.06.27-18.03.08:332][994]LogShaderCompilers: Display: Shaders left to compile 12
[2018.06.27-18.03.08:478][998]LogShaderCompilers: Display: Shaders left to compile 11
[2018.06.27-18.03.08:478][998]LogShaderCompilers: Display: Shaders left to compile 10
[2018.06.27-18.03.09:085][ 13]LogShaderCompilers: Display: Shaders left to compile 9
[2018.06.27-18.03.09:414][ 21]LogShaderCompilers: Display: Shaders left to compile 8
[2018.06.27-18.03.09:659][ 27]LogShaderCompilers: Display: Shaders left to compile 7
[2018.06.27-18.03.09:696][ 28]LogShaderCompilers: Display: Shaders left to compile 6
[2018.06.27-18.03.09:736][ 29]LogShaderCompilers: Display: Shaders left to compile 5
[2018.06.27-18.03.10:316][ 44]LogShaderCompilers: Display: Shaders left to compile 4
[2018.06.27-18.03.10:665][ 53]LogShaderCompilers: Display: Shaders left to compile 3
[2018.06.27-18.03.10:708][ 54]LogShaderCompilers: Display: Shaders left to compile 2
[2018.06.27-18.03.10:926][ 60]LogShaderCompilers: Display: Shaders left to compile 1
[2018.06.27-18.03.11:315][ 70]MaterialEditorStats: Base pass shader: 102 instructions
[2018.06.27-18.03.11:315][ 70]MaterialEditorStats: Base pass shader with Surface Lightmap: 119 instructions
[2018.06.27-18.03.11:315][ 70]MaterialEditorStats: Base pass shader with Volumetric Lightmap: 175 instructions
[2018.06.27-18.03.11:315][ 70]MaterialEditorStats: Vertex shader: 34 instructions
[2018.06.27-18.03.11:315][ 70]MaterialEditorStats: Texture samplers: 3/16
[2018.06.27-18.03.25:390][583]LogSlate: FSceneViewport::OnFocusLost() reason 0
[2018.06.27-18.03.32:029][789]LogSlate: FSceneViewport::OnFocusLost() reason 0
[2018.06.27-18.03.32:101][792]BlueprintLog: New page: Compile Cube
[2018.06.27-18.03.32:127][792]LogUObjectGlobals: Destroyed PersistentFrame Addr=0x000001e3643fe100, Size=240
[2018.06.27-18.03.32:127][792]LogUObjectGlobals: Created PersistentFrame Addr=0x000001e396940400, Size=240, Default__Cube_C Function /Engine/Transient.REINST_Cube_C_23:ExecuteUbergraph_Cube
[2018.06.27-18.03.32:133][792]LogUObjectGlobals: Created PersistentFrame Addr=0x000001e320f94200, Size=240, Default__Cube_C Function /Game/StarterContent/Blueprints/Cube.Cube_C:ExecuteUbergraph_Cube
[2018.06.27-18.03.37:887][992]LogTemp: Repeating last play command: Selected Viewport
[2018.06.27-18.03.37:920][992]LogBlueprintUserMessages: Early PlayInEditor Detection: Level '/Game/StarterContent/Maps/Minimal_Default.Minimal_Default:PersistentLevel' has LevelScriptBlueprint '/Game/StarterContent/Maps/Minimal_Default.Minimal_Default:PersistentLevel.Minimal_Default' with GeneratedClass '/Game/StarterContent/Maps/Minimal_Default.Minimal_Default_C' with ClassGeneratedBy '/Game/StarterContent/Maps/Minimal_Default.Minimal_Default:PersistentLevel.Minimal_Default'
[2018.06.27-18.03.37:921][992]LogPlayLevel: PlayLevel: No blueprints needed recompiling
[2018.06.27-18.03.37:921][992]PIE: New page: PIE session: Minimal_Default (Jun 27, 2018, 12:03:37 PM)
[2018.06.27-18.03.37:921][992]LogPlayLevel: Creating play world package: /Game/StarterContent/Maps/UEDPIE_0_Minimal_Default
[2018.06.27-18.03.37:929][992]LogPlayLevel: PIE: StaticDuplicateObject took: (0.007547s)
[2018.06.27-18.03.37:930][992]LogAIModule: Creating AISystem for world Minimal_Default
[2018.06.27-18.03.37:930][992]LogPlayLevel: PIE: World Init took: (0.001095s)
[2018.06.27-18.03.37:930][992]LogPlayLevel: PIE: Created PIE world by copying editor world from /Game/StarterContent/Maps/Minimal_Default.Minimal_Default to /Game/StarterContent/Maps/UEDPIE_0_Minimal_Default.Minimal_Default (0.008914s)
[2018.06.27-18.03.37:961][992]LogInit: XAudio2 using 'Alto-falantes (Realtek High Definition Audio)' : 2 channels at 48 kHz using 32 bits per sample (channel mask 0x3)
[2018.06.27-18.03.37:987][992]LogInit: FAudioDevice initialized.
[2018.06.27-18.03.38:031][992]LogLoad: Game class is 'FunctionalTestGameMode'
[2018.06.27-18.03.38:032][992]LogWorld: Bringing World /Game/StarterContent/Maps/UEDPIE_0_Minimal_Default.Minimal_Default up for play (max tick rate 60) at 2018.06.27-15.03.38
[2018.06.27-18.03.38:032][992]LogWorld: Bringing up level for play took: 0.000849
[2018.06.27-18.03.38:033][992]PIE: Play in editor start time for /Game/StarterContent/Maps/UEDPIE_0_Minimal_Default 0.45
[2018.06.27-18.03.38:033][992]LogBlueprintUserMessages: Late PlayInEditor Detection: Level '/Game/StarterContent/Maps/Minimal_Default.Minimal_Default:PersistentLevel' has LevelScriptBlueprint '/Game/StarterContent/Maps/Minimal_Default.Minimal_Default:PersistentLevel.Minimal_Default' with GeneratedClass '/Game/StarterContent/Maps/Minimal_Default.Minimal_Default_C' with ClassGeneratedBy '/Game/StarterContent/Maps/Minimal_Default.Minimal_Default:PersistentLevel.Minimal_Default'
[2018.06.27-18.03.43:418][312]LogBlueprintUserMessages: Early EndPlayMap Detection: Level '/Game/StarterContent/Maps/Minimal_Default.Minimal_Default:PersistentLevel' has LevelScriptBlueprint '/Game/StarterContent/Maps/Minimal_Default.Minimal_Default:PersistentLevel.Minimal_Default' with GeneratedClass '/Game/StarterContent/Maps/Minimal_Default.Minimal_Default_C' with ClassGeneratedBy '/Game/StarterContent/Maps/Minimal_Default.Minimal_Default:PersistentLevel.Minimal_Default'
[2018.06.27-18.03.43:465][312]LogBlueprintUserMessages: Late EndPlayMap Detection: Level '/Game/StarterContent/Maps/Minimal_Default.Minimal_Default:PersistentLevel' has LevelScriptBlueprint '/Game/StarterContent/Maps/Minimal_Default.Minimal_Default:PersistentLevel.Minimal_Default' with GeneratedClass '/Game/StarterContent/Maps/Minimal_Default.Minimal_Default_C' with ClassGeneratedBy '/Game/StarterContent/Maps/Minimal_Default.Minimal_Default:PersistentLevel.Minimal_Default'
[2018.06.27-18.03.44:892][355]LogSlate: FSceneViewport::OnFocusLost() reason 2
[2018.06.27-18.03.46:960][432]LogSlate: FSceneViewport::OnFocusLost() reason 2
[2018.06.27-18.03.51:215][570]LogSlate: FSceneViewport::OnFocusLost() reason 2
[2018.06.27-18.03.54:272][672]LogSlate: FSceneViewport::OnFocusLost() reason 2
[2018.06.27-18.03.59:612][827]LogSlate: FSceneViewport::OnFocusLost() reason 2
[2018.06.27-18.04.07:184][ 93]LogSlate: FSceneViewport::OnFocusLost() reason 0
[2018.06.27-18.04.07:254][ 96]BlueprintLog: New page: Compile Cube
[2018.06.27-18.04.07:281][ 96]LogUObjectGlobals: Destroyed PersistentFrame Addr=0x000001e320f94200, Size=240
[2018.06.27-18.04.07:281][ 96]LogUObjectGlobals: Created PersistentFrame Addr=0x000001e308f39f00, Size=240, Cube_C_22 Function /Engine/Transient.REINST_Cube_C_27:ExecuteUbergraph_Cube
[2018.06.27-18.04.07:286][ 96]LogUObjectGlobals: Created PersistentFrame Addr=0x000001e33ae7a400, Size=240, Default__Cube_C Function /Game/StarterContent/Blueprints/Cube.Cube_C:ExecuteUbergraph_Cube
[2018.06.27-18.04.09:139][171]LogSlate: FSceneViewport::OnFocusLost() reason 0
[2018.06.27-18.04.09:223][176]LogTemp: Repeating last play command: Selected Viewport
[2018.06.27-18.04.09:253][176]LogBlueprintUserMessages: Early PlayInEditor Detection: Level '/Game/StarterContent/Maps/Minimal_Default.Minimal_Default:PersistentLevel' has LevelScriptBlueprint '/Game/StarterContent/Maps/Minimal_Default.Minimal_Default:PersistentLevel.Minimal_Default' with GeneratedClass '/Game/StarterContent/Maps/Minimal_Default.Minimal_Default_C' with ClassGeneratedBy '/Game/StarterContent/Maps/Minimal_Default.Minimal_Default:PersistentLevel.Minimal_Default'
[2018.06.27-18.04.09:253][176]LogPlayLevel: PlayLevel: No blueprints needed recompiling
[2018.06.27-18.04.09:253][176]PIE: New page: PIE session: Minimal_Default (Jun 27, 2018, 12:04:09 PM)
[2018.06.27-18.04.09:253][176]LogPlayLevel: Creating play world package: /Game/StarterContent/Maps/UEDPIE_0_Minimal_Default
[2018.06.27-18.04.09:256][176]LogPlayLevel: PIE: StaticDuplicateObject took: (0.003081s)
[2018.06.27-18.04.09:257][176]LogAIModule: Creating AISystem for world Minimal_Default
[2018.06.27-18.04.09:258][176]LogPlayLevel: PIE: World Init took: (0.001249s)
[2018.06.27-18.04.09:258][176]LogPlayLevel: PIE: Created PIE world by copying editor world from /Game/StarterContent/Maps/Minimal_Default.Minimal_Default to /Game/StarterContent/Maps/UEDPIE_0_Minimal_Default.Minimal_Default (0.004465s)
[2018.06.27-18.04.09:289][176]LogInit: XAudio2 using 'Alto-falantes (Realtek High Definition Audio)' : 2 channels at 48 kHz using 32 bits per sample (channel mask 0x3)
[2018.06.27-18.04.09:319][176]LogInit: FAudioDevice initialized.
[2018.06.27-18.04.09:356][176]LogLoad: Game class is 'FunctionalTestGameMode'
[2018.06.27-18.04.09:357][176]LogWorld: Bringing World /Game/StarterContent/Maps/UEDPIE_0_Minimal_Default.Minimal_Default up for play (max tick rate 60) at 2018.06.27-15.04.09
[2018.06.27-18.04.09:358][176]LogWorld: Bringing up level for play took: 0.000965
[2018.06.27-18.04.09:359][176]PIE: Play in editor start time for /Game/StarterContent/Maps/UEDPIE_0_Minimal_Default -0.225
[2018.06.27-18.04.09:359][176]LogBlueprintUserMessages: Late PlayInEditor Detection: Level '/Game/StarterContent/Maps/Minimal_Default.Minimal_Default:PersistentLevel' has LevelScriptBlueprint '/Game/StarterContent/Maps/Minimal_Default.Minimal_Default:PersistentLevel.Minimal_Default' with GeneratedClass '/Game/StarterContent/Maps/Minimal_Default.Minimal_Default_C' with ClassGeneratedBy '/Game/StarterContent/Maps/Minimal_Default.Minimal_Default:PersistentLevel.Minimal_Default'
[2018.06.27-18.04.29:393][373]LogBlueprintUserMessages: Early EndPlayMap Detection: Level '/Game/StarterContent/Maps/Minimal_Default.Minimal_Default:PersistentLevel' has LevelScriptBlueprint '/Game/StarterContent/Maps/Minimal_Default.Minimal_Default:PersistentLevel.Minimal_Default' with GeneratedClass '/Game/StarterContent/Maps/Minimal_Default.Minimal_Default_C' with ClassGeneratedBy '/Game/StarterContent/Maps/Minimal_Default.Minimal_Default:PersistentLevel.Minimal_Default'
[2018.06.27-18.04.29:436][373]LogBlueprintUserMessages: Late EndPlayMap Detection: Level '/Game/StarterContent/Maps/Minimal_Default.Minimal_Default:PersistentLevel' has LevelScriptBlueprint '/Game/StarterContent/Maps/Minimal_Default.Minimal_Default:PersistentLevel.Minimal_Default' with GeneratedClass '/Game/StarterContent/Maps/Minimal_Default.Minimal_Default_C' with ClassGeneratedBy '/Game/StarterContent/Maps/Minimal_Default.Minimal_Default:PersistentLevel.Minimal_Default'
[2018.06.27-18.10.07:543][615]LogSlate: FSceneViewport::OnFocusLost() reason 2
[2018.06.27-18.10.12:344][792]LogSlate: FSceneViewport::OnFocusLost() reason 2
[2018.06.27-18.12.49:170][519]LogUObjectGlobals: Destroyed PersistentFrame Addr=0x000001e310812e80, Size=72
[2018.06.27-18.12.49:170][519]LogUObjectGlobals: Created PersistentFrame Addr=0x000001e320df12b0, Size=72, Default__Minimal_Default_C Function /Engine/Transient.REINST_Minimal_Default_C_31:ExecuteUbergraph_Minimal_Default
[2018.06.27-18.12.49:173][519]LogUObjectGlobals: Created PersistentFrame Addr=0x000001e320df1300, Size=72, Default__Minimal_Default_C Function /Game/StarterContent/Maps/Minimal_Default.Minimal_Default_C:ExecuteUbergraph_Minimal_Default
[2018.06.27-18.12.49:383][519]LogSavePackage: Save=222.77ms
[2018.06.27-18.12.49:383][519]LogSavePackage: Moving '../../../../../../UnrealProjects/Movment2D/Saved/Minimal_Default_Auto1A41C57704AB28C11775465AA379EC171.tmp' to '../../../../../../UnrealProjects/Movment2D/Saved/Autosaves/Game/StarterContent/Maps/Minimal_Default_Auto1.umap'
[2018.06.27-18.12.49:393][519]LogSavePackage: Display: Finished SavePackage ../../../../../../UnrealProjects/Movment2D/Saved/Autosaves/Game/StarterContent/Maps/Minimal_Default_Auto1.umap
[2018.06.27-18.12.51:129][519]LogFileHelpers: Editor autosave (incl. sublevels) for '/Game/StarterContent/Maps/Minimal_Default' took 2.053
[2018.06.27-18.12.51:131][519]LogFileHelpers: Editor autosave (incl. sublevels) for all levels took 2.053
[2018.06.27-18.12.51:142][519]OBJ SavePackage: Generating thumbnails for [1] asset(s) in package [/Game/StarterContent/Blueprints/Cube] ([1] browsable assets)...
[2018.06.27-18.12.51:173][519]OBJ SavePackage:     Rendered thumbnail for [Blueprint /Game/StarterContent/Blueprints/Cube.Cube]
[2018.06.27-18.12.51:173][519]OBJ SavePackage: Finished generating thumbnails for package [/Game/StarterContent/Blueprints/Cube]
[2018.06.27-18.12.51:336][519]LogSavePackage: Save=130.15ms
[2018.06.27-18.12.51:337][519]LogSavePackage: Moving '../../../../../../UnrealProjects/Movment2D/Saved/Cube_Auto166C9F7144C8266C46427968770A433DA.tmp' to '../../../../../../UnrealProjects/Movment2D/Saved/Autosaves/Game/StarterContent/Blueprints/Cube_Auto1.uasset'
[2018.06.27-18.12.51:338][519]LogSavePackage: Display: Finished SavePackage ../../../../../../UnrealProjects/Movment2D/Saved/Autosaves/Game/StarterContent/Blueprints/Cube_Auto1.uasset
[2018.06.27-18.12.51:338][519]LogFileHelpers: Auto-saving content packages took 0.198
[2018.06.27-18.13.40:240][942]LogSlate: FSceneViewport::OnFocusLost() reason 0
[2018.06.27-18.42.29:334][318]LogSlate: Window 'Cube*' being destroyed
[2018.06.27-18.42.29:350][318]LogSlate: Window 'Cube*' being destroyed
[2018.06.27-19.22.09:248][720]LogInit: XAudio2 using 'Alto-falantes (Realtek High Definition Audio)' : 2 channels at 48 kHz using 32 bits per sample (channel mask 0x3)
[2018.06.27-19.23.25:034][947]LogInit: XAudio2 using 'Fones de ouvido (2- Rift Audio)' : 2 channels at 48 kHz using 16 bits per sample (channel mask 0x3)
[2018.06.27-19.26.24:061][483]LogAudio: Warning: Current Audio Device with ID {0.0.0.00000000}.{12e6f57c-cb17-41a8-ba79-2d06ea940e60} was removed. Shutting down audio device.
[2018.06.27-19.26.24:061][483]LogInit: XAudio2 using 'Alto-falantes (Realtek High Definition Audio)' : 2 channels at 48 kHz using 32 bits per sample (channel mask 0x3)
[2018.06.27-19.26.27:828][495]LogInit: XAudio2 using 'Fones de ouvido (2- Rift Audio)' : 2 channels at 48 kHz using 16 bits per sample (channel mask 0x3)
[2018.06.27-19.27.17:315][715]LogUObjectGlobals: Destroyed PersistentFrame Addr=0x000001e320df12b0, Size=72
[2018.06.27-19.27.18:595][715]LogSlate: Window 'Save Content' being destroyed
[2018.06.27-19.27.18:854][715]LogSlate: Window 'Movment2D - Unreal Editor' being destroyed
[2018.06.27-19.27.19:194][716]Cmd: QUIT_EDITOR
[2018.06.27-19.27.19:513][716]LogWindowsTextInputMethodSystem: Display: IME system now deactivated.
[2018.06.27-19.27.19:538][716]LogSlate: Slate User Destroyed.  User Index 0, Is Virtual User: 0
[2018.06.27-19.27.19:540][716]LogExit: Preparing to exit.
[2018.06.27-19.27.20:201][716]LogDirectoryWatcher: A directory notification for 'E:/UnrealProjects/Movment2D/Content/' was aborted.
[2018.06.27-19.27.20:329][716]LogExit: Editor shut down
[2018.06.27-19.27.20:363][716]LogExit: Transaction tracking system shut down
[2018.06.27-19.27.20:364][716]LogUObjectGlobals: Destroyed PersistentFrame Addr=0x000001e396940400, Size=240
[2018.06.27-19.27.20:377][716]LogUObjectGlobals: Destroyed PersistentFrame Addr=0x000001e33ae7a400, Size=240
[2018.06.27-19.27.20:379][716]LogUObjectGlobals: Destroyed PersistentFrame Addr=0x000001e337506568, Size=4
[2018.06.27-19.27.20:379][716]LogUObjectGlobals: Destroyed PersistentFrame Addr=0x000001e337506560, Size=4
[2018.06.27-19.27.20:441][716]LogUObjectGlobals: Destroyed PersistentFrame Addr=0x000001e320df1300, Size=72
[2018.06.27-19.27.20:441][716]LogUObjectGlobals: Destroyed PersistentFrame Addr=0x000001e308f39f00, Size=240
[2018.06.27-19.27.20:638][716]LogDirectoryWatcher: A directory notification for '../../../Engine/Content/' was aborted.
[2018.06.27-19.27.20:639][716]LogDirectoryWatcher: A directory notification for '../../../../../../UnrealProjects/Movment2D/Content/' was aborted.
[2018.06.27-19.27.20:639][716]LogDirectoryWatcher: A directory notification for '../../Plugins/2D/Paper2D/Content/' was aborted.
[2018.06.27-19.27.20:639][716]LogDirectoryWatcher: A directory notification for '../../Plugins/Enterprise/DatasmithContent/Content/' was aborted.
[2018.06.27-19.27.20:639][716]LogDirectoryWatcher: A directory notification for '../../Plugins/Media/MediaCompositing/Content/' was aborted.
[2018.06.27-19.27.20:639][716]LogDirectoryWatcher: A directory notification for '../../Plugins/Runtime/AppleARKit/Content/' was aborted.
[2018.06.27-19.27.20:639][716]LogDirectoryWatcher: A directory notification for '../../Plugins/Runtime/Oculus/OculusVR/Content/' was aborted.
[2018.06.27-19.27.20:639][716]LogDirectoryWatcher: A directory notification for '../../Plugins/Runtime/Steam/SteamVR/Content/' was aborted.
[2018.06.27-19.27.21:219][716]LogExit: Object subsystem successfully closed.
[2018.06.27-19.27.21:297][716]LogShaderCompilers: Display: Shaders left to compile 0
[2018.06.27-19.27.21:309][716]LogD3D11RHI: Shutdown
[2018.06.27-19.27.21:309][716]LogD3D11RHI: CleanupD3DDevice
[2018.06.27-19.27.21:320][716]LogD3D11RHI: ~FD3D11DynamicRHI
[2018.06.27-19.27.21:405][716]LogModuleManager: Shutting down and abandoning module HierarchicalLODUtilities (580)
[2018.06.27-19.27.21:406][716]LogModuleManager: Shutting down and abandoning module BlueprintGraph (578)
[2018.06.27-19.27.21:406][716]LogModuleManager: Shutting down and abandoning module MovieSceneCapture (576)
[2018.06.27-19.27.21:406][716]LogModuleManager: Shutting down and abandoning module HierarchicalLODOutliner (574)
[2018.06.27-19.27.21:406][716]LogModuleManager: Shutting down and abandoning module SceneOutliner (572)
[2018.06.27-19.27.21:406][716]LogModuleManager: Shutting down and abandoning module AddContentDialog (570)
[2018.06.27-19.27.21:407][716]LogDirectoryWatcher: A directory notification for 'E:/Program Files/UnrealEngine/UE_4.19/FeaturePacks/' was aborted.
[2018.06.27-19.27.21:414][716]LogModuleManager: Shutting down and abandoning module WidgetCarousel (569)
[2018.06.27-19.27.21:414][716]LogModuleManager: Shutting down and abandoning module EditorWidgets (566)
[2018.06.27-19.27.21:414][716]LogModuleManager: Shutting down and abandoning module CollectionManager (564)
[2018.06.27-19.27.21:415][716]LogDirectoryWatcher: A directory notification for 'E:/UnrealProjects/Movment2D/Content/Collections/' was aborted.
[2018.06.27-19.27.21:415][716]LogDirectoryWatcher: A directory notification for 'E:/UnrealProjects/Movment2D/Content/Developers/ErickHiga/Collections/' was aborted.
[2018.06.27-19.27.21:415][716]LogDirectoryWatcher: A directory notification for 'E:/UnrealProjects/Movment2D/Saved/Collections/' was aborted.
[2018.06.27-19.27.21:417][716]LogModuleManager: Shutting down and abandoning module StatsViewer (562)
[2018.06.27-19.27.21:418][716]LogModuleManager: Shutting down and abandoning module FoliageEdit (560)
[2018.06.27-19.27.21:418][716]LogModuleManager: Shutting down and abandoning module LandscapeEditor (558)
[2018.06.27-19.27.21:418][716]LogModuleManager: Shutting down and abandoning module MeshPaintMode (556)
[2018.06.27-19.27.21:419][716]LogModuleManager: Shutting down and abandoning module SceneDepthPickerMode (554)
[2018.06.27-19.27.21:419][716]LogModuleManager: Shutting down and abandoning module ActorPickerMode (552)
[2018.06.27-19.27.21:419][716]LogModuleManager: Shutting down and abandoning module GeometryMode (550)
[2018.06.27-19.27.21:420][716]LogModuleManager: Shutting down and abandoning module TextureAlignMode (548)
[2018.06.27-19.27.21:420][716]LogModuleManager: Shutting down and abandoning module BspMode (546)
[2018.06.27-19.27.21:420][716]LogModuleManager: Shutting down and abandoning module PIEPreviewDeviceProfileSelector (544)
[2018.06.27-19.27.21:420][716]LogModuleManager: Shutting down and abandoning module HardwareSurvey (542)
[2018.06.27-19.27.21:421][716]LogModuleManager: Shutting down and abandoning module SequenceRecorderSections (540)
[2018.06.27-19.27.21:421][716]LogModuleManager: Shutting down and abandoning module AutomationWorker (538)
[2018.06.27-19.27.21:421][716]LogModuleManager: Shutting down and abandoning module AudioCaptureEditor (536)
[2018.06.27-19.27.21:421][716]LogModuleManager: Shutting down and abandoning module SequenceRecorder (535)
[2018.06.27-19.27.21:423][716]LogModuleManager: Shutting down and abandoning module MatineeToLevelSequence (532)
[2018.06.27-19.27.21:423][716]LogModuleManager: Shutting down and abandoning module LevelSequenceEditor (530)
[2018.06.27-19.27.21:427][716]LogModuleManager: Shutting down and abandoning module PlacementMode (529)
[2018.06.27-19.27.21:427][716]LogModuleManager: Shutting down and abandoning module MaterialEditor (528)
[2018.06.27-19.27.21:427][716]LogModuleManager: Shutting down and abandoning module WmfMediaFactory (524)
[2018.06.27-19.27.21:427][716]LogModuleManager: Shutting down and abandoning module WmfMediaEditor (522)
[2018.06.27-19.27.21:427][716]LogModuleManager: Shutting down and abandoning module MediaPlayerEditor (520)
[2018.06.27-19.27.21:429][716]LogModuleManager: Shutting down and abandoning module OpenExrWrapper (518)
[2018.06.27-19.27.21:430][716]LogModuleManager: Shutting down and abandoning module ImgMediaFactory (516)
[2018.06.27-19.27.21:430][716]LogModuleManager: Shutting down and abandoning module ImgMediaEditor (514)
[2018.06.27-19.27.21:430][716]LogModuleManager: Shutting down and abandoning module AvfMediaFactory (512)
[2018.06.27-19.27.21:430][716]LogModuleManager: Shutting down and abandoning module AvfMediaEditor (510)
[2018.06.27-19.27.21:430][716]LogModuleManager: Shutting down and abandoning module AndroidMediaFactory (508)
[2018.06.27-19.27.21:430][716]LogModuleManager: Shutting down and abandoning module AndroidMediaEditor (506)
[2018.06.27-19.27.21:430][716]LogModuleManager: Shutting down and abandoning module CharacterAI (504)
[2018.06.27-19.27.21:430][716]LogModuleManager: Shutting down and abandoning module SmartSnapping (502)
[2018.06.27-19.27.21:430][716]LogModuleManager: Shutting down and abandoning module SessionServices (500)
[2018.06.27-19.27.21:430][716]LogModuleManager: Shutting down and abandoning module ViewportSnapping (498)
[2018.06.27-19.27.21:430][716]LogModuleManager: Shutting down and abandoning module ViewportInteraction (496)
[2018.06.27-19.27.21:430][716]LogModuleManager: Shutting down and abandoning module ClothPainter (494)
[2018.06.27-19.27.21:431][716]LogModuleManager: Shutting down and abandoning module SkeletalMeshEditor (493)
[2018.06.27-19.27.21:433][716]LogModuleManager: Shutting down and abandoning module LogVisualizer (490)
[2018.06.27-19.27.21:439][716]LogModuleManager: Shutting down and abandoning module IntroTutorials (488)
[2018.06.27-19.27.21:442][716]LogModuleManager: Shutting down and abandoning module GameProjectGeneration (487)
[2018.06.27-19.27.21:444][716]LogModuleManager: Shutting down and abandoning module IOSPlatformEditor (484)
[2018.06.27-19.27.21:445][716]LogModuleManager: Shutting down and abandoning module HTML5PlatformEditor (482)
[2018.06.27-19.27.21:445][716]LogModuleManager: Shutting down and abandoning module AndroidPlatformEditor (480)
[2018.06.27-19.27.21:445][716]LogModuleManager: Shutting down and abandoning module AndroidDeviceDetection (479)
[2018.06.27-19.27.22:351][716]LogModuleManager: Shutting down and abandoning module WindowsPlatformEditor (476)
[2018.06.27-19.27.22:352][716]LogModuleManager: Shutting down and abandoning module IOSRuntimeSettings (474)
[2018.06.27-19.27.22:352][716]LogModuleManager: Shutting down and abandoning module AndroidRuntimeSettings (472)
[2018.06.27-19.27.22:352][716]LogModuleManager: Shutting down and abandoning module InputBindingEditor (470)
[2018.06.27-19.27.22:352][716]LogModuleManager: Shutting down and abandoning module MergeActors (468)
[2018.06.27-19.27.22:353][716]LogModuleManager: Shutting down and abandoning module LocalizationDashboard (466)
[2018.06.27-19.27.22:355][716]LogModuleManager: Shutting down and abandoning module LocalizationService (465)
[2018.06.27-19.27.22:356][716]LogModuleManager: Shutting down and abandoning module HardwareTargeting (462)
[2018.06.27-19.27.22:356][716]LogModuleManager: Shutting down and abandoning module DeviceProfileEditor (460)
[2018.06.27-19.27.22:357][716]LogModuleManager: Shutting down and abandoning module UndoHistory (458)
[2018.06.27-19.27.22:357][716]LogModuleManager: Shutting down and abandoning module XmlParser (456)
[2018.06.27-19.27.22:357][716]LogModuleManager: Shutting down and abandoning module Blutility (454)
[2018.06.27-19.27.22:358][716]LogModuleManager: Shutting down and abandoning module ProjectSettingsViewer (452)
[2018.06.27-19.27.22:358][716]LogModuleManager: Shutting down and abandoning module ProjectTargetPlatformEditor (451)
[2018.06.27-19.27.22:358][716]LogModuleManager: Shutting down and abandoning module EditorSettingsViewer (448)
[2018.06.27-19.27.22:358][716]LogModuleManager: Shutting down and abandoning module SettingsEditor (446)
[2018.06.27-19.27.22:359][716]LogModuleManager: Shutting down and abandoning module ProjectLauncher (444)
[2018.06.27-19.27.22:360][716]LogModuleManager: Shutting down and abandoning module SessionFrontend (442)
[2018.06.27-19.27.22:360][716]LogModuleManager: Shutting down and abandoning module ProfilerClient (440)
[2018.06.27-19.27.22:361][716]LogModuleManager: Shutting down and abandoning module DeviceManager (438)
[2018.06.27-19.27.22:361][716]LogModuleManager: Shutting down and abandoning module TargetDeviceServices (437)
[2018.06.27-19.27.22:417][716]LogModuleManager: Shutting down and abandoning module AutomationController (434)
[2018.06.27-19.27.22:418][716]LogModuleManager: Shutting down and abandoning module AutomationWindow (432)
[2018.06.27-19.27.22:421][716]LogModuleManager: Shutting down and abandoning module Layers (430)
[2018.06.27-19.27.22:424][716]LogModuleManager: Shutting down and abandoning module ComponentVisualizers (428)
[2018.06.27-19.27.22:424][716]LogModuleManager: Shutting down and abandoning module DetailCustomizations (426)
[2018.06.27-19.27.22:426][716]LogModuleManager: Shutting down and abandoning module PackagesDialog (424)
[2018.06.27-19.27.22:426][716]LogModuleManager: Shutting down and abandoning module Persona (422)
[2018.06.27-19.27.22:427][716]LogModuleManager: Shutting down and abandoning module AdvancedPreviewScene (421)
[2018.06.27-19.27.22:427][716]LogModuleManager: Shutting down and abandoning module AnimGraph (419)
[2018.06.27-19.27.22:427][716]LogModuleManager: Shutting down and abandoning module Kismet (416)
[2018.06.27-19.27.22:443][716]LogModuleManager: Shutting down and abandoning module GraphEditor (414)
[2018.06.27-19.27.22:443][716]LogModuleManager: Shutting down and abandoning module ClassViewer (412)
[2018.06.27-19.27.22:443][716]LogModuleManager: Shutting down and abandoning module Toolbox (410)
[2018.06.27-19.27.22:443][716]LogModuleManager: Shutting down and abandoning module ModuleUI (408)
[2018.06.27-19.27.22:443][716]LogModuleManager: Shutting down and abandoning module MovieSceneTools (406)
[2018.06.27-19.27.22:445][716]LogModuleManager: Shutting down and abandoning module OutputLog (404)
[2018.06.27-19.27.22:445][716]LogModuleManager: Shutting down and abandoning module GammaUI (402)
[2018.06.27-19.27.22:445][716]LogModuleManager: Shutting down and abandoning module Documentation (400)
[2018.06.27-19.27.22:446][716]LogModuleManager: Shutting down and abandoning module MovieSceneTracks (398)
[2018.06.27-19.27.22:446][716]LogModuleManager: Shutting down and abandoning module MovieScene (396)
[2018.06.27-19.27.22:446][716]LogModuleManager: Shutting down and abandoning module StreamingPauseRendering (394)
[2018.06.27-19.27.22:446][716]LogModuleManager: Shutting down and abandoning module LauncherPlatform (392)
[2018.06.27-19.27.22:446][716]LogModuleManager: Shutting down and abandoning module AnalyticsET (390)
[2018.06.27-19.27.22:446][716]LogModuleManager: Shutting down and abandoning module PortalServices (388)
[2018.06.27-19.27.22:446][716]LogModuleManager: Shutting down and abandoning module PortalRpc (386)
[2018.06.27-19.27.22:446][716]LogModuleManager: Shutting down and abandoning module MessagingRpc (384)
[2018.06.27-19.27.22:446][716]LogModuleManager: Shutting down and abandoning module AIModule (382)
[2018.06.27-19.27.22:446][716]LogModuleManager: Shutting down and abandoning module GameplayDebugger (381)
[2018.06.27-19.27.22:446][716]LogModuleManager: Shutting down and abandoning module AITestSuite (379)
[2018.06.27-19.27.22:446][716]LogModuleManager: Shutting down and abandoning module DesktopPlatform (376)
[2018.06.27-19.27.22:447][716]LogModuleManager: Shutting down and abandoning module ProfilerService (374)
[2018.06.27-19.27.22:581][716]LogModuleManager: Shutting down and abandoning module TaskGraph (372)
[2018.06.27-19.27.22:583][716]LogModuleManager: Shutting down and abandoning module SteamVRController (370)
[2018.06.27-19.27.22:583][716]LogModuleManager: Shutting down and abandoning module ProceduralMeshComponentEditor (368)
[2018.06.27-19.27.22:583][716]LogModuleManager: Shutting down and abandoning module ProceduralMeshComponent (366)
[2018.06.27-19.27.22:584][716]LogModuleManager: Shutting down and abandoning module OculusInput (364)
[2018.06.27-19.27.22:585][716]LogModuleManager: Shutting down and abandoning module MobilePatchingUtils (362)
[2018.06.27-19.27.22:585][716]LogModuleManager: Shutting down and abandoning module CustomMeshComponent (360)
[2018.06.27-19.27.22:585][716]LogModuleManager: Shutting down and abandoning module CableComponent (358)
[2018.06.27-19.27.22:585][716]LogModuleManager: Shutting down and abandoning module AudioCapture (356)
[2018.06.27-19.27.22:585][716]LogModuleManager: Shutting down and abandoning module ArchVisCharacter (354)
[2018.06.27-19.27.22:585][716]LogModuleManager: Shutting down and abandoning module AndroidPermission (352)
[2018.06.27-19.27.22:585][716]LogModuleManager: Shutting down and abandoning module NUTUnrealEngine4 (348)
[2018.06.27-19.27.22:585][716]LogModuleManager: Shutting down and abandoning module NetcodeUnitTest (346)
[2018.06.27-19.27.22:588][716]LogModuleManager: Shutting down and abandoning module MediaCompositingEditor (344)
[2018.06.27-19.27.22:588][716]LogModuleManager: Shutting down and abandoning module MediaCompositing (342)
[2018.06.27-19.27.22:588][716]LogModuleManager: Shutting down and abandoning module LinearTimecode (340)
[2018.06.27-19.27.22:588][716]LogModuleManager: Shutting down and abandoning module ImgMedia (338)
[2018.06.27-19.27.22:596][716]LogModuleManager: Shutting down and abandoning module HTML5Networking (336)
[2018.06.27-19.27.22:596][716]LogModuleManager: Shutting down and abandoning module AlembicImporter (334)
[2018.06.27-19.27.22:596][716]LogModuleManager: Shutting down and abandoning module AlembicLibrary (333)
[2018.06.27-19.27.22:596][716]LogModuleManager: Shutting down and abandoning module GeometryCache (332)
[2018.06.27-19.27.22:596][716]LogModuleManager: Shutting down and abandoning module GeometryCacheEd (331)
[2018.06.27-19.27.22:596][716]LogModuleManager: Shutting down and abandoning module DatasmithContent (326)
[2018.06.27-19.27.22:596][716]LogModuleManager: Shutting down and abandoning module SpeedTreeImporter (324)
[2018.06.27-19.27.22:596][716]LogModuleManager: Shutting down and abandoning module PluginBrowser (322)
[2018.06.27-19.27.22:598][716]LogModuleManager: Shutting down and abandoning module MobileLauncherProfileWizard (320)
[2018.06.27-19.27.22:628][716]LogModuleManager: Shutting down and abandoning module CryptoKeysOpenSSL (318)
[2018.06.27-19.27.22:629][716]LogModuleManager: Shutting down and abandoning module CryptoKeys (316)
[2018.06.27-19.27.22:629][716]LogModuleManager: Shutting down and abandoning module VisualStudioSourceCodeAccess (314)
[2018.06.27-19.27.22:629][716]LogModuleManager: Shutting down and abandoning module VisualStudioCodeSourceCodeAccess (312)
[2018.06.27-19.27.22:629][716]LogModuleManager: Shutting down and abandoning module UObjectPlugin (310)
[2018.06.27-19.27.22:629][716]LogModuleManager: Shutting down and abandoning module SubversionSourceControl (308)
[2018.06.27-19.27.22:630][716]LogModuleManager: Shutting down and abandoning module PerforceSourceControl (306)
[2018.06.27-19.27.22:631][716]LogModuleManager: Shutting down and abandoning module GitSourceControl (304)
[2018.06.27-19.27.22:632][716]LogModuleManager: Shutting down and abandoning module SourceControl (303)
[2018.06.27-19.27.22:635][716]LogModuleManager: Shutting down and abandoning module CLionSourceCodeAccess (300)
[2018.06.27-19.27.22:636][716]LogModuleManager: Shutting down and abandoning module LightPropagationVolumeEditor (298)
[2018.06.27-19.27.22:636][716]LogModuleManager: Shutting down and abandoning module PaperTiledImporter (296)
[2018.06.27-19.27.22:636][716]LogModuleManager: Shutting down and abandoning module PaperSpriteSheetImporter (294)
[2018.06.27-19.27.22:636][716]LogModuleManager: Shutting down and abandoning module Paper2DEditor (292)
[2018.06.27-19.27.22:639][716]LogModuleManager: Shutting down and abandoning module MeshPaint (291)
[2018.06.27-19.27.22:640][716]LogModuleManager: Shutting down and abandoning module RuntimePhysXCooking (288)
[2018.06.27-19.27.22:640][716]LogModuleManager: Shutting down and abandoning module PhysXVehiclesEditor (286)
[2018.06.27-19.27.22:641][716]LogModuleManager: Shutting down and abandoning module PhysXVehicles (284)
[2018.06.27-19.27.22:641][716]LogModuleManager: Shutting down and abandoning module OculusEditor (282)
[2018.06.27-19.27.22:641][716]LogModuleManager: Shutting down and abandoning module LocationServicesBPLibrary (280)
[2018.06.27-19.27.22:641][716]LogModuleManager: Shutting down and abandoning module ImmediatePhysicsEditor (278)
[2018.06.27-19.27.22:641][716]LogModuleManager: Shutting down and abandoning module ImmediatePhysics (276)
[2018.06.27-19.27.22:641][716]LogModuleManager: Shutting down and abandoning module ActorSequence (274)
[2018.06.27-19.27.22:642][716]LogModuleManager: Shutting down and abandoning module UdpMessaging (272)
[2018.06.27-19.27.22:742][716]LogModuleManager: Shutting down and abandoning module TcpMessaging (270)
[2018.06.27-19.27.22:844][716]LogModuleManager: Shutting down and abandoning module GameplayTagsEditor (268)
[2018.06.27-19.27.22:845][716]LogModuleManager: Shutting down and abandoning module FacialAnimationEditor (266)
[2018.06.27-19.27.22:845][716]LogModuleManager: Shutting down and abandoning module FacialAnimation (264)
[2018.06.27-19.27.22:845][716]LogModuleManager: Shutting down and abandoning module DataValidation (262)
[2018.06.27-19.27.22:846][716]LogModuleManager: Shutting down and abandoning module AssetManagerEditor (260)
[2018.06.27-19.27.22:847][716]LogModuleManager: Shutting down and abandoning module LevelEditor (259)
[2018.06.27-19.27.22:851][716]LogModuleManager: Shutting down and abandoning module PixelInspectorModule (258)
[2018.06.27-19.27.22:852][716]LogModuleManager: Shutting down and abandoning module CommonMenuExtensions (256)
[2018.06.27-19.27.22:853][716]LogModuleManager: Shutting down and abandoning module MainFrame (254)
[2018.06.27-19.27.22:853][716]LogModuleManager: Shutting down and abandoning module HotReload (253)
[2018.06.27-19.27.22:854][716]LogModuleManager: Shutting down and abandoning module ContentBrowser (249)
[2018.06.27-19.27.22:857][716]LogModuleManager: Shutting down and abandoning module TreeMap (247)
[2018.06.27-19.27.22:858][716]LogModuleManager: Shutting down and abandoning module LightPropagationVolumeRuntime (244)
[2018.06.27-19.27.22:858][716]LogModuleManager: Shutting down and abandoning module LiveLinkEditor (242)
[2018.06.27-19.27.22:859][716]LogModuleManager: Shutting down and abandoning module LiveLink (240)
[2018.06.27-19.27.23:335][716]LogModuleManager: Shutting down and abandoning module Paper2D (238)
[2018.06.27-19.27.23:336][716]LogModuleManager: Shutting down and abandoning module WindowsMoviePlayer (236)
[2018.06.27-19.27.23:337][716]LogModuleManager: Shutting down and abandoning module WmfMedia (234)
[2018.06.27-19.27.23:340][716]LogModuleManager: Shutting down and abandoning module Media (233)
[2018.06.27-19.27.23:346][716]LogModuleManager: Shutting down and abandoning module PacketHandler (230)
[2018.06.27-19.27.23:346][716]LogModuleManager: Shutting down and abandoning module ClothingSystemEditor (228)
[2018.06.27-19.27.23:346][716]LogModuleManager: Shutting down and abandoning module ClothingSystemRuntime (226)
[2018.06.27-19.27.23:348][716]LogModuleManager: Shutting down and abandoning module MediaAssets (224)
[2018.06.27-19.27.23:348][716]LogModuleManager: Shutting down and abandoning module Overlay (222)
[2018.06.27-19.27.23:348][716]LogModuleManager: Shutting down and abandoning module OverlayEditor (221)
[2018.06.27-19.27.23:348][716]LogModuleManager: Shutting down and abandoning module VREditor (218)
[2018.06.27-19.27.23:350][716]LogModuleManager: Shutting down and abandoning module StringTableEditor (216)
[2018.06.27-19.27.23:350][716]LogModuleManager: Shutting down and abandoning module GameplayTasksEditor (214)
[2018.06.27-19.27.23:350][716]LogModuleManager: Shutting down and abandoning module BehaviorTreeEditor (212)
[2018.06.27-19.27.23:353][716]LogModuleManager: Shutting down and abandoning module FunctionalTesting (210)
[2018.06.27-19.27.23:353][716]LogModuleManager: Shutting down and abandoning module CollisionAnalyzer (208)
[2018.06.27-19.27.23:354][716]LogModuleManager: Shutting down and abandoning module WorkspaceMenuStructure (207)
[2018.06.27-19.27.23:355][716]LogModuleManager: Shutting down and abandoning module UMG (204)
[2018.06.27-19.27.23:356][716]LogModuleManager: Shutting down and abandoning module UMGEditor (203)
[2018.06.27-19.27.23:358][716]LogModuleManager: Shutting down and abandoning module Sequencer (202)
[2018.06.27-19.27.23:359][716]LogModuleManager: Shutting down and abandoning module MessageLog (199)
[2018.06.27-19.27.23:360][716]LogModuleManager: Shutting down and abandoning module SlateReflector (194)
[2018.06.27-19.27.23:362][716]LogModuleManager: Shutting down and abandoning module Slate (192)
[2018.06.27-19.27.23:362][716]LogModuleManager: Shutting down and abandoning module EditorStyle (190)
[2018.06.27-19.27.23:365][716]LogModuleManager: Shutting down and abandoning module MRMesh (188)
[2018.06.27-19.27.23:365][716]LogModuleManager: Shutting down and abandoning module SourceCodeAccess (186)
[2018.06.27-19.27.23:365][716]LogModuleManager: Shutting down and abandoning module HeadMountedDisplay (184)
[2018.06.27-19.27.23:365][716]LogModuleManager: Shutting down and abandoning module XAudio2 (182)
[2018.06.27-19.27.23:365][716]LogModuleManager: Shutting down and abandoning module Networking (180)
[2018.06.27-19.27.23:365][716]LogModuleManager: Shutting down and abandoning module Core (178)
[2018.06.27-19.27.23:365][716]LogModuleManager: Shutting down and abandoning module LevelSequence (176)
[2018.06.27-19.27.23:365][716]LogModuleManager: Shutting down and abandoning module KismetCompiler (174)
[2018.06.27-19.27.23:366][716]LogModuleManager: Shutting down and abandoning module MeshUtilities (172)
[2018.06.27-19.27.23:368][716]LogModuleManager: Shutting down and abandoning module MeshMergeUtilities (171)
[2018.06.27-19.27.23:368][716]LogModuleManager: Shutting down and abandoning module MeshReductionInterface (170)
[2018.06.27-19.27.23:368][716]LogModuleManager: Shutting down and abandoning module SimplygonSwarm (169)
[2018.06.27-19.27.23:368][716]LogModuleManager: Shutting down and abandoning module SimplygonMeshReduction (167)
[2018.06.27-19.27.23:370][716]LogModuleManager: Shutting down and abandoning module QuadricMeshReduction (165)
[2018.06.27-19.27.23:370][716]LogModuleManager: Shutting down and abandoning module MaterialBaking (161)
[2018.06.27-19.27.23:371][716]LogModuleManager: Shutting down and abandoning module DirectoryWatcher (157)
[2018.06.27-19.27.23:379][716]LogModuleManager: Shutting down and abandoning module DerivedDataCache (154)
[2018.06.27-19.27.23:450][716]LogDerivedDataCache: Shutdown
[2018.06.27-19.27.23:450][716]LogModuleManager: Shutting down and abandoning module XGEController (152)
[2018.06.27-19.27.23:450][716]LogXGEController: Cleaning working directory: C:/Users/ErickHiga/AppData/Local/Temp/UnrealXGEWorkingDir/
[2018.06.27-19.27.23:451][716]LogModuleManager: Shutting down and abandoning module TargetPlatform (150)
[2018.06.27-19.27.23:451][716]LogModuleManager: Shutting down and abandoning module VulkanShaderFormat (149)
[2018.06.27-19.27.23:452][716]LogModuleManager: Shutting down and abandoning module ShaderFormatVectorVM (147)
[2018.06.27-19.27.23:453][716]LogModuleManager: Shutting down and abandoning module ShaderFormatOpenGL (145)
[2018.06.27-19.27.23:453][716]LogModuleManager: Shutting down and abandoning module ShaderFormatD3D (143)
[2018.06.27-19.27.23:454][716]LogModuleManager: Shutting down and abandoning module MetalShaderFormat (141)
[2018.06.27-19.27.23:455][716]LogModuleManager: Shutting down and abandoning module TextureFormatUncompressed (139)
[2018.06.27-19.27.23:455][716]LogModuleManager: Shutting down and abandoning module TextureFormatPVR (137)
[2018.06.27-19.27.23:455][716]LogModuleManager: Shutting down and abandoning module TextureFormatDXT (135)
[2018.06.27-19.27.23:456][716]LogModuleManager: Shutting down and abandoning module TextureFormatIntelISPCTexComp (133)
[2018.06.27-19.27.23:456][716]LogModuleManager: Shutting down and abandoning module TextureFormatASTC (131)
[2018.06.27-19.27.23:456][716]LogModuleManager: Shutting down and abandoning module ImageWrapper (130)
[2018.06.27-19.27.23:456][716]LogModuleManager: Shutting down and abandoning module TextureFormatAndroid (127)
[2018.06.27-19.27.23:456][716]LogModuleManager: Shutting down and abandoning module AudioFormatOpus (125)
[2018.06.27-19.27.23:456][716]LogModuleManager: Shutting down and abandoning module AudioFormatOgg (123)
[2018.06.27-19.27.23:457][716]LogModuleManager: Shutting down and abandoning module AudioFormatADPCM (121)
[2018.06.27-19.27.23:457][716]LogModuleManager: Shutting down and abandoning module LinuxTargetPlatform (119)
[2018.06.27-19.27.23:457][716]LogModuleManager: Shutting down and abandoning module LinuxServerTargetPlatform (117)
[2018.06.27-19.27.23:457][716]LogModuleManager: Shutting down and abandoning module LinuxNoEditorTargetPlatform (115)
[2018.06.27-19.27.23:457][716]LogModuleManager: Shutting down and abandoning module LinuxClientTargetPlatform (113)
[2018.06.27-19.27.23:457][716]LogModuleManager: Shutting down and abandoning module TVOSTargetPlatform (111)
[2018.06.27-19.27.23:457][716]LogModuleManager: Shutting down and abandoning module Messaging (109)
[2018.06.27-19.27.23:457][716]LogModuleManager: Shutting down and abandoning module IOSTargetPlatform (107)
[2018.06.27-19.27.23:457][716]LogModuleManager: Shutting down and abandoning module HTML5TargetPlatform (105)
[2018.06.27-19.27.23:457][716]LogModuleManager: Shutting down and abandoning module AndroidTargetPlatform (103)
[2018.06.27-19.27.23:457][716]LogModuleManager: Shutting down and abandoning module Android_PVRTCTargetPlatform (101)
[2018.06.27-19.27.23:457][716]LogModuleManager: Shutting down and abandoning module Android_MultiTargetPlatform (99)
[2018.06.27-19.27.23:457][716]LogModuleManager: Shutting down and abandoning module Android_ETC2TargetPlatform (97)
[2018.06.27-19.27.23:457][716]LogModuleManager: Shutting down and abandoning module Android_ETC1TargetPlatform (95)
[2018.06.27-19.27.23:457][716]LogModuleManager: Shutting down and abandoning module Android_ETC1aTargetPlatform (93)
[2018.06.27-19.27.23:457][716]LogModuleManager: Shutting down and abandoning module Android_DXTTargetPlatform (91)
[2018.06.27-19.27.23:457][716]LogModuleManager: Shutting down and abandoning module Android_ATCTargetPlatform (89)
[2018.06.27-19.27.23:457][716]LogModuleManager: Shutting down and abandoning module Android_ASTCTargetPlatform (87)
[2018.06.27-19.27.23:457][716]LogModuleManager: Shutting down and abandoning module WindowsTargetPlatform (85)
[2018.06.27-19.27.23:457][716]LogModuleManager: Shutting down and abandoning module WindowsServerTargetPlatform (83)
[2018.06.27-19.27.23:457][716]LogModuleManager: Shutting down and abandoning module WindowsNoEditorTargetPlatform (81)
[2018.06.27-19.27.23:457][716]LogModuleManager: Shutting down and abandoning module WindowsClientTargetPlatform (79)
[2018.06.27-19.27.23:457][716]LogModuleManager: Shutting down and abandoning module MacTargetPlatform (77)
[2018.06.27-19.27.23:457][716]LogModuleManager: Shutting down and abandoning module MacServerTargetPlatform (75)
[2018.06.27-19.27.23:457][716]LogModuleManager: Shutting down and abandoning module MacNoEditorTargetPlatform (73)
[2018.06.27-19.27.23:457][716]LogModuleManager: Shutting down and abandoning module MacClientTargetPlatform (71)
[2018.06.27-19.27.23:457][716]LogModuleManager: Shutting down and abandoning module AllDesktopTargetPlatform (69)
[2018.06.27-19.27.23:457][716]LogModuleManager: Shutting down and abandoning module InputCore (66)
[2018.06.27-19.27.23:457][716]LogModuleManager: Shutting down and abandoning module Settings (64)
[2018.06.27-19.27.23:457][716]LogModuleManager: Shutting down and abandoning module PhysXCooking (62)
[2018.06.27-19.27.23:457][716]LogModuleManager: Shutting down and abandoning module SteamVR (60)
[2018.06.27-19.27.23:457][716]LogModuleManager: Shutting down and abandoning module OculusHMD (58)
[2018.06.27-19.27.23:458][716]LogModuleManager: Shutting down and abandoning module ExampleDeviceProfileSelector (56)
[2018.06.27-19.27.23:458][716]LogModuleManager: Shutting down and abandoning module AppleARKit (54)
[2018.06.27-19.27.23:458][716]LogModuleManager: Shutting down and abandoning module AugmentedReality (51)
[2018.06.27-19.27.23:458][716]LogModuleManager: Shutting down and abandoning module OnlineBlueprintSupport (48)
[2018.06.27-19.27.23:458][716]LogModuleManager: Shutting down and abandoning module OnlineSubsystem (44)
[2018.06.27-19.27.23:460][716]LogModuleManager: Shutting down and abandoning module XMPP (43)
[2018.06.27-19.27.23:462][716]LogModuleManager: Shutting down and abandoning module HTTP (41)
[2018.06.27-19.27.23:463][716]LogHttp: Display: Http module shutting down, but needs to wait on 1 outstanding Http requests:
[2018.06.27-19.27.23:463][716]LogHttp: Display: 	verb=[POST] url=[https://datarouter.ol.epicgames.com/datarouter/api/v1/public/data?SessionID=%7B5C0D2006-4DE5-B821-6784-4C91BA91AE67%7D&AppID=UEEditor.Rocket.Release&AppVersion=4.19.2-4033788%2B%2B%2BUE4%2BRelease-4.19&UserID=14c790c048af2ec5f97d55b6a4434725%7C9cc6cc93b89545b0a9322d4a7bbba1ae%7C2c46494d-70eb-4a5e-9aa2-ec07f6d3736f&AppEnvironment=datacollector-binary&UploadType=eteventstream] status=Processing
[2018.06.27-19.27.23:497][716]LogModuleManager: Shutting down and abandoning module SSL (40)
[2018.06.27-19.27.23:526][716]LogModuleManager: Shutting down and abandoning module AnimationModifiers (36)
[2018.06.27-19.27.23:527][716]LogModuleManager: Shutting down and abandoning module PropertyEditor (35)
[2018.06.27-19.27.23:529][716]LogModuleManager: Shutting down and abandoning module AudioEditor (32)
[2018.06.27-19.27.23:531][716]LogModuleManager: Shutting down and abandoning module TextureCompressor (30)
[2018.06.27-19.27.23:533][716]LogModuleManager: Shutting down and abandoning module ShaderCore (28)
[2018.06.27-19.27.23:533][716]LogModuleManager: Shutting down and abandoning module Landscape (26)
[2018.06.27-19.27.23:533][716]LogModuleManager: Shutting down and abandoning module SlateRHIRenderer (24)
[2018.06.27-19.27.23:545][716]LogModuleManager: Shutting down and abandoning module OpenGLDrv (22)
[2018.06.27-19.27.23:546][716]LogModuleManager: Shutting down and abandoning module D3D11RHI (20)
[2018.06.27-19.27.23:546][716]LogModuleManager: Shutting down and abandoning module AnimGraphRuntime (18)
[2018.06.27-19.27.23:546][716]LogModuleManager: Shutting down and abandoning module Renderer (16)
[2018.06.27-19.27.23:546][716]LogModuleManager: Shutting down and abandoning module Engine (14)
[2018.06.27-19.27.23:546][716]LogModuleManager: Shutting down and abandoning module CoreUObject (12)
[2018.06.27-19.27.23:546][716]LogModuleManager: Shutting down and abandoning module NetworkFile (10)
[2018.06.27-19.27.23:547][716]LogModuleManager: Shutting down and abandoning module CookedIterativeFile (8)
[2018.06.27-19.27.23:547][716]LogModuleManager: Shutting down and abandoning module StreamingFile (6)
[2018.06.27-19.27.23:547][716]LogModuleManager: Shutting down and abandoning module SandboxFile (4)
[2018.06.27-19.27.23:548][716]LogModuleManager: Shutting down and abandoning module PakFile (2)
[2018.06.27-19.27.23:559][716]LogExit: Exiting.
[2018.06.27-19.27.23:582][716]Log file closed, 06/27/18 16:27:23
